{"total": {"lines":{"total":6265,"covered":3662,"skipped":0,"pct":58.45},"statements":{"total":7171,"covered":3983,"skipped":0,"pct":55.54},"functions":{"total":1367,"covered":696,"skipped":0,"pct":50.91},"branches":{"total":4523,"covered":2158,"skipped":0,"pct":47.71},"branchesTrue":{"total":0,"covered":0,"skipped":0,"pct":100}}
,"/home/runner/work/markup/markup/src/app/AppShell.tsx": {"lines":{"total":28,"covered":0,"skipped":0,"pct":0},"functions":{"total":9,"covered":0,"skipped":0,"pct":0},"statements":{"total":34,"covered":0,"skipped":0,"pct":0},"branches":{"total":38,"covered":0,"skipped":0,"pct":0}}
,"/home/runner/work/markup/markup/src/app/ClientRoot.tsx": {"lines":{"total":2,"covered":0,"skipped":0,"pct":0},"functions":{"total":1,"covered":0,"skipped":0,"pct":0},"statements":{"total":2,"covered":0,"skipped":0,"pct":0},"branches":{"total":0,"covered":0,"skipped":0,"pct":100}}
,"/home/runner/work/markup/markup/src/app/(app)/AllProjectsPage.tsx": {"lines":{"total":34,"covered":0,"skipped":0,"pct":0},"functions":{"total":13,"covered":0,"skipped":0,"pct":0},"statements":{"total":36,"covered":0,"skipped":0,"pct":0},"branches":{"total":15,"covered":0,"skipped":0,"pct":0}}
,"/home/runner/work/markup/markup/src/app/(app)/page.tsx": {"lines":{"total":25,"covered":0,"skipped":0,"pct":0},"functions":{"total":7,"covered":0,"skipped":0,"pct":0},"statements":{"total":29,"covered":0,"skipped":0,"pct":0},"branches":{"total":10,"covered":0,"skipped":0,"pct":0}}
,"/home/runner/work/markup/markup/src/app/(app)/annotations/[id]/ReadOnlyAnnotation.tsx": {"lines":{"total":32,"covered":0,"skipped":0,"pct":0},"functions":{"total":7,"covered":0,"skipped":0,"pct":0},"statements":{"total":35,"covered":0,"skipped":0,"pct":0},"branches":{"total":25,"covered":0,"skipped":0,"pct":0}}
,"/home/runner/work/markup/markup/src/app/(app)/annotations/[id]/page.tsx": {"lines":{"total":33,"covered":0,"skipped":0,"pct":0},"functions":{"total":7,"covered":0,"skipped":0,"pct":0},"statements":{"total":38,"covered":0,"skipped":0,"pct":0},"branches":{"total":26,"covered":0,"skipped":0,"pct":0}}
,"/home/runner/work/markup/markup/src/app/(app)/projects/page.tsx": {"lines":{"total":5,"covered":0,"skipped":0,"pct":0},"functions":{"total":2,"covered":0,"skipped":0,"pct":0},"statements":{"total":5,"covered":0,"skipped":0,"pct":0},"branches":{"total":0,"covered":0,"skipped":0,"pct":100}}
,"/home/runner/work/markup/markup/src/app/(app)/projects/[slug]/page.tsx": {"lines":{"total":35,"covered":0,"skipped":0,"pct":0},"functions":{"total":5,"covered":0,"skipped":0,"pct":0},"statements":{"total":39,"covered":0,"skipped":0,"pct":0},"branches":{"total":20,"covered":0,"skipped":0,"pct":0}}
,"/home/runner/work/markup/markup/src/app/(app)/projects/[slug]/[...path]/page.tsx": {"lines":{"total":41,"covered":0,"skipped":0,"pct":0},"functions":{"total":5,"covered":0,"skipped":0,"pct":0},"statements":{"total":45,"covered":0,"skipped":0,"pct":0},"branches":{"total":26,"covered":0,"skipped":0,"pct":0}}
,"/home/runner/work/markup/markup/src/app/(app)/settings/agents/AgentsClient.tsx": {"lines":{"total":57,"covered":24,"skipped":0,"pct":42.1},"functions":{"total":12,"covered":4,"skipped":0,"pct":33.33},"statements":{"total":66,"covered":25,"skipped":0,"pct":37.87},"branches":{"total":43,"covered":18,"skipped":0,"pct":41.86}}
,"/home/runner/work/markup/markup/src/app/(app)/settings/agents/page.tsx": {"lines":{"total":25,"covered":0,"skipped":0,"pct":0},"functions":{"total":5,"covered":0,"skipped":0,"pct":0},"statements":{"total":27,"covered":0,"skipped":0,"pct":0},"branches":{"total":14,"covered":0,"skipped":0,"pct":0}}
,"/home/runner/work/markup/markup/src/app/(app)/settings/invites/InvitesClient.tsx": {"lines":{"total":155,"covered":0,"skipped":0,"pct":0},"functions":{"total":45,"covered":0,"skipped":0,"pct":0},"statements":{"total":181,"covered":0,"skipped":0,"pct":0},"branches":{"total":152,"covered":0,"skipped":0,"pct":0}}
,"/home/runner/work/markup/markup/src/app/(app)/settings/invites/page.tsx": {"lines":{"total":25,"covered":0,"skipped":0,"pct":0},"functions":{"total":5,"covered":0,"skipped":0,"pct":0},"statements":{"total":27,"covered":0,"skipped":0,"pct":0},"branches":{"total":14,"covered":0,"skipped":0,"pct":0}}
,"/home/runner/work/markup/markup/src/app/api/agent-tokens/route.ts": {"lines":{"total":19,"covered":18,"skipped":0,"pct":94.73},"functions":{"total":3,"covered":2,"skipped":0,"pct":66.66},"statements":{"total":23,"covered":18,"skipped":0,"pct":78.26},"branches":{"total":6,"covered":3,"skipped":0,"pct":50}}
,"/home/runner/work/markup/markup/src/app/api/agent-tokens/[id]/route.ts": {"lines":{"total":9,"covered":9,"skipped":0,"pct":100},"functions":{"total":1,"covered":1,"skipped":0,"pct":100},"statements":{"total":10,"covered":9,"skipped":0,"pct":90},"branches":{"total":2,"covered":1,"skipped":0,"pct":50}}
,"/home/runner/work/markup/markup/src/app/api/agent/context/[annotationId]/route.ts": {"lines":{"total":61,"covered":58,"skipped":0,"pct":95.08},"functions":{"total":7,"covered":7,"skipped":0,"pct":100},"statements":{"total":68,"covered":61,"skipped":0,"pct":89.7},"branches":{"total":53,"covered":34,"skipped":0,"pct":64.15}}
,"/home/runner/work/markup/markup/src/app/api/annotations/[id]/route.ts": {"lines":{"total":48,"covered":13,"skipped":0,"pct":27.08},"functions":{"total":6,"covered":2,"skipped":0,"pct":33.33},"statements":{"total":58,"covered":14,"skipped":0,"pct":24.13},"branches":{"total":26,"covered":4,"skipped":0,"pct":15.38}}
,"/home/runner/work/markup/markup/src/app/api/annotations/[id]/detail/route.ts": {"lines":{"total":29,"covered":0,"skipped":0,"pct":0},"functions":{"total":3,"covered":0,"skipped":0,"pct":0},"statements":{"total":30,"covered":0,"skipped":0,"pct":0},"branches":{"total":14,"covered":0,"skipped":0,"pct":0}}
,"/home/runner/work/markup/markup/src/app/api/annotations/[id]/region/route.ts": {"lines":{"total":24,"covered":23,"skipped":0,"pct":95.83},"functions":{"total":1,"covered":1,"skipped":0,"pct":100},"statements":{"total":27,"covered":25,"skipped":0,"pct":92.59},"branches":{"total":16,"covered":13,"skipped":0,"pct":81.25}}
,"/home/runner/work/markup/markup/src/app/api/annotations/[id]/screenshot/route.ts": {"lines":{"total":10,"covered":10,"skipped":0,"pct":100},"functions":{"total":1,"covered":1,"skipped":0,"pct":100},"statements":{"total":13,"covered":11,"skipped":0,"pct":84.61},"branches":{"total":6,"covered":4,"skipped":0,"pct":66.66}}
,"/home/runner/work/markup/markup/src/app/api/annotations/[id]/tldraw/route.ts": {"lines":{"total":16,"covered":0,"skipped":0,"pct":0},"functions":{"total":1,"covered":0,"skipped":0,"pct":0},"statements":{"total":20,"covered":0,"skipped":0,"pct":0},"branches":{"total":12,"covered":0,"skipped":0,"pct":0}}
,"/home/runner/work/markup/markup/src/app/api/auth/login/route.ts": {"lines":{"total":20,"covered":18,"skipped":0,"pct":90},"functions":{"total":2,"covered":1,"skipped":0,"pct":50},"statements":{"total":23,"covered":18,"skipped":0,"pct":78.26},"branches":{"total":10,"covered":7,"skipped":0,"pct":70}}
,"/home/runner/work/markup/markup/src/app/api/auth/logout/route.ts": {"lines":{"total":8,"covered":8,"skipped":0,"pct":100},"functions":{"total":1,"covered":1,"skipped":0,"pct":100},"statements":{"total":10,"covered":9,"skipped":0,"pct":90},"branches":{"total":4,"covered":2,"skipped":0,"pct":50}}
,"/home/runner/work/markup/markup/src/app/api/auth/me/route.ts": {"lines":{"total":12,"covered":11,"skipped":0,"pct":91.66},"functions":{"total":2,"covered":2,"skipped":0,"pct":100},"statements":{"total":13,"covered":12,"skipped":0,"pct":92.3},"branches":{"total":6,"covered":4,"skipped":0,"pct":66.66}}
,"/home/runner/work/markup/markup/src/app/api/auth/setup/route.ts": {"lines":{"total":22,"covered":22,"skipped":0,"pct":100},"functions":{"total":1,"covered":1,"skipped":0,"pct":100},"statements":{"total":23,"covered":22,"skipped":0,"pct":95.65},"branches":{"total":6,"covered":5,"skipped":0,"pct":83.33}}
,"/home/runner/work/markup/markup/src/app/api/auth/setup-status/route.ts": {"lines":{"total":3,"covered":3,"skipped":0,"pct":100},"functions":{"total":1,"covered":1,"skipped":0,"pct":100},"statements":{"total":3,"covered":3,"skipped":0,"pct":100},"branches":{"total":0,"covered":0,"skipped":0,"pct":100}}
,"/home/runner/work/markup/markup/src/app/api/folders/[id]/route.ts": {"lines":{"total":37,"covered":35,"skipped":0,"pct":94.59},"functions":{"total":5,"covered":4,"skipped":0,"pct":80},"statements":{"total":47,"covered":36,"skipped":0,"pct":76.59},"branches":{"total":24,"covered":12,"skipped":0,"pct":50}}
,"/home/runner/work/markup/markup/src/app/api/folders/[id]/move/route.ts": {"lines":{"total":16,"covered":16,"skipped":0,"pct":100},"functions":{"total":2,"covered":1,"skipped":0,"pct":50},"statements":{"total":20,"covered":16,"skipped":0,"pct":80},"branches":{"total":12,"covered":8,"skipped":0,"pct":66.66}}
,"/home/runner/work/markup/markup/src/app/api/health/route.ts": {"lines":{"total":10,"covered":8,"skipped":0,"pct":80},"functions":{"total":2,"covered":2,"skipped":0,"pct":100},"statements":{"total":11,"covered":9,"skipped":0,"pct":81.81},"branches":{"total":4,"covered":2,"skipped":0,"pct":50}}
,"/home/runner/work/markup/markup/src/app/api/home/route.ts": {"lines":{"total":10,"covered":9,"skipped":0,"pct":90},"functions":{"total":1,"covered":1,"skipped":0,"pct":100},"statements":{"total":10,"covered":9,"skipped":0,"pct":90},"branches":{"total":10,"covered":7,"skipped":0,"pct":70}}
,"/home/runner/work/markup/markup/src/app/api/invites/route.ts": {"lines":{"total":20,"covered":19,"skipped":0,"pct":95},"functions":{"total":4,"covered":3,"skipped":0,"pct":75},"statements":{"total":23,"covered":21,"skipped":0,"pct":91.3},"branches":{"total":8,"covered":8,"skipped":0,"pct":100}}
,"/home/runner/work/markup/markup/src/app/api/invites/[id]/route.ts": {"lines":{"total":15,"covered":14,"skipped":0,"pct":93.33},"functions":{"total":1,"covered":1,"skipped":0,"pct":100},"statements":{"total":17,"covered":14,"skipped":0,"pct":82.35},"branches":{"total":6,"covered":4,"skipped":0,"pct":66.66}}
,"/home/runner/work/markup/markup/src/app/api/invites/[id]/redeem/route.ts": {"lines":{"total":54,"covered":48,"skipped":0,"pct":88.88},"functions":{"total":7,"covered":4,"skipped":0,"pct":57.14},"statements":{"total":57,"covered":48,"skipped":0,"pct":84.21},"branches":{"total":30,"covered":25,"skipped":0,"pct":83.33}}
,"/home/runner/work/markup/markup/src/app/api/invites/[id]/state/route.ts": {"lines":{"total":9,"covered":9,"skipped":0,"pct":100},"functions":{"total":1,"covered":1,"skipped":0,"pct":100},"statements":{"total":9,"covered":9,"skipped":0,"pct":100},"branches":{"total":4,"covered":4,"skipped":0,"pct":100}}
,"/home/runner/work/markup/markup/src/app/api/invites/history/route.ts": {"lines":{"total":9,"covered":8,"skipped":0,"pct":88.88},"functions":{"total":1,"covered":1,"skipped":0,"pct":100},"statements":{"total":10,"covered":8,"skipped":0,"pct":80},"branches":{"total":2,"covered":1,"skipped":0,"pct":50}}
,"/home/runner/work/markup/markup/src/app/api/invites/revoke-all/route.ts": {"lines":{"total":9,"covered":8,"skipped":0,"pct":88.88},"functions":{"total":1,"covered":1,"skipped":0,"pct":100},"statements":{"total":10,"covered":8,"skipped":0,"pct":80},"branches":{"total":2,"covered":1,"skipped":0,"pct":50}}
,"/home/runner/work/markup/markup/src/app/api/messages/[id]/route.ts": {"lines":{"total":35,"covered":0,"skipped":0,"pct":0},"functions":{"total":3,"covered":0,"skipped":0,"pct":0},"statements":{"total":41,"covered":0,"skipped":0,"pct":0},"branches":{"total":22,"covered":0,"skipped":0,"pct":0}}
,"/home/runner/work/markup/markup/src/app/api/messages/[id]/reactions/route.ts": {"lines":{"total":25,"covered":25,"skipped":0,"pct":100},"functions":{"total":2,"covered":1,"skipped":0,"pct":50},"statements":{"total":30,"covered":27,"skipped":0,"pct":90},"branches":{"total":14,"covered":10,"skipped":0,"pct":71.42}}
,"/home/runner/work/markup/markup/src/app/api/mockups/route.ts": {"lines":{"total":68,"covered":58,"skipped":0,"pct":85.29},"functions":{"total":4,"covered":4,"skipped":0,"pct":100},"statements":{"total":72,"covered":59,"skipped":0,"pct":81.94},"branches":{"total":71,"covered":54,"skipped":0,"pct":76.05}}
,"/home/runner/work/markup/markup/src/app/api/mockups/[id]/route.ts": {"lines":{"total":50,"covered":31,"skipped":0,"pct":62},"functions":{"total":4,"covered":2,"skipped":0,"pct":50},"statements":{"total":62,"covered":32,"skipped":0,"pct":51.61},"branches":{"total":59,"covered":21,"skipped":0,"pct":35.59}}
,"/home/runner/work/markup/markup/src/app/api/mockups/[id]/annotations/route.ts": {"lines":{"total":28,"covered":20,"skipped":0,"pct":71.42},"functions":{"total":4,"covered":1,"skipped":0,"pct":25},"statements":{"total":32,"covered":20,"skipped":0,"pct":62.5},"branches":{"total":20,"covered":8,"skipped":0,"pct":40}}
,"/home/runner/work/markup/markup/src/app/api/mockups/[id]/diff/route.ts": {"lines":{"total":46,"covered":39,"skipped":0,"pct":84.78},"functions":{"total":2,"covered":2,"skipped":0,"pct":100},"statements":{"total":51,"covered":41,"skipped":0,"pct":80.39},"branches":{"total":42,"covered":22,"skipped":0,"pct":52.38}}
,"/home/runner/work/markup/markup/src/app/api/mockups/[id]/diff-versions/route.ts": {"lines":{"total":14,"covered":14,"skipped":0,"pct":100},"functions":{"total":1,"covered":1,"skipped":0,"pct":100},"statements":{"total":15,"covered":15,"skipped":0,"pct":100},"branches":{"total":8,"covered":8,"skipped":0,"pct":100}}
,"/home/runner/work/markup/markup/src/app/api/mockups/[id]/move/route.ts": {"lines":{"total":14,"covered":13,"skipped":0,"pct":92.85},"functions":{"total":2,"covered":1,"skipped":0,"pct":50},"statements":{"total":18,"covered":13,"skipped":0,"pct":72.22},"branches":{"total":8,"covered":4,"skipped":0,"pct":50}}
,"/home/runner/work/markup/markup/src/app/api/mockups/[id]/thumbnail/route.ts": {"lines":{"total":33,"covered":30,"skipped":0,"pct":90.9},"functions":{"total":2,"covered":2,"skipped":0,"pct":100},"statements":{"total":38,"covered":31,"skipped":0,"pct":81.57},"branches":{"total":20,"covered":13,"skipped":0,"pct":65}}
,"/home/runner/work/markup/markup/src/app/api/mockups/[id]/version/route.ts": {"lines":{"total":32,"covered":28,"skipped":0,"pct":87.5},"functions":{"total":1,"covered":1,"skipped":0,"pct":100},"statements":{"total":34,"covered":28,"skipped":0,"pct":82.35},"branches":{"total":21,"covered":13,"skipped":0,"pct":61.9}}
,"/home/runner/work/markup/markup/src/app/api/mockups/[id]/version-patch/route.ts": {"lines":{"total":48,"covered":44,"skipped":0,"pct":91.66},"functions":{"total":3,"covered":2,"skipped":0,"pct":66.66},"statements":{"total":53,"covered":45,"skipped":0,"pct":84.9},"branches":{"total":27,"covered":17,"skipped":0,"pct":62.96}}
,"/home/runner/work/markup/markup/src/app/api/mockups/[id]/versions/route.ts": {"lines":{"total":6,"covered":6,"skipped":0,"pct":100},"functions":{"total":1,"covered":1,"skipped":0,"pct":100},"statements":{"total":7,"covered":6,"skipped":0,"pct":85.71},"branches":{"total":2,"covered":1,"skipped":0,"pct":50}}
,"/home/runner/work/markup/markup/src/app/api/mockups/[id]/versions/[vid]/route.ts": {"lines":{"total":15,"covered":14,"skipped":0,"pct":93.33},"functions":{"total":1,"covered":1,"skipped":0,"pct":100},"statements":{"total":16,"covered":14,"skipped":0,"pct":87.5},"branches":{"total":6,"covered":4,"skipped":0,"pct":66.66}}
,"/home/runner/work/markup/markup/src/app/api/mockups/[id]/versions/[vid]/promote/route.ts": {"lines":{"total":11,"covered":9,"skipped":0,"pct":81.81},"functions":{"total":1,"covered":1,"skipped":0,"pct":100},"statements":{"total":12,"covered":9,"skipped":0,"pct":75},"branches":{"total":2,"covered":1,"skipped":0,"pct":50}}
,"/home/runner/work/markup/markup/src/app/api/mockups/[id]/versions/[vid]/source/route.ts": {"lines":{"total":9,"covered":9,"skipped":0,"pct":100},"functions":{"total":1,"covered":1,"skipped":0,"pct":100},"statements":{"total":10,"covered":10,"skipped":0,"pct":100},"branches":{"total":4,"covered":4,"skipped":0,"pct":100}}
,"/home/runner/work/markup/markup/src/app/api/mockups/[id]/viewer/route.ts": {"lines":{"total":7,"covered":7,"skipped":0,"pct":100},"functions":{"total":1,"covered":1,"skipped":0,"pct":100},"statements":{"total":9,"covered":9,"skipped":0,"pct":100},"branches":{"total":4,"covered":4,"skipped":0,"pct":100}}
,"/home/runner/work/markup/markup/src/app/api/projects/route.ts": {"lines":{"total":18,"covered":17,"skipped":0,"pct":94.44},"functions":{"total":3,"covered":2,"skipped":0,"pct":66.66},"statements":{"total":21,"covered":18,"skipped":0,"pct":85.71},"branches":{"total":10,"covered":8,"skipped":0,"pct":80}}
,"/home/runner/work/markup/markup/src/app/api/projects/[id]/route.ts": {"lines":{"total":36,"covered":34,"skipped":0,"pct":94.44},"functions":{"total":5,"covered":4,"skipped":0,"pct":80},"statements":{"total":45,"covered":38,"skipped":0,"pct":84.44},"branches":{"total":22,"covered":14,"skipped":0,"pct":63.63}}
,"/home/runner/work/markup/markup/src/app/api/projects/[id]/folders/route.ts": {"lines":{"total":19,"covered":16,"skipped":0,"pct":84.21},"functions":{"total":2,"covered":1,"skipped":0,"pct":50},"statements":{"total":21,"covered":16,"skipped":0,"pct":76.19},"branches":{"total":16,"covered":11,"skipped":0,"pct":68.75}}
,"/home/runner/work/markup/markup/src/app/api/projects/[id]/tree/route.ts": {"lines":{"total":7,"covered":7,"skipped":0,"pct":100},"functions":{"total":1,"covered":1,"skipped":0,"pct":100},"statements":{"total":9,"covered":7,"skipped":0,"pct":77.77},"branches":{"total":4,"covered":2,"skipped":0,"pct":50}}
,"/home/runner/work/markup/markup/src/app/api/projects/by-slug/[slug]/resolve/route.ts": {"lines":{"total":36,"covered":0,"skipped":0,"pct":0},"functions":{"total":7,"covered":0,"skipped":0,"pct":0},"statements":{"total":41,"covered":0,"skipped":0,"pct":0},"branches":{"total":22,"covered":0,"skipped":0,"pct":0}}
,"/home/runner/work/markup/markup/src/app/api/projects/by-slug/[slug]/view/route.ts": {"lines":{"total":13,"covered":0,"skipped":0,"pct":0},"functions":{"total":4,"covered":0,"skipped":0,"pct":0},"statements":{"total":15,"covered":0,"skipped":0,"pct":0},"branches":{"total":8,"covered":0,"skipped":0,"pct":0}}
,"/home/runner/work/markup/markup/src/app/api/projects/reorder/route.ts": {"lines":{"total":13,"covered":11,"skipped":0,"pct":84.61},"functions":{"total":2,"covered":1,"skipped":0,"pct":50},"statements":{"total":16,"covered":11,"skipped":0,"pct":68.75},"branches":{"total":6,"covered":3,"skipped":0,"pct":50}}
,"/home/runner/work/markup/markup/src/app/api/search/route.ts": {"lines":{"total":12,"covered":12,"skipped":0,"pct":100},"functions":{"total":1,"covered":1,"skipped":0,"pct":100},"statements":{"total":13,"covered":13,"skipped":0,"pct":100},"branches":{"total":8,"covered":8,"skipped":0,"pct":100}}
,"/home/runner/work/markup/markup/src/app/api/shell/route.ts": {"lines":{"total":47,"covered":36,"skipped":0,"pct":76.59},"functions":{"total":7,"covered":6,"skipped":0,"pct":85.71},"statements":{"total":56,"covered":42,"skipped":0,"pct":75},"branches":{"total":28,"covered":18,"skipped":0,"pct":64.28}}
,"/home/runner/work/markup/markup/src/app/api/threads/[id]/route.ts": {"lines":{"total":7,"covered":0,"skipped":0,"pct":0},"functions":{"total":1,"covered":0,"skipped":0,"pct":0},"statements":{"total":9,"covered":0,"skipped":0,"pct":0},"branches":{"total":4,"covered":0,"skipped":0,"pct":0}}
,"/home/runner/work/markup/markup/src/app/api/threads/[id]/reopen/route.ts": {"lines":{"total":2,"covered":2,"skipped":0,"pct":100},"functions":{"total":1,"covered":1,"skipped":0,"pct":100},"statements":{"total":2,"covered":2,"skipped":0,"pct":100},"branches":{"total":0,"covered":0,"skipped":0,"pct":100}}
,"/home/runner/work/markup/markup/src/app/api/threads/[id]/reply/route.ts": {"lines":{"total":11,"covered":11,"skipped":0,"pct":100},"functions":{"total":2,"covered":1,"skipped":0,"pct":50},"statements":{"total":15,"covered":11,"skipped":0,"pct":73.33},"branches":{"total":8,"covered":4,"skipped":0,"pct":50}}
,"/home/runner/work/markup/markup/src/app/api/threads/[id]/resolve/route.ts": {"lines":{"total":2,"covered":2,"skipped":0,"pct":100},"functions":{"total":1,"covered":1,"skipped":0,"pct":100},"statements":{"total":2,"covered":2,"skipped":0,"pct":100},"branches":{"total":0,"covered":0,"skipped":0,"pct":100}}
,"/home/runner/work/markup/markup/src/app/api/version/route.ts": {"lines":{"total":2,"covered":2,"skipped":0,"pct":100},"functions":{"total":1,"covered":1,"skipped":0,"pct":100},"statements":{"total":2,"covered":2,"skipped":0,"pct":100},"branches":{"total":0,"covered":0,"skipped":0,"pct":100}}
,"/home/runner/work/markup/markup/src/app/invite/[token]/page.tsx": {"lines":{"total":87,"covered":0,"skipped":0,"pct":0},"functions":{"total":9,"covered":0,"skipped":0,"pct":0},"statements":{"total":94,"covered":0,"skipped":0,"pct":0},"branches":{"total":44,"covered":0,"skipped":0,"pct":0}}
,"/home/runner/work/markup/markup/src/app/login/Form.tsx": {"lines":{"total":36,"covered":0,"skipped":0,"pct":0},"functions":{"total":10,"covered":0,"skipped":0,"pct":0},"statements":{"total":38,"covered":0,"skipped":0,"pct":0},"branches":{"total":28,"covered":0,"skipped":0,"pct":0}}
,"/home/runner/work/markup/markup/src/app/login/page.tsx": {"lines":{"total":23,"covered":0,"skipped":0,"pct":0},"functions":{"total":5,"covered":0,"skipped":0,"pct":0},"statements":{"total":26,"covered":0,"skipped":0,"pct":0},"branches":{"total":8,"covered":0,"skipped":0,"pct":0}}
,"/home/runner/work/markup/markup/src/app/m/[mockupId]/[[...path]]/route.ts": {"lines":{"total":28,"covered":27,"skipped":0,"pct":96.42},"functions":{"total":2,"covered":2,"skipped":0,"pct":100},"statements":{"total":29,"covered":28,"skipped":0,"pct":96.55},"branches":{"total":18,"covered":15,"skipped":0,"pct":83.33}}
,"/home/runner/work/markup/markup/src/app/mockups/MockupCard.tsx": {"lines":{"total":24,"covered":0,"skipped":0,"pct":0},"functions":{"total":6,"covered":0,"skipped":0,"pct":0},"statements":{"total":30,"covered":0,"skipped":0,"pct":0},"branches":{"total":18,"covered":0,"skipped":0,"pct":0}}
,"/home/runner/work/markup/markup/src/app/mockups/page.tsx": {"lines":{"total":5,"covered":0,"skipped":0,"pct":0},"functions":{"total":2,"covered":0,"skipped":0,"pct":0},"statements":{"total":5,"covered":0,"skipped":0,"pct":0},"branches":{"total":0,"covered":0,"skipped":0,"pct":100}}
,"/home/runner/work/markup/markup/src/app/mockups/[id]/diff/DiffViewer.tsx": {"lines":{"total":33,"covered":0,"skipped":0,"pct":0},"functions":{"total":11,"covered":0,"skipped":0,"pct":0},"statements":{"total":38,"covered":0,"skipped":0,"pct":0},"branches":{"total":54,"covered":0,"skipped":0,"pct":0}}
,"/home/runner/work/markup/markup/src/app/mockups/[id]/diff/page.tsx": {"lines":{"total":37,"covered":0,"skipped":0,"pct":0},"functions":{"total":5,"covered":0,"skipped":0,"pct":0},"statements":{"total":43,"covered":0,"skipped":0,"pct":0},"branches":{"total":24,"covered":0,"skipped":0,"pct":0}}
,"/home/runner/work/markup/markup/src/app/projects/ProjectSidebar.tsx": {"lines":{"total":89,"covered":35,"skipped":0,"pct":39.32},"functions":{"total":17,"covered":4,"skipped":0,"pct":23.52},"statements":{"total":95,"covered":36,"skipped":0,"pct":37.89},"branches":{"total":62,"covered":11,"skipped":0,"pct":17.74}}
,"/home/runner/work/markup/markup/src/app/projects/[slug]/ProjectContent.tsx": {"lines":{"total":9,"covered":0,"skipped":0,"pct":0},"functions":{"total":4,"covered":0,"skipped":0,"pct":0},"statements":{"total":10,"covered":0,"skipped":0,"pct":0},"branches":{"total":22,"covered":0,"skipped":0,"pct":0}}
,"/home/runner/work/markup/markup/src/app/setup/Form.tsx": {"lines":{"total":41,"covered":0,"skipped":0,"pct":0},"functions":{"total":11,"covered":0,"skipped":0,"pct":0},"statements":{"total":43,"covered":0,"skipped":0,"pct":0},"branches":{"total":30,"covered":0,"skipped":0,"pct":0}}
,"/home/runner/work/markup/markup/src/app/setup/page.tsx": {"lines":{"total":23,"covered":0,"skipped":0,"pct":0},"functions":{"total":5,"covered":0,"skipped":0,"pct":0},"statements":{"total":26,"covered":0,"skipped":0,"pct":0},"branches":{"total":8,"covered":0,"skipped":0,"pct":0}}
,"/home/runner/work/markup/markup/src/components/AlertBanner/AlertBanner.tsx": {"lines":{"total":30,"covered":30,"skipped":0,"pct":100},"functions":{"total":8,"covered":8,"skipped":0,"pct":100},"statements":{"total":30,"covered":30,"skipped":0,"pct":100},"branches":{"total":26,"covered":19,"skipped":0,"pct":73.07}}
,"/home/runner/work/markup/markup/src/components/AlertBanner/index.ts": {"lines":{"total":0,"covered":0,"skipped":0,"pct":0},"functions":{"total":0,"covered":0,"skipped":0,"pct":0},"statements":{"total":0,"covered":0,"skipped":0,"pct":0},"branches":{"total":0,"covered":0,"skipped":0,"pct":0}}
,"/home/runner/work/markup/markup/src/components/AnnotationCanvas/AnnotationCanvas.tsx": {"lines":{"total":14,"covered":0,"skipped":0,"pct":0},"functions":{"total":3,"covered":0,"skipped":0,"pct":0},"statements":{"total":15,"covered":0,"skipped":0,"pct":0},"branches":{"total":8,"covered":0,"skipped":0,"pct":0}}
,"/home/runner/work/markup/markup/src/components/AnnotationCard/AnnotationCard.tsx": {"lines":{"total":45,"covered":17,"skipped":0,"pct":37.77},"functions":{"total":22,"covered":3,"skipped":0,"pct":13.63},"statements":{"total":52,"covered":17,"skipped":0,"pct":32.69},"branches":{"total":43,"covered":30,"skipped":0,"pct":69.76}}
,"/home/runner/work/markup/markup/src/components/AnnotationCard/index.ts": {"lines":{"total":0,"covered":0,"skipped":0,"pct":0},"functions":{"total":0,"covered":0,"skipped":0,"pct":0},"statements":{"total":0,"covered":0,"skipped":0,"pct":0},"branches":{"total":0,"covered":0,"skipped":0,"pct":0}}
,"/home/runner/work/markup/markup/src/components/AnnotationsRail/AnnotationsRail.tsx": {"lines":{"total":73,"covered":28,"skipped":0,"pct":38.35},"functions":{"total":17,"covered":7,"skipped":0,"pct":41.17},"statements":{"total":82,"covered":31,"skipped":0,"pct":37.8},"branches":{"total":67,"covered":27,"skipped":0,"pct":40.29}}
,"/home/runner/work/markup/markup/src/components/AnnotationsRail/index.ts": {"lines":{"total":0,"covered":0,"skipped":0,"pct":0},"functions":{"total":0,"covered":0,"skipped":0,"pct":0},"statements":{"total":0,"covered":0,"skipped":0,"pct":0},"branches":{"total":0,"covered":0,"skipped":0,"pct":0}}
,"/home/runner/work/markup/markup/src/components/AppMain/AppMain.tsx": {"lines":{"total":3,"covered":3,"skipped":0,"pct":100},"functions":{"total":1,"covered":1,"skipped":0,"pct":100},"statements":{"total":3,"covered":3,"skipped":0,"pct":100},"branches":{"total":4,"covered":3,"skipped":0,"pct":75}}
,"/home/runner/work/markup/markup/src/components/Breadcrumbs/Breadcrumbs.tsx": {"lines":{"total":10,"covered":9,"skipped":0,"pct":90},"functions":{"total":3,"covered":2,"skipped":0,"pct":66.66},"statements":{"total":11,"covered":10,"skipped":0,"pct":90.9},"branches":{"total":18,"covered":13,"skipped":0,"pct":72.22}}
,"/home/runner/work/markup/markup/src/components/CanvasToolbar/CanvasToolbar.tsx": {"lines":{"total":54,"covered":13,"skipped":0,"pct":24.07},"functions":{"total":11,"covered":1,"skipped":0,"pct":9.09},"statements":{"total":58,"covered":13,"skipped":0,"pct":22.41},"branches":{"total":38,"covered":12,"skipped":0,"pct":31.57}}
,"/home/runner/work/markup/markup/src/components/CanvasToolbar/ViewportControl.tsx": {"lines":{"total":59,"covered":47,"skipped":0,"pct":79.66},"functions":{"total":25,"covered":21,"skipped":0,"pct":84},"statements":{"total":66,"covered":49,"skipped":0,"pct":74.24},"branches":{"total":60,"covered":31,"skipped":0,"pct":51.66}}
,"/home/runner/work/markup/markup/src/components/CanvasToolbar/index.ts": {"lines":{"total":0,"covered":0,"skipped":0,"pct":0},"functions":{"total":0,"covered":0,"skipped":0,"pct":0},"statements":{"total":0,"covered":0,"skipped":0,"pct":0},"branches":{"total":0,"covered":0,"skipped":0,"pct":0}}
,"/home/runner/work/markup/markup/src/components/CanvasToolbar/zoom.ts": {"lines":{"total":5,"covered":5,"skipped":0,"pct":100},"functions":{"total":2,"covered":2,"skipped":0,"pct":100},"statements":{"total":5,"covered":5,"skipped":0,"pct":100},"branches":{"total":2,"covered":1,"skipped":0,"pct":50}}
,"/home/runner/work/markup/markup/src/components/CommandPalette/CommandPalette.tsx": {"lines":{"total":122,"covered":93,"skipped":0,"pct":76.22},"functions":{"total":34,"covered":24,"skipped":0,"pct":70.58},"statements":{"total":144,"covered":106,"skipped":0,"pct":73.61},"branches":{"total":55,"covered":28,"skipped":0,"pct":50.9}}
,"/home/runner/work/markup/markup/src/components/CommandPalette/filter.ts": {"lines":{"total":10,"covered":10,"skipped":0,"pct":100},"functions":{"total":2,"covered":2,"skipped":0,"pct":100},"statements":{"total":12,"covered":12,"skipped":0,"pct":100},"branches":{"total":8,"covered":8,"skipped":0,"pct":100}}
,"/home/runner/work/markup/markup/src/components/CommandPalette/flatten.ts": {"lines":{"total":14,"covered":14,"skipped":0,"pct":100},"functions":{"total":2,"covered":2,"skipped":0,"pct":100},"statements":{"total":14,"covered":14,"skipped":0,"pct":100},"branches":{"total":0,"covered":0,"skipped":0,"pct":100}}
,"/home/runner/work/markup/markup/src/components/Comment/Comment.tsx": {"lines":{"total":45,"covered":10,"skipped":0,"pct":22.22},"functions":{"total":16,"covered":2,"skipped":0,"pct":12.5},"statements":{"total":47,"covered":10,"skipped":0,"pct":21.27},"branches":{"total":46,"covered":30,"skipped":0,"pct":65.21}}
,"/home/runner/work/markup/markup/src/components/ConfirmDialog/ConfirmDialog.tsx": {"lines":{"total":17,"covered":8,"skipped":0,"pct":47.05},"functions":{"total":8,"covered":1,"skipped":0,"pct":12.5},"statements":{"total":19,"covered":8,"skipped":0,"pct":42.1},"branches":{"total":12,"covered":8,"skipped":0,"pct":66.66}}
,"/home/runner/work/markup/markup/src/components/ConfirmDialog/index.ts": {"lines":{"total":0,"covered":0,"skipped":0,"pct":0},"functions":{"total":0,"covered":0,"skipped":0,"pct":0},"statements":{"total":0,"covered":0,"skipped":0,"pct":0},"branches":{"total":0,"covered":0,"skipped":0,"pct":0}}
,"/home/runner/work/markup/markup/src/components/CopyButton/CopyButton.tsx": {"lines":{"total":6,"covered":6,"skipped":0,"pct":100},"functions":{"total":2,"covered":2,"skipped":0,"pct":100},"statements":{"total":6,"covered":6,"skipped":0,"pct":100},"branches":{"total":26,"covered":19,"skipped":0,"pct":73.07}}
,"/home/runner/work/markup/markup/src/components/CopyButton/index.ts": {"lines":{"total":0,"covered":0,"skipped":0,"pct":0},"functions":{"total":0,"covered":0,"skipped":0,"pct":0},"statements":{"total":0,"covered":0,"skipped":0,"pct":0},"branches":{"total":0,"covered":0,"skipped":0,"pct":0}}
,"/home/runner/work/markup/markup/src/components/CopyButton/useCopy.ts": {"lines":{"total":17,"covered":13,"skipped":0,"pct":76.47},"functions":{"total":4,"covered":2,"skipped":0,"pct":50},"statements":{"total":19,"covered":13,"skipped":0,"pct":68.42},"branches":{"total":9,"covered":8,"skipped":0,"pct":88.88}}
,"/home/runner/work/markup/markup/src/components/Dialog/RadixDialog.tsx": {"lines":{"total":18,"covered":18,"skipped":0,"pct":100},"functions":{"total":4,"covered":4,"skipped":0,"pct":100},"statements":{"total":18,"covered":18,"skipped":0,"pct":100},"branches":{"total":5,"covered":5,"skipped":0,"pct":100}}
,"/home/runner/work/markup/markup/src/components/DraftCard/DraftCard.tsx": {"lines":{"total":46,"covered":34,"skipped":0,"pct":73.91},"functions":{"total":11,"covered":8,"skipped":0,"pct":72.72},"statements":{"total":53,"covered":38,"skipped":0,"pct":71.69},"branches":{"total":54,"covered":38,"skipped":0,"pct":70.37}}
,"/home/runner/work/markup/markup/src/components/DraftCard/index.ts": {"lines":{"total":0,"covered":0,"skipped":0,"pct":0},"functions":{"total":0,"covered":0,"skipped":0,"pct":0},"statements":{"total":0,"covered":0,"skipped":0,"pct":0},"branches":{"total":0,"covered":0,"skipped":0,"pct":0}}
,"/home/runner/work/markup/markup/src/components/DropOverlay/DropOverlay.tsx": {"lines":{"total":8,"covered":8,"skipped":0,"pct":100},"functions":{"total":2,"covered":2,"skipped":0,"pct":100},"statements":{"total":9,"covered":9,"skipped":0,"pct":100},"branches":{"total":4,"covered":4,"skipped":0,"pct":100}}
,"/home/runner/work/markup/markup/src/components/DropOverlay/index.ts": {"lines":{"total":0,"covered":0,"skipped":0,"pct":0},"functions":{"total":0,"covered":0,"skipped":0,"pct":0},"statements":{"total":0,"covered":0,"skipped":0,"pct":0},"branches":{"total":0,"covered":0,"skipped":0,"pct":0}}
,"/home/runner/work/markup/markup/src/components/EmojiPicker/EmojiPicker.tsx": {"lines":{"total":7,"covered":5,"skipped":0,"pct":71.42},"functions":{"total":3,"covered":2,"skipped":0,"pct":66.66},"statements":{"total":7,"covered":5,"skipped":0,"pct":71.42},"branches":{"total":1,"covered":1,"skipped":0,"pct":100}}
,"/home/runner/work/markup/markup/src/components/EmptyState/UploadEmptyState.tsx": {"lines":{"total":34,"covered":34,"skipped":0,"pct":100},"functions":{"total":7,"covered":7,"skipped":0,"pct":100},"statements":{"total":38,"covered":36,"skipped":0,"pct":94.73},"branches":{"total":21,"covered":17,"skipped":0,"pct":80.95}}
,"/home/runner/work/markup/markup/src/components/ErrorState/ErrorState.tsx": {"lines":{"total":2,"covered":0,"skipped":0,"pct":0},"functions":{"total":1,"covered":0,"skipped":0,"pct":0},"statements":{"total":2,"covered":0,"skipped":0,"pct":0},"branches":{"total":2,"covered":0,"skipped":0,"pct":0}}
,"/home/runner/work/markup/markup/src/components/FadeIn/FadeIn.tsx": {"lines":{"total":2,"covered":0,"skipped":0,"pct":0},"functions":{"total":1,"covered":0,"skipped":0,"pct":0},"statements":{"total":2,"covered":0,"skipped":0,"pct":0},"branches":{"total":3,"covered":0,"skipped":0,"pct":0}}
,"/home/runner/work/markup/markup/src/components/FadeIn/index.ts": {"lines":{"total":0,"covered":0,"skipped":0,"pct":0},"functions":{"total":0,"covered":0,"skipped":0,"pct":0},"statements":{"total":0,"covered":0,"skipped":0,"pct":0},"branches":{"total":0,"covered":0,"skipped":0,"pct":0}}
,"/home/runner/work/markup/markup/src/components/FolderCard/FolderCard.tsx": {"lines":{"total":1,"covered":0,"skipped":0,"pct":0},"functions":{"total":1,"covered":0,"skipped":0,"pct":0},"statements":{"total":1,"covered":0,"skipped":0,"pct":0},"branches":{"total":2,"covered":0,"skipped":0,"pct":0}}
,"/home/runner/work/markup/markup/src/components/FolderHeader/FolderHeader.tsx": {"lines":{"total":6,"covered":4,"skipped":0,"pct":66.66},"functions":{"total":2,"covered":2,"skipped":0,"pct":100},"statements":{"total":8,"covered":5,"skipped":0,"pct":62.5},"branches":{"total":8,"covered":6,"skipped":0,"pct":75}}
,"/home/runner/work/markup/markup/src/components/FolderPicker/FolderPicker.tsx": {"lines":{"total":31,"covered":31,"skipped":0,"pct":100},"functions":{"total":13,"covered":13,"skipped":0,"pct":100},"statements":{"total":35,"covered":35,"skipped":0,"pct":100},"branches":{"total":24,"covered":23,"skipped":0,"pct":95.83}}
,"/home/runner/work/markup/markup/src/components/FolderPicker/index.ts": {"lines":{"total":0,"covered":0,"skipped":0,"pct":0},"functions":{"total":0,"covered":0,"skipped":0,"pct":0},"statements":{"total":0,"covered":0,"skipped":0,"pct":0},"branches":{"total":0,"covered":0,"skipped":0,"pct":0}}
,"/home/runner/work/markup/markup/src/components/HistoricBanner/HistoricBanner.tsx": {"lines":{"total":2,"covered":2,"skipped":0,"pct":100},"functions":{"total":1,"covered":1,"skipped":0,"pct":100},"statements":{"total":2,"covered":2,"skipped":0,"pct":100},"branches":{"total":0,"covered":0,"skipped":0,"pct":100}}
,"/home/runner/work/markup/markup/src/components/HistoricBanner/index.ts": {"lines":{"total":0,"covered":0,"skipped":0,"pct":0},"functions":{"total":0,"covered":0,"skipped":0,"pct":0},"statements":{"total":0,"covered":0,"skipped":0,"pct":0},"branches":{"total":0,"covered":0,"skipped":0,"pct":0}}
,"/home/runner/work/markup/markup/src/components/HomeHero/HomeHero.tsx": {"lines":{"total":11,"covered":0,"skipped":0,"pct":0},"functions":{"total":3,"covered":0,"skipped":0,"pct":0},"statements":{"total":13,"covered":0,"skipped":0,"pct":0},"branches":{"total":8,"covered":0,"skipped":0,"pct":0}}
,"/home/runner/work/markup/markup/src/components/HomeOrphans/HomeOrphans.tsx": {"lines":{"total":4,"covered":0,"skipped":0,"pct":0},"functions":{"total":2,"covered":0,"skipped":0,"pct":0},"statements":{"total":5,"covered":0,"skipped":0,"pct":0},"branches":{"total":4,"covered":0,"skipped":0,"pct":0}}
,"/home/runner/work/markup/markup/src/components/HomeProjects/HomeProjects.tsx": {"lines":{"total":8,"covered":0,"skipped":0,"pct":0},"functions":{"total":6,"covered":0,"skipped":0,"pct":0},"statements":{"total":8,"covered":0,"skipped":0,"pct":0},"branches":{"total":4,"covered":0,"skipped":0,"pct":0}}
,"/home/runner/work/markup/markup/src/components/HomeRecents/HomeRecents.tsx": {"lines":{"total":4,"covered":0,"skipped":0,"pct":0},"functions":{"total":2,"covered":0,"skipped":0,"pct":0},"statements":{"total":5,"covered":0,"skipped":0,"pct":0},"branches":{"total":4,"covered":0,"skipped":0,"pct":0}}
,"/home/runner/work/markup/markup/src/components/IconPicker/IconPicker.tsx": {"lines":{"total":14,"covered":10,"skipped":0,"pct":71.42},"functions":{"total":7,"covered":4,"skipped":0,"pct":57.14},"statements":{"total":14,"covered":10,"skipped":0,"pct":71.42},"branches":{"total":10,"covered":8,"skipped":0,"pct":80}}
,"/home/runner/work/markup/markup/src/components/IconPicker/icons.ts": {"lines":{"total":14,"covered":12,"skipped":0,"pct":85.71},"functions":{"total":3,"covered":3,"skipped":0,"pct":100},"statements":{"total":19,"covered":16,"skipped":0,"pct":84.21},"branches":{"total":10,"covered":6,"skipped":0,"pct":60}}
,"/home/runner/work/markup/markup/src/components/InputField/InputField.tsx": {"lines":{"total":15,"covered":15,"skipped":0,"pct":100},"functions":{"total":4,"covered":4,"skipped":0,"pct":100},"statements":{"total":15,"covered":15,"skipped":0,"pct":100},"branches":{"total":4,"covered":4,"skipped":0,"pct":100}}
,"/home/runner/work/markup/markup/src/components/InputField/NameLengthCounter.tsx": {"lines":{"total":5,"covered":3,"skipped":0,"pct":60},"functions":{"total":1,"covered":1,"skipped":0,"pct":100},"statements":{"total":6,"covered":4,"skipped":0,"pct":66.66},"branches":{"total":4,"covered":1,"skipped":0,"pct":25}}
,"/home/runner/work/markup/markup/src/components/InputField/index.ts": {"lines":{"total":0,"covered":0,"skipped":0,"pct":0},"functions":{"total":0,"covered":0,"skipped":0,"pct":0},"statements":{"total":0,"covered":0,"skipped":0,"pct":0},"branches":{"total":0,"covered":0,"skipped":0,"pct":0}}
,"/home/runner/work/markup/markup/src/components/Kbd/Kbd.tsx": {"lines":{"total":15,"covered":15,"skipped":0,"pct":100},"functions":{"total":5,"covered":5,"skipped":0,"pct":100},"statements":{"total":15,"covered":15,"skipped":0,"pct":100},"branches":{"total":10,"covered":10,"skipped":0,"pct":100}}
,"/home/runner/work/markup/markup/src/components/Kbd/keys.ts": {"lines":{"total":12,"covered":12,"skipped":0,"pct":100},"functions":{"total":3,"covered":3,"skipped":0,"pct":100},"statements":{"total":16,"covered":16,"skipped":0,"pct":100},"branches":{"total":18,"covered":11,"skipped":0,"pct":61.11}}
,"/home/runner/work/markup/markup/src/components/LoadingState/LoadingState.tsx": {"lines":{"total":2,"covered":0,"skipped":0,"pct":0},"functions":{"total":1,"covered":0,"skipped":0,"pct":0},"statements":{"total":2,"covered":0,"skipped":0,"pct":0},"branches":{"total":1,"covered":0,"skipped":0,"pct":0}}
,"/home/runner/work/markup/markup/src/components/MockupViewer/AppMainViewer.tsx": {"lines":{"total":135,"covered":57,"skipped":0,"pct":42.22},"functions":{"total":55,"covered":9,"skipped":0,"pct":16.36},"statements":{"total":154,"covered":61,"skipped":0,"pct":39.61},"branches":{"total":87,"covered":30,"skipped":0,"pct":34.48}}
,"/home/runner/work/markup/markup/src/components/MockupViewer/AppMainViewerWired.tsx": {"lines":{"total":67,"covered":22,"skipped":0,"pct":32.83},"functions":{"total":18,"covered":3,"skipped":0,"pct":16.66},"statements":{"total":78,"covered":22,"skipped":0,"pct":28.2},"branches":{"total":35,"covered":2,"skipped":0,"pct":5.71}}
,"/home/runner/work/markup/markup/src/components/MockupViewer/MockupViewerPage.tsx": {"lines":{"total":37,"covered":0,"skipped":0,"pct":0},"functions":{"total":5,"covered":0,"skipped":0,"pct":0},"statements":{"total":40,"covered":0,"skipped":0,"pct":0},"branches":{"total":23,"covered":0,"skipped":0,"pct":0}}
,"/home/runner/work/markup/markup/src/components/MockupViewer/ViewerCanvas.tsx": {"lines":{"total":36,"covered":0,"skipped":0,"pct":0},"functions":{"total":7,"covered":0,"skipped":0,"pct":0},"statements":{"total":42,"covered":0,"skipped":0,"pct":0},"branches":{"total":44,"covered":0,"skipped":0,"pct":0}}
,"/home/runner/work/markup/markup/src/components/MockupViewer/ViewportHandles.tsx": {"lines":{"total":79,"covered":38,"skipped":0,"pct":48.1},"functions":{"total":16,"covered":9,"skipped":0,"pct":56.25},"statements":{"total":94,"covered":44,"skipped":0,"pct":46.8},"branches":{"total":63,"covered":32,"skipped":0,"pct":50.79}}
,"/home/runner/work/markup/markup/src/components/MockupViewer/draft-types.ts": {"lines":{"total":12,"covered":11,"skipped":0,"pct":91.66},"functions":{"total":3,"covered":3,"skipped":0,"pct":100},"statements":{"total":16,"covered":15,"skipped":0,"pct":93.75},"branches":{"total":8,"covered":7,"skipped":0,"pct":87.5}}
,"/home/runner/work/markup/markup/src/components/MockupViewer/useAppMainAnnotations.ts": {"lines":{"total":82,"covered":17,"skipped":0,"pct":20.73},"functions":{"total":34,"covered":3,"skipped":0,"pct":8.82},"statements":{"total":104,"covered":19,"skipped":0,"pct":18.26},"branches":{"total":50,"covered":1,"skipped":0,"pct":2}}
,"/home/runner/work/markup/markup/src/components/MockupViewer/useInvalidViewingVidNotifier.ts": {"lines":{"total":9,"covered":9,"skipped":0,"pct":100},"functions":{"total":2,"covered":2,"skipped":0,"pct":100},"statements":{"total":10,"covered":9,"skipped":0,"pct":90},"branches":{"total":6,"covered":5,"skipped":0,"pct":83.33}}
,"/home/runner/work/markup/markup/src/components/MockupViewer/useViewerCanvas.ts": {"lines":{"total":49,"covered":0,"skipped":0,"pct":0},"functions":{"total":8,"covered":0,"skipped":0,"pct":0},"statements":{"total":58,"covered":0,"skipped":0,"pct":0},"branches":{"total":26,"covered":0,"skipped":0,"pct":0}}
,"/home/runner/work/markup/markup/src/components/MockupViewer/useViewerFullscreen.ts": {"lines":{"total":13,"covered":0,"skipped":0,"pct":0},"functions":{"total":5,"covered":0,"skipped":0,"pct":0},"statements":{"total":16,"covered":0,"skipped":0,"pct":0},"branches":{"total":4,"covered":0,"skipped":0,"pct":0}}
,"/home/runner/work/markup/markup/src/components/MockupViewer/useViewport.ts": {"lines":{"total":26,"covered":25,"skipped":0,"pct":96.15},"functions":{"total":7,"covered":7,"skipped":0,"pct":100},"statements":{"total":30,"covered":29,"skipped":0,"pct":96.66},"branches":{"total":11,"covered":11,"skipped":0,"pct":100}}
,"/home/runner/work/markup/markup/src/components/MockupViewer/viewport-presets.ts": {"lines":{"total":4,"covered":4,"skipped":0,"pct":100},"functions":{"total":0,"covered":0,"skipped":0,"pct":100},"statements":{"total":4,"covered":4,"skipped":0,"pct":100},"branches":{"total":0,"covered":0,"skipped":0,"pct":100}}
,"/home/runner/work/markup/markup/src/components/NewMockupDialog/FileChip.tsx": {"lines":{"total":18,"covered":17,"skipped":0,"pct":94.44},"functions":{"total":5,"covered":5,"skipped":0,"pct":100},"statements":{"total":23,"covered":22,"skipped":0,"pct":95.65},"branches":{"total":18,"covered":17,"skipped":0,"pct":94.44}}
,"/home/runner/work/markup/markup/src/components/NewMockupDialog/NewMockupDialog.tsx": {"lines":{"total":121,"covered":102,"skipped":0,"pct":84.29},"functions":{"total":22,"covered":18,"skipped":0,"pct":81.81},"statements":{"total":145,"covered":117,"skipped":0,"pct":80.68},"branches":{"total":136,"covered":96,"skipped":0,"pct":70.58}}
,"/home/runner/work/markup/markup/src/components/NewMockupDialog/NewMockupDialogProvider.tsx": {"lines":{"total":59,"covered":46,"skipped":0,"pct":77.96},"functions":{"total":9,"covered":9,"skipped":0,"pct":100},"statements":{"total":64,"covered":49,"skipped":0,"pct":76.56},"branches":{"total":27,"covered":17,"skipped":0,"pct":62.96}}
,"/home/runner/work/markup/markup/src/components/NewMockupDialog/PreviewBox.tsx": {"lines":{"total":9,"covered":9,"skipped":0,"pct":100},"functions":{"total":3,"covered":3,"skipped":0,"pct":100},"statements":{"total":12,"covered":12,"skipped":0,"pct":100},"branches":{"total":20,"covered":20,"skipped":0,"pct":100}}
,"/home/runner/work/markup/markup/src/components/NewMockupDialog/ReplaceToggle.tsx": {"lines":{"total":8,"covered":8,"skipped":0,"pct":100},"functions":{"total":5,"covered":5,"skipped":0,"pct":100},"statements":{"total":8,"covered":8,"skipped":0,"pct":100},"branches":{"total":2,"covered":2,"skipped":0,"pct":100}}
,"/home/runner/work/markup/markup/src/components/NewMockupDialog/index.ts": {"lines":{"total":0,"covered":0,"skipped":0,"pct":0},"functions":{"total":0,"covered":0,"skipped":0,"pct":0},"statements":{"total":0,"covered":0,"skipped":0,"pct":0},"branches":{"total":0,"covered":0,"skipped":0,"pct":0}}
,"/home/runner/work/markup/markup/src/components/NewMockupDialog/useFilePreview.ts": {"lines":{"total":59,"covered":59,"skipped":0,"pct":100},"functions":{"total":9,"covered":9,"skipped":0,"pct":100},"statements":{"total":64,"covered":60,"skipped":0,"pct":93.75},"branches":{"total":20,"covered":15,"skipped":0,"pct":75}}
,"/home/runner/work/markup/markup/src/components/NewMockupDialog/useFolders.ts": {"lines":{"total":37,"covered":33,"skipped":0,"pct":89.18},"functions":{"total":7,"covered":6,"skipped":0,"pct":85.71},"statements":{"total":40,"covered":35,"skipped":0,"pct":87.5},"branches":{"total":21,"covered":17,"skipped":0,"pct":80.95}}
,"/home/runner/work/markup/markup/src/components/NewMockupDialog/useUploadMockup.ts": {"lines":{"total":103,"covered":97,"skipped":0,"pct":94.17},"functions":{"total":16,"covered":15,"skipped":0,"pct":93.75},"statements":{"total":113,"covered":101,"skipped":0,"pct":89.38},"branches":{"total":101,"covered":80,"skipped":0,"pct":79.2}}
,"/home/runner/work/markup/markup/src/components/NewProjectDialog/NewProjectDialog.tsx": {"lines":{"total":36,"covered":33,"skipped":0,"pct":91.66},"functions":{"total":8,"covered":7,"skipped":0,"pct":87.5},"statements":{"total":40,"covered":35,"skipped":0,"pct":87.5},"branches":{"total":36,"covered":25,"skipped":0,"pct":69.44}}
,"/home/runner/work/markup/markup/src/components/Pin/Pin.tsx": {"lines":{"total":4,"covered":4,"skipped":0,"pct":100},"functions":{"total":1,"covered":1,"skipped":0,"pct":100},"statements":{"total":4,"covered":4,"skipped":0,"pct":100},"branches":{"total":10,"covered":9,"skipped":0,"pct":90}}
,"/home/runner/work/markup/markup/src/components/PinLayer/PinLayer.tsx": {"lines":{"total":35,"covered":0,"skipped":0,"pct":0},"functions":{"total":12,"covered":0,"skipped":0,"pct":0},"statements":{"total":43,"covered":0,"skipped":0,"pct":0},"branches":{"total":21,"covered":0,"skipped":0,"pct":0}}
,"/home/runner/work/markup/markup/src/components/PinLayer/index.ts": {"lines":{"total":0,"covered":0,"skipped":0,"pct":0},"functions":{"total":0,"covered":0,"skipped":0,"pct":0},"statements":{"total":0,"covered":0,"skipped":0,"pct":0},"branches":{"total":0,"covered":0,"skipped":0,"pct":0}}
,"/home/runner/work/markup/markup/src/components/ProjectCard/ProjectCard.tsx": {"lines":{"total":17,"covered":0,"skipped":0,"pct":0},"functions":{"total":7,"covered":0,"skipped":0,"pct":0},"statements":{"total":20,"covered":0,"skipped":0,"pct":0},"branches":{"total":8,"covered":0,"skipped":0,"pct":0}}
,"/home/runner/work/markup/markup/src/components/ProjectTree/InlineFolderCreate.tsx": {"lines":{"total":34,"covered":1,"skipped":0,"pct":2.94},"functions":{"total":5,"covered":0,"skipped":0,"pct":0},"statements":{"total":35,"covered":1,"skipped":0,"pct":2.85},"branches":{"total":20,"covered":0,"skipped":0,"pct":0}}
,"/home/runner/work/markup/markup/src/components/ProjectTree/ProjectTree.tsx": {"lines":{"total":127,"covered":47,"skipped":0,"pct":37},"functions":{"total":26,"covered":14,"skipped":0,"pct":53.84},"statements":{"total":148,"covered":53,"skipped":0,"pct":35.81},"branches":{"total":104,"covered":18,"skipped":0,"pct":17.3}}
,"/home/runner/work/markup/markup/src/components/ProjectTree/RecentsSection.tsx": {"lines":{"total":27,"covered":3,"skipped":0,"pct":11.11},"functions":{"total":13,"covered":0,"skipped":0,"pct":0},"statements":{"total":35,"covered":3,"skipped":0,"pct":8.57},"branches":{"total":8,"covered":0,"skipped":0,"pct":0}}
,"/home/runner/work/markup/markup/src/components/ProjectTree/SectionHeader.tsx": {"lines":{"total":2,"covered":2,"skipped":0,"pct":100},"functions":{"total":1,"covered":1,"skipped":0,"pct":100},"statements":{"total":2,"covered":2,"skipped":0,"pct":100},"branches":{"total":0,"covered":0,"skipped":0,"pct":100}}
,"/home/runner/work/markup/markup/src/components/ProjectTree/TreeIcons.tsx": {"lines":{"total":13,"covered":11,"skipped":0,"pct":84.61},"functions":{"total":6,"covered":6,"skipped":0,"pct":100},"statements":{"total":15,"covered":12,"skipped":0,"pct":80},"branches":{"total":6,"covered":4,"skipped":0,"pct":66.66}}
,"/home/runner/work/markup/markup/src/components/ProjectTree/TreeNode.tsx": {"lines":{"total":77,"covered":18,"skipped":0,"pct":23.37},"functions":{"total":24,"covered":3,"skipped":0,"pct":12.5},"statements":{"total":85,"covered":21,"skipped":0,"pct":24.7},"branches":{"total":126,"covered":58,"skipped":0,"pct":46.03}}
,"/home/runner/work/markup/markup/src/components/ProjectTree/TreeNodeKebab.tsx": {"lines":{"total":25,"covered":6,"skipped":0,"pct":24},"functions":{"total":8,"covered":1,"skipped":0,"pct":12.5},"statements":{"total":25,"covered":6,"skipped":0,"pct":24},"branches":{"total":13,"covered":9,"skipped":0,"pct":69.23}}
,"/home/runner/work/markup/markup/src/components/ProjectTree/treeFlatten.ts": {"lines":{"total":24,"covered":21,"skipped":0,"pct":87.5},"functions":{"total":2,"covered":2,"skipped":0,"pct":100},"statements":{"total":27,"covered":23,"skipped":0,"pct":85.18},"branches":{"total":9,"covered":8,"skipped":0,"pct":88.88}}
,"/home/runner/work/markup/markup/src/components/ProjectTree/treeHelpers.ts": {"lines":{"total":63,"covered":30,"skipped":0,"pct":47.61},"functions":{"total":15,"covered":6,"skipped":0,"pct":40},"statements":{"total":81,"covered":38,"skipped":0,"pct":46.91},"branches":{"total":42,"covered":18,"skipped":0,"pct":42.85}}
,"/home/runner/work/markup/markup/src/components/ProjectTree/treeTypes.ts": {"lines":{"total":0,"covered":0,"skipped":0,"pct":0},"functions":{"total":0,"covered":0,"skipped":0,"pct":0},"statements":{"total":0,"covered":0,"skipped":0,"pct":0},"branches":{"total":0,"covered":0,"skipped":0,"pct":0}}
,"/home/runner/work/markup/markup/src/components/ProjectTree/useExpandedState.ts": {"lines":{"total":26,"covered":24,"skipped":0,"pct":92.3},"functions":{"total":5,"covered":5,"skipped":0,"pct":100},"statements":{"total":30,"covered":27,"skipped":0,"pct":90},"branches":{"total":16,"covered":12,"skipped":0,"pct":75}}
,"/home/runner/work/markup/markup/src/components/ProjectTree/useTreeDnD.ts": {"lines":{"total":141,"covered":24,"skipped":0,"pct":17.02},"functions":{"total":29,"covered":5,"skipped":0,"pct":17.24},"statements":{"total":166,"covered":26,"skipped":0,"pct":15.66},"branches":{"total":107,"covered":5,"skipped":0,"pct":4.67}}
,"/home/runner/work/markup/markup/src/components/ReactionPill/ReactionPill.tsx": {"lines":{"total":10,"covered":10,"skipped":0,"pct":100},"functions":{"total":2,"covered":2,"skipped":0,"pct":100},"statements":{"total":13,"covered":12,"skipped":0,"pct":92.3},"branches":{"total":10,"covered":9,"skipped":0,"pct":90}}
,"/home/runner/work/markup/markup/src/components/Sidebar/Sidebar.tsx": {"lines":{"total":30,"covered":30,"skipped":0,"pct":100},"functions":{"total":11,"covered":11,"skipped":0,"pct":100},"statements":{"total":36,"covered":36,"skipped":0,"pct":100},"branches":{"total":40,"covered":37,"skipped":0,"pct":92.5}}
,"/home/runner/work/markup/markup/src/components/Skeleton/HomeSkeleton.tsx": {"lines":{"total":18,"covered":2,"skipped":0,"pct":11.11},"functions":{"total":8,"covered":0,"skipped":0,"pct":0},"statements":{"total":22,"covered":2,"skipped":0,"pct":9.09},"branches":{"total":10,"covered":0,"skipped":0,"pct":0}}
,"/home/runner/work/markup/markup/src/components/Skeleton/ProjectSkeleton.tsx": {"lines":{"total":3,"covered":1,"skipped":0,"pct":33.33},"functions":{"total":2,"covered":0,"skipped":0,"pct":0},"statements":{"total":3,"covered":1,"skipped":0,"pct":33.33},"branches":{"total":1,"covered":0,"skipped":0,"pct":0}}
,"/home/runner/work/markup/markup/src/components/Skeleton/SettingsListSkeleton.tsx": {"lines":{"total":3,"covered":1,"skipped":0,"pct":33.33},"functions":{"total":2,"covered":0,"skipped":0,"pct":0},"statements":{"total":3,"covered":1,"skipped":0,"pct":33.33},"branches":{"total":5,"covered":0,"skipped":0,"pct":0}}
,"/home/runner/work/markup/markup/src/components/Skeleton/SidebarTreeSkeleton.tsx": {"lines":{"total":4,"covered":1,"skipped":0,"pct":25},"functions":{"total":3,"covered":0,"skipped":0,"pct":0},"statements":{"total":4,"covered":1,"skipped":0,"pct":25},"branches":{"total":0,"covered":0,"skipped":0,"pct":100}}
,"/home/runner/work/markup/markup/src/components/Skeleton/Skeleton.tsx": {"lines":{"total":5,"covered":2,"skipped":0,"pct":40},"functions":{"total":2,"covered":0,"skipped":0,"pct":0},"statements":{"total":5,"covered":2,"skipped":0,"pct":40},"branches":{"total":9,"covered":0,"skipped":0,"pct":0}}
,"/home/runner/work/markup/markup/src/components/Skeleton/index.ts": {"lines":{"total":0,"covered":0,"skipped":0,"pct":0},"functions":{"total":0,"covered":0,"skipped":0,"pct":0},"statements":{"total":0,"covered":0,"skipped":0,"pct":0},"branches":{"total":0,"covered":0,"skipped":0,"pct":0}}
,"/home/runner/work/markup/markup/src/components/ThreadTimeline/ThreadTimeline.tsx": {"lines":{"total":28,"covered":0,"skipped":0,"pct":0},"functions":{"total":8,"covered":0,"skipped":0,"pct":0},"statements":{"total":34,"covered":0,"skipped":0,"pct":0},"branches":{"total":37,"covered":0,"skipped":0,"pct":0}}
,"/home/runner/work/markup/markup/src/components/Toast/Toast.tsx": {"lines":{"total":1,"covered":0,"skipped":0,"pct":0},"functions":{"total":0,"covered":0,"skipped":0,"pct":100},"statements":{"total":1,"covered":0,"skipped":0,"pct":0},"branches":{"total":0,"covered":0,"skipped":0,"pct":100}}
,"/home/runner/work/markup/markup/src/components/Toast/useToast.ts": {"lines":{"total":22,"covered":18,"skipped":0,"pct":81.81},"functions":{"total":17,"covered":13,"skipped":0,"pct":76.47},"statements":{"total":31,"covered":23,"skipped":0,"pct":74.19},"branches":{"total":9,"covered":3,"skipped":0,"pct":33.33}}
,"/home/runner/work/markup/markup/src/components/Tooltip/TooltipPortal.tsx": {"lines":{"total":76,"covered":0,"skipped":0,"pct":0},"functions":{"total":11,"covered":0,"skipped":0,"pct":0},"statements":{"total":88,"covered":0,"skipped":0,"pct":0},"branches":{"total":36,"covered":0,"skipped":0,"pct":0}}
,"/home/runner/work/markup/markup/src/components/Topbar/Topbar.tsx": {"lines":{"total":25,"covered":15,"skipped":0,"pct":60},"functions":{"total":8,"covered":3,"skipped":0,"pct":37.5},"statements":{"total":27,"covered":16,"skipped":0,"pct":59.25},"branches":{"total":12,"covered":8,"skipped":0,"pct":66.66}}
,"/home/runner/work/markup/markup/src/components/VersionChip/VersionChip.tsx": {"lines":{"total":23,"covered":14,"skipped":0,"pct":60.86},"functions":{"total":11,"covered":6,"skipped":0,"pct":54.54},"statements":{"total":27,"covered":15,"skipped":0,"pct":55.55},"branches":{"total":22,"covered":15,"skipped":0,"pct":68.18}}
,"/home/runner/work/markup/markup/src/components/VersionChip/index.ts": {"lines":{"total":0,"covered":0,"skipped":0,"pct":0},"functions":{"total":0,"covered":0,"skipped":0,"pct":0},"statements":{"total":0,"covered":0,"skipped":0,"pct":0},"branches":{"total":0,"covered":0,"skipped":0,"pct":0}}
,"/home/runner/work/markup/markup/src/hooks/useDebounce.ts": {"lines":{"total":15,"covered":15,"skipped":0,"pct":100},"functions":{"total":6,"covered":6,"skipped":0,"pct":100},"statements":{"total":15,"covered":15,"skipped":0,"pct":100},"branches":{"total":4,"covered":4,"skipped":0,"pct":100}}
,"/home/runner/work/markup/markup/src/hooks/useDraftKeyboard.ts": {"lines":{"total":48,"covered":39,"skipped":0,"pct":81.25},"functions":{"total":7,"covered":6,"skipped":0,"pct":85.71},"statements":{"total":54,"covered":41,"skipped":0,"pct":75.92},"branches":{"total":55,"covered":44,"skipped":0,"pct":80}}
,"/home/runner/work/markup/markup/src/hooks/useDraftPersistence.ts": {"lines":{"total":57,"covered":54,"skipped":0,"pct":94.73},"functions":{"total":13,"covered":13,"skipped":0,"pct":100},"statements":{"total":71,"covered":60,"skipped":0,"pct":84.5},"branches":{"total":32,"covered":23,"skipped":0,"pct":71.87}}
,"/home/runner/work/markup/markup/src/hooks/useDragTarget.ts": {"lines":{"total":70,"covered":66,"skipped":0,"pct":94.28},"functions":{"total":18,"covered":15,"skipped":0,"pct":83.33},"statements":{"total":81,"covered":72,"skipped":0,"pct":88.88},"branches":{"total":28,"covered":21,"skipped":0,"pct":75}}
,"/home/runner/work/markup/markup/src/hooks/useIsMobile.ts": {"lines":{"total":10,"covered":10,"skipped":0,"pct":100},"functions":{"total":4,"covered":4,"skipped":0,"pct":100},"statements":{"total":12,"covered":12,"skipped":0,"pct":100},"branches":{"total":0,"covered":0,"skipped":0,"pct":100}}
,"/home/runner/work/markup/markup/src/lib/avatar.ts": {"lines":{"total":9,"covered":9,"skipped":0,"pct":100},"functions":{"total":1,"covered":1,"skipped":0,"pct":100},"statements":{"total":11,"covered":10,"skipped":0,"pct":90.9},"branches":{"total":10,"covered":7,"skipped":0,"pct":70}}
,"/home/runner/work/markup/markup/src/lib/boot.ts": {"lines":{"total":7,"covered":0,"skipped":0,"pct":0},"functions":{"total":1,"covered":0,"skipped":0,"pct":0},"statements":{"total":8,"covered":0,"skipped":0,"pct":0},"branches":{"total":2,"covered":0,"skipped":0,"pct":0}}
,"/home/runner/work/markup/markup/src/lib/cn.ts": {"lines":{"total":1,"covered":1,"skipped":0,"pct":100},"functions":{"total":1,"covered":1,"skipped":0,"pct":100},"statements":{"total":1,"covered":1,"skipped":0,"pct":100},"branches":{"total":0,"covered":0,"skipped":0,"pct":100}}
,"/home/runner/work/markup/markup/src/lib/csp.ts": {"lines":{"total":1,"covered":1,"skipped":0,"pct":100},"functions":{"total":1,"covered":1,"skipped":0,"pct":100},"statements":{"total":1,"covered":1,"skipped":0,"pct":100},"branches":{"total":0,"covered":0,"skipped":0,"pct":100}}
,"/home/runner/work/markup/markup/src/lib/env.ts": {"lines":{"total":27,"covered":23,"skipped":0,"pct":85.18},"functions":{"total":5,"covered":5,"skipped":0,"pct":100},"statements":{"total":29,"covered":25,"skipped":0,"pct":86.2},"branches":{"total":15,"covered":12,"skipped":0,"pct":80}}
,"/home/runner/work/markup/markup/src/lib/healthcheck.ts": {"lines":{"total":16,"covered":16,"skipped":0,"pct":100},"functions":{"total":3,"covered":3,"skipped":0,"pct":100},"statements":{"total":17,"covered":17,"skipped":0,"pct":100},"branches":{"total":10,"covered":10,"skipped":0,"pct":100}}
,"/home/runner/work/markup/markup/src/lib/logger.ts": {"lines":{"total":1,"covered":1,"skipped":0,"pct":100},"functions":{"total":0,"covered":0,"skipped":0,"pct":100},"statements":{"total":1,"covered":1,"skipped":0,"pct":100},"branches":{"total":2,"covered":1,"skipped":0,"pct":50}}
,"/home/runner/work/markup/markup/src/lib/oklch-sanitize.ts": {"lines":{"total":35,"covered":35,"skipped":0,"pct":100},"functions":{"total":5,"covered":5,"skipped":0,"pct":100},"statements":{"total":40,"covered":37,"skipped":0,"pct":92.5},"branches":{"total":20,"covered":17,"skipped":0,"pct":85}}
,"/home/runner/work/markup/markup/src/lib/prisma.ts": {"lines":{"total":14,"covered":14,"skipped":0,"pct":100},"functions":{"total":2,"covered":2,"skipped":0,"pct":100},"statements":{"total":15,"covered":15,"skipped":0,"pct":100},"branches":{"total":10,"covered":6,"skipped":0,"pct":60}}
,"/home/runner/work/markup/markup/src/lib/rate-limit.ts": {"lines":{"total":25,"covered":25,"skipped":0,"pct":100},"functions":{"total":4,"covered":4,"skipped":0,"pct":100},"statements":{"total":27,"covered":26,"skipped":0,"pct":96.29},"branches":{"total":10,"covered":9,"skipped":0,"pct":90}}
,"/home/runner/work/markup/markup/src/lib/relative-time.ts": {"lines":{"total":10,"covered":10,"skipped":0,"pct":100},"functions":{"total":1,"covered":1,"skipped":0,"pct":100},"statements":{"total":14,"covered":14,"skipped":0,"pct":100},"branches":{"total":9,"covered":9,"skipped":0,"pct":100}}
,"/home/runner/work/markup/markup/src/lib/anchoring/click.ts": {"lines":{"total":34,"covered":30,"skipped":0,"pct":88.23},"functions":{"total":1,"covered":1,"skipped":0,"pct":100},"statements":{"total":36,"covered":31,"skipped":0,"pct":86.11},"branches":{"total":36,"covered":26,"skipped":0,"pct":72.22}}
,"/home/runner/work/markup/markup/src/lib/anchoring/index.ts": {"lines":{"total":0,"covered":0,"skipped":0,"pct":0},"functions":{"total":0,"covered":0,"skipped":0,"pct":0},"statements":{"total":0,"covered":0,"skipped":0,"pct":0},"branches":{"total":0,"covered":0,"skipped":0,"pct":0}}
,"/home/runner/work/markup/markup/src/lib/anchoring/path.ts": {"lines":{"total":16,"covered":16,"skipped":0,"pct":100},"functions":{"total":3,"covered":3,"skipped":0,"pct":100},"statements":{"total":20,"covered":19,"skipped":0,"pct":95},"branches":{"total":13,"covered":12,"skipped":0,"pct":92.3}}
,"/home/runner/work/markup/markup/src/lib/anchoring/reposition.ts": {"lines":{"total":36,"covered":25,"skipped":0,"pct":69.44},"functions":{"total":5,"covered":4,"skipped":0,"pct":80},"statements":{"total":40,"covered":28,"skipped":0,"pct":70},"branches":{"total":34,"covered":18,"skipped":0,"pct":52.94}}
,"/home/runner/work/markup/markup/src/lib/anchoring/text.ts": {"lines":{"total":17,"covered":17,"skipped":0,"pct":100},"functions":{"total":2,"covered":2,"skipped":0,"pct":100},"statements":{"total":21,"covered":21,"skipped":0,"pct":100},"branches":{"total":16,"covered":11,"skipped":0,"pct":68.75}}
,"/home/runner/work/markup/markup/src/lib/anchoring/useAnchoredPins.ts": {"lines":{"total":47,"covered":0,"skipped":0,"pct":0},"functions":{"total":7,"covered":0,"skipped":0,"pct":0},"statements":{"total":52,"covered":0,"skipped":0,"pct":0},"branches":{"total":29,"covered":0,"skipped":0,"pct":0}}
,"/home/runner/work/markup/markup/src/lib/annotation/pin-coords.ts": {"lines":{"total":15,"covered":15,"skipped":0,"pct":100},"functions":{"total":3,"covered":3,"skipped":0,"pct":100},"statements":{"total":18,"covered":18,"skipped":0,"pct":100},"branches":{"total":12,"covered":12,"skipped":0,"pct":100}}
,"/home/runner/work/markup/markup/src/lib/annotation/service.ts": {"lines":{"total":40,"covered":33,"skipped":0,"pct":82.5},"functions":{"total":7,"covered":6,"skipped":0,"pct":85.71},"statements":{"total":42,"covered":33,"skipped":0,"pct":78.57},"branches":{"total":20,"covered":13,"skipped":0,"pct":65}}
,"/home/runner/work/markup/markup/src/lib/annotation/status.ts": {"lines":{"total":1,"covered":1,"skipped":0,"pct":100},"functions":{"total":0,"covered":0,"skipped":0,"pct":100},"statements":{"total":1,"covered":1,"skipped":0,"pct":100},"branches":{"total":0,"covered":0,"skipped":0,"pct":100}}
,"/home/runner/work/markup/markup/src/lib/auth/agent-token.ts": {"lines":{"total":20,"covered":19,"skipped":0,"pct":95},"functions":{"total":5,"covered":4,"skipped":0,"pct":80},"statements":{"total":22,"covered":21,"skipped":0,"pct":95.45},"branches":{"total":6,"covered":5,"skipped":0,"pct":83.33}}
,"/home/runner/work/markup/markup/src/lib/auth/can-delete.ts": {"lines":{"total":8,"covered":8,"skipped":0,"pct":100},"functions":{"total":4,"covered":4,"skipped":0,"pct":100},"statements":{"total":10,"covered":10,"skipped":0,"pct":100},"branches":{"total":20,"covered":20,"skipped":0,"pct":100}}
,"/home/runner/work/markup/markup/src/lib/auth/cascade-check.ts": {"lines":{"total":22,"covered":22,"skipped":0,"pct":100},"functions":{"total":6,"covered":6,"skipped":0,"pct":100},"statements":{"total":26,"covered":26,"skipped":0,"pct":100},"branches":{"total":12,"covered":10,"skipped":0,"pct":83.33}}
,"/home/runner/work/markup/markup/src/lib/auth/identify.ts": {"lines":{"total":39,"covered":38,"skipped":0,"pct":97.43},"functions":{"total":6,"covered":6,"skipped":0,"pct":100},"statements":{"total":45,"covered":43,"skipped":0,"pct":95.55},"branches":{"total":30,"covered":25,"skipped":0,"pct":83.33}}
,"/home/runner/work/markup/markup/src/lib/auth/invite-token.ts": {"lines":{"total":25,"covered":23,"skipped":0,"pct":92},"functions":{"total":6,"covered":6,"skipped":0,"pct":100},"statements":{"total":28,"covered":26,"skipped":0,"pct":92.85},"branches":{"total":16,"covered":13,"skipped":0,"pct":81.25}}
,"/home/runner/work/markup/markup/src/lib/auth/jwt.ts": {"lines":{"total":7,"covered":6,"skipped":0,"pct":85.71},"functions":{"total":3,"covered":3,"skipped":0,"pct":100},"statements":{"total":7,"covered":6,"skipped":0,"pct":85.71},"branches":{"total":4,"covered":3,"skipped":0,"pct":75}}
,"/home/runner/work/markup/markup/src/lib/auth/origin.ts": {"lines":{"total":34,"covered":33,"skipped":0,"pct":97.05},"functions":{"total":6,"covered":6,"skipped":0,"pct":100},"statements":{"total":43,"covered":41,"skipped":0,"pct":95.34},"branches":{"total":23,"covered":20,"skipped":0,"pct":86.95}}
,"/home/runner/work/markup/markup/src/lib/auth/password.ts": {"lines":{"total":3,"covered":3,"skipped":0,"pct":100},"functions":{"total":2,"covered":2,"skipped":0,"pct":100},"statements":{"total":3,"covered":3,"skipped":0,"pct":100},"branches":{"total":0,"covered":0,"skipped":0,"pct":100}}
,"/home/runner/work/markup/markup/src/lib/auth/require-owner-or-admin.ts": {"lines":{"total":20,"covered":20,"skipped":0,"pct":100},"functions":{"total":3,"covered":3,"skipped":0,"pct":100},"statements":{"total":22,"covered":22,"skipped":0,"pct":100},"branches":{"total":8,"covered":8,"skipped":0,"pct":100}}
,"/home/runner/work/markup/markup/src/lib/auth/resolve-display-name.ts": {"lines":{"total":23,"covered":15,"skipped":0,"pct":65.21},"functions":{"total":2,"covered":1,"skipped":0,"pct":50},"statements":{"total":33,"covered":20,"skipped":0,"pct":60.6},"branches":{"total":28,"covered":16,"skipped":0,"pct":57.14}}
,"/home/runner/work/markup/markup/src/lib/auth/seed-agent-tokens.ts": {"lines":{"total":7,"covered":7,"skipped":0,"pct":100},"functions":{"total":1,"covered":1,"skipped":0,"pct":100},"statements":{"total":7,"covered":7,"skipped":0,"pct":100},"branches":{"total":2,"covered":2,"skipped":0,"pct":100}}
,"/home/runner/work/markup/markup/src/lib/auth/session.ts": {"lines":{"total":13,"covered":13,"skipped":0,"pct":100},"functions":{"total":3,"covered":3,"skipped":0,"pct":100},"statements":{"total":14,"covered":14,"skipped":0,"pct":100},"branches":{"total":4,"covered":4,"skipped":0,"pct":100}}
,"/home/runner/work/markup/markup/src/lib/auth/setup-state.ts": {"lines":{"total":3,"covered":3,"skipped":0,"pct":100},"functions":{"total":2,"covered":2,"skipped":0,"pct":100},"statements":{"total":3,"covered":3,"skipped":0,"pct":100},"branches":{"total":0,"covered":0,"skipped":0,"pct":100}}
,"/home/runner/work/markup/markup/src/lib/breadcrumbs/from-path.ts": {"lines":{"total":29,"covered":29,"skipped":0,"pct":100},"functions":{"total":2,"covered":2,"skipped":0,"pct":100},"statements":{"total":35,"covered":35,"skipped":0,"pct":100},"branches":{"total":31,"covered":28,"skipped":0,"pct":90.32}}
,"/home/runner/work/markup/markup/src/lib/diff/apply-unified.ts": {"lines":{"total":11,"covered":10,"skipped":0,"pct":90.9},"functions":{"total":2,"covered":2,"skipped":0,"pct":100},"statements":{"total":11,"covered":10,"skipped":0,"pct":90.9},"branches":{"total":6,"covered":6,"skipped":0,"pct":100}}
,"/home/runner/work/markup/markup/src/lib/diff/render-unified.ts": {"lines":{"total":3,"covered":3,"skipped":0,"pct":100},"functions":{"total":1,"covered":1,"skipped":0,"pct":100},"statements":{"total":4,"covered":4,"skipped":0,"pct":100},"branches":{"total":2,"covered":2,"skipped":0,"pct":100}}
,"/home/runner/work/markup/markup/src/lib/home/service.ts": {"lines":{"total":41,"covered":40,"skipped":0,"pct":97.56},"functions":{"total":11,"covered":11,"skipped":0,"pct":100},"statements":{"total":51,"covered":47,"skipped":0,"pct":92.15},"branches":{"total":22,"covered":16,"skipped":0,"pct":72.72}}
,"/home/runner/work/markup/markup/src/lib/home/types.ts": {"lines":{"total":0,"covered":0,"skipped":0,"pct":0},"functions":{"total":0,"covered":0,"skipped":0,"pct":0},"statements":{"total":0,"covered":0,"skipped":0,"pct":0},"branches":{"total":0,"covered":0,"skipped":0,"pct":0}}
,"/home/runner/work/markup/markup/src/lib/hooks/use-can-delete.ts": {"lines":{"total":9,"covered":4,"skipped":0,"pct":44.44},"functions":{"total":1,"covered":1,"skipped":0,"pct":100},"statements":{"total":10,"covered":5,"skipped":0,"pct":50},"branches":{"total":13,"covered":2,"skipped":0,"pct":15.38}}
,"/home/runner/work/markup/markup/src/lib/hooks/use-require-auth.ts": {"lines":{"total":22,"covered":3,"skipped":0,"pct":13.63},"functions":{"total":6,"covered":1,"skipped":0,"pct":16.66},"statements":{"total":24,"covered":3,"skipped":0,"pct":12.5},"branches":{"total":6,"covered":0,"skipped":0,"pct":0}}
,"/home/runner/work/markup/markup/src/lib/hooks/use-shell-refresh.ts": {"lines":{"total":6,"covered":4,"skipped":0,"pct":66.66},"functions":{"total":2,"covered":1,"skipped":0,"pct":50},"statements":{"total":6,"covered":4,"skipped":0,"pct":66.66},"branches":{"total":2,"covered":0,"skipped":0,"pct":0}}
,"/home/runner/work/markup/markup/src/lib/mockup/diff-resolve.ts": {"lines":{"total":8,"covered":8,"skipped":0,"pct":100},"functions":{"total":2,"covered":2,"skipped":0,"pct":100},"statements":{"total":12,"covered":12,"skipped":0,"pct":100},"branches":{"total":10,"covered":10,"skipped":0,"pct":100}}
,"/home/runner/work/markup/markup/src/lib/mockup/service.ts": {"lines":{"total":97,"covered":73,"skipped":0,"pct":75.25},"functions":{"total":13,"covered":11,"skipped":0,"pct":84.61},"statements":{"total":107,"covered":76,"skipped":0,"pct":71.02},"branches":{"total":50,"covered":27,"skipped":0,"pct":54}}
,"/home/runner/work/markup/markup/src/lib/mockup/storage.ts": {"lines":{"total":17,"covered":17,"skipped":0,"pct":100},"functions":{"total":7,"covered":7,"skipped":0,"pct":100},"statements":{"total":18,"covered":18,"skipped":0,"pct":100},"branches":{"total":4,"covered":4,"skipped":0,"pct":100}}
,"/home/runner/work/markup/markup/src/lib/mockup/thumbnail-generator.ts": {"lines":{"total":14,"covered":6,"skipped":0,"pct":42.85},"functions":{"total":1,"covered":1,"skipped":0,"pct":100},"statements":{"total":15,"covered":6,"skipped":0,"pct":40},"branches":{"total":2,"covered":1,"skipped":0,"pct":50}}
,"/home/runner/work/markup/markup/src/lib/mockup/url.ts": {"lines":{"total":4,"covered":3,"skipped":0,"pct":75},"functions":{"total":1,"covered":1,"skipped":0,"pct":100},"statements":{"total":5,"covered":4,"skipped":0,"pct":80},"branches":{"total":4,"covered":1,"skipped":0,"pct":25}}
,"/home/runner/work/markup/markup/src/lib/mockup/version-service.ts": {"lines":{"total":18,"covered":18,"skipped":0,"pct":100},"functions":{"total":3,"covered":3,"skipped":0,"pct":100},"statements":{"total":22,"covered":20,"skipped":0,"pct":90.9},"branches":{"total":16,"covered":13,"skipped":0,"pct":81.25}}
,"/home/runner/work/markup/markup/src/lib/mockup/viewer-payload.ts": {"lines":{"total":50,"covered":50,"skipped":0,"pct":100},"functions":{"total":13,"covered":13,"skipped":0,"pct":100},"statements":{"total":57,"covered":57,"skipped":0,"pct":100},"branches":{"total":20,"covered":19,"skipped":0,"pct":95}}
,"/home/runner/work/markup/markup/src/lib/mockup/zip-extractor.ts": {"lines":{"total":48,"covered":44,"skipped":0,"pct":91.66},"functions":{"total":15,"covered":15,"skipped":0,"pct":100},"statements":{"total":57,"covered":48,"skipped":0,"pct":84.21},"branches":{"total":28,"covered":16,"skipped":0,"pct":57.14}}
,"/home/runner/work/markup/markup/src/lib/mockup/zip-validator.ts": {"lines":{"total":22,"covered":22,"skipped":0,"pct":100},"functions":{"total":1,"covered":1,"skipped":0,"pct":100},"statements":{"total":27,"covered":26,"skipped":0,"pct":96.29},"branches":{"total":25,"covered":23,"skipped":0,"pct":92}}
,"/home/runner/work/markup/markup/src/lib/popover/position.ts": {"lines":{"total":16,"covered":0,"skipped":0,"pct":0},"functions":{"total":1,"covered":0,"skipped":0,"pct":0},"statements":{"total":17,"covered":0,"skipped":0,"pct":0},"branches":{"total":10,"covered":0,"skipped":0,"pct":0}}
,"/home/runner/work/markup/markup/src/lib/popover/usePopover.ts": {"lines":{"total":19,"covered":14,"skipped":0,"pct":73.68},"functions":{"total":6,"covered":4,"skipped":0,"pct":66.66},"statements":{"total":22,"covered":15,"skipped":0,"pct":68.18},"branches":{"total":14,"covered":5,"skipped":0,"pct":35.71}}
,"/home/runner/work/markup/markup/src/lib/project/constants.ts": {"lines":{"total":2,"covered":2,"skipped":0,"pct":100},"functions":{"total":0,"covered":0,"skipped":0,"pct":100},"statements":{"total":2,"covered":2,"skipped":0,"pct":100},"branches":{"total":0,"covered":0,"skipped":0,"pct":100}}
,"/home/runner/work/markup/markup/src/lib/project/path-resolver.ts": {"lines":{"total":30,"covered":29,"skipped":0,"pct":96.66},"functions":{"total":2,"covered":2,"skipped":0,"pct":100},"statements":{"total":34,"covered":33,"skipped":0,"pct":97.05},"branches":{"total":14,"covered":14,"skipped":0,"pct":100}}
,"/home/runner/work/markup/markup/src/lib/project/routes.ts": {"lines":{"total":9,"covered":9,"skipped":0,"pct":100},"functions":{"total":7,"covered":7,"skipped":0,"pct":100},"statements":{"total":12,"covered":12,"skipped":0,"pct":100},"branches":{"total":6,"covered":6,"skipped":0,"pct":100}}
,"/home/runner/work/markup/markup/src/lib/project/service.ts": {"lines":{"total":148,"covered":140,"skipped":0,"pct":94.59},"functions":{"total":26,"covered":26,"skipped":0,"pct":100},"statements":{"total":175,"covered":150,"skipped":0,"pct":85.71},"branches":{"total":117,"covered":80,"skipped":0,"pct":68.37}}
,"/home/runner/work/markup/markup/src/lib/region/crop.ts": {"lines":{"total":11,"covered":11,"skipped":0,"pct":100},"functions":{"total":1,"covered":1,"skipped":0,"pct":100},"statements":{"total":11,"covered":11,"skipped":0,"pct":100},"branches":{"total":6,"covered":3,"skipped":0,"pct":50}}
,"/home/runner/work/markup/markup/src/lib/search/service.ts": {"lines":{"total":4,"covered":4,"skipped":0,"pct":100},"functions":{"total":3,"covered":3,"skipped":0,"pct":100},"statements":{"total":5,"covered":5,"skipped":0,"pct":100},"branches":{"total":1,"covered":1,"skipped":0,"pct":100}}
,"/home/runner/work/markup/markup/src/lib/shortcuts/platform.ts": {"lines":{"total":21,"covered":21,"skipped":0,"pct":100},"functions":{"total":7,"covered":7,"skipped":0,"pct":100},"statements":{"total":24,"covered":22,"skipped":0,"pct":91.66},"branches":{"total":26,"covered":19,"skipped":0,"pct":73.07}}
,"/home/runner/work/markup/markup/src/lib/thread/service.ts": {"lines":{"total":9,"covered":8,"skipped":0,"pct":88.88},"functions":{"total":3,"covered":2,"skipped":0,"pct":66.66},"statements":{"total":9,"covered":8,"skipped":0,"pct":88.88},"branches":{"total":0,"covered":0,"skipped":0,"pct":100}}
,"/home/runner/work/markup/markup/src/lib/thread/status-handler.ts": {"lines":{"total":12,"covered":11,"skipped":0,"pct":91.66},"functions":{"total":1,"covered":1,"skipped":0,"pct":100},"statements":{"total":15,"covered":11,"skipped":0,"pct":73.33},"branches":{"total":6,"covered":3,"skipped":0,"pct":50}}
,"/home/runner/work/markup/markup/src/lib/tldraw/snapshot-screenshot.ts": {"lines":{"total":33,"covered":33,"skipped":0,"pct":100},"functions":{"total":4,"covered":4,"skipped":0,"pct":100},"statements":{"total":39,"covered":35,"skipped":0,"pct":89.74},"branches":{"total":40,"covered":35,"skipped":0,"pct":87.5}}
,"/home/runner/work/markup/markup/src/lib/upload/constants.ts": {"lines":{"total":3,"covered":3,"skipped":0,"pct":100},"functions":{"total":0,"covered":0,"skipped":0,"pct":100},"statements":{"total":3,"covered":3,"skipped":0,"pct":100},"branches":{"total":0,"covered":0,"skipped":0,"pct":100}}
,"/home/runner/work/markup/markup/src/lib/upload/rejection-message.ts": {"lines":{"total":5,"covered":4,"skipped":0,"pct":80},"functions":{"total":1,"covered":1,"skipped":0,"pct":100},"statements":{"total":5,"covered":4,"skipped":0,"pct":80},"branches":{"total":4,"covered":3,"skipped":0,"pct":75}}
,"/home/runner/work/markup/markup/src/lib/upload/resolve-target.ts": {"lines":{"total":11,"covered":0,"skipped":0,"pct":0},"functions":{"total":3,"covered":0,"skipped":0,"pct":0},"statements":{"total":13,"covered":0,"skipped":0,"pct":0},"branches":{"total":12,"covered":0,"skipped":0,"pct":0}}
,"/home/runner/work/markup/markup/src/lib/upload/validate-file.ts": {"lines":{"total":13,"covered":13,"skipped":0,"pct":100},"functions":{"total":5,"covered":5,"skipped":0,"pct":100},"statements":{"total":19,"covered":18,"skipped":0,"pct":94.73},"branches":{"total":14,"covered":12,"skipped":0,"pct":85.71}}
,"/home/runner/work/markup/markup/src/lib/url/append-query.ts": {"lines":{"total":16,"covered":16,"skipped":0,"pct":100},"functions":{"total":3,"covered":3,"skipped":0,"pct":100},"statements":{"total":16,"covered":16,"skipped":0,"pct":100},"branches":{"total":16,"covered":16,"skipped":0,"pct":100}}
,"/home/runner/work/markup/markup/src/lib/validation/url-safe-name.ts": {"lines":{"total":13,"covered":13,"skipped":0,"pct":100},"functions":{"total":2,"covered":2,"skipped":0,"pct":100},"statements":{"total":15,"covered":15,"skipped":0,"pct":100},"branches":{"total":6,"covered":6,"skipped":0,"pct":100}}
}
