TN:
SF:src/app/AppShell.tsx
FN:39,AppShell
FN:48,(anonymous_1)
FN:48,(anonymous_2)
FN:56,(anonymous_3)
FN:60,(anonymous_4)
FN:64,(anonymous_5)
FN:76,(anonymous_6)
FN:80,(anonymous_7)
FN:87,(anonymous_8)
FNF:9
FNH:0
FNDA:0,AppShell
FNDA:0,(anonymous_1)
FNDA:0,(anonymous_2)
FNDA:0,(anonymous_3)
FNDA:0,(anonymous_4)
FNDA:0,(anonymous_5)
FNDA:0,(anonymous_6)
FNDA:0,(anonymous_7)
FNDA:0,(anonymous_8)
DA:1,0
DA:40,0
DA:41,0
DA:42,0
DA:47,0
DA:48,0
DA:54,0
DA:55,0
DA:56,0
DA:57,0
DA:60,0
DA:61,0
DA:62,0
DA:63,0
DA:65,0
DA:66,0
DA:67,0
DA:69,0
DA:70,0
DA:71,0
DA:73,0
DA:74,0
DA:77,0
DA:78,0
DA:80,0
DA:87,0
DA:101,0
DA:111,0
LF:28
LH:0
BRDA:61,0,0,0
BRDA:61,0,1,0
BRDA:61,1,0,0
BRDA:61,1,1,0
BRDA:65,2,0,0
BRDA:65,2,1,0
BRDA:69,3,0,0
BRDA:69,3,1,0
BRDA:77,4,0,0
BRDA:77,4,1,0
BRDA:91,5,0,0
BRDA:91,5,1,0
BRDA:92,6,0,0
BRDA:92,6,1,0
BRDA:101,7,0,0
BRDA:101,7,1,0
BRDA:103,8,0,0
BRDA:103,8,1,0
BRDA:105,9,0,0
BRDA:105,9,1,0
BRDA:106,10,0,0
BRDA:106,10,1,0
BRDA:107,11,0,0
BRDA:107,11,1,0
BRDA:116,12,0,0
BRDA:116,12,1,0
BRDA:117,13,0,0
BRDA:117,13,1,0
BRDA:118,14,0,0
BRDA:118,14,1,0
BRDA:119,15,0,0
BRDA:119,15,1,0
BRDA:120,16,0,0
BRDA:120,16,1,0
BRDA:132,17,0,0
BRDA:132,17,1,0
BRDA:151,18,0,0
BRDA:151,18,1,0
BRF:38
BRH:0
end_of_record
TN:
SF:src/app/ClientRoot.tsx
FN:14,ClientRoot
FNF:1
FNH:0
FNDA:0,ClientRoot
DA:1,0
DA:15,0
LF:2
LH:0
BRF:0
BRH:0
end_of_record
TN:
SF:src/app/(app)/AllProjectsPage.tsx
FN:31,AllProjectsPage
FN:45,(anonymous_1)
FN:58,(anonymous_2)
FN:68,(anonymous_3)
FN:84,(anonymous_4)
FN:96,(anonymous_5)
FN:97,(anonymous_6)
FN:114,(anonymous_7)
FN:117,(anonymous_8)
FN:135,(anonymous_9)
FN:136,(anonymous_10)
FN:137,(anonymous_11)
FN:138,(anonymous_12)
FNF:13
FNH:0
FNDA:0,AllProjectsPage
FNDA:0,(anonymous_1)
FNDA:0,(anonymous_2)
FNDA:0,(anonymous_3)
FNDA:0,(anonymous_4)
FNDA:0,(anonymous_5)
FNDA:0,(anonymous_6)
FNDA:0,(anonymous_7)
FNDA:0,(anonymous_8)
FNDA:0,(anonymous_9)
FNDA:0,(anonymous_10)
FNDA:0,(anonymous_11)
FNDA:0,(anonymous_12)
DA:1,0
DA:32,0
DA:33,0
DA:34,0
DA:36,0
DA:37,0
DA:45,0
DA:46,0
DA:58,0
DA:59,0
DA:68,0
DA:73,0
DA:74,0
DA:75,0
DA:76,0
DA:78,0
DA:83,0
DA:85,0
DA:91,0
DA:92,0
DA:93,0
DA:94,0
DA:96,0
DA:97,0
DA:98,0
DA:104,0
DA:106,0
DA:111,0
DA:114,0
DA:117,0
DA:135,0
DA:136,0
DA:137,0
DA:138,0
LF:34
LH:0
BRDA:58,0,0,0
BRDA:58,0,1,0
BRDA:59,1,0,0
BRDA:59,1,1,0
BRDA:73,2,0,0
BRDA:73,2,1,0
BRDA:91,3,0,0
BRDA:91,3,1,0
BRDA:93,4,0,0
BRDA:93,4,1,0
BRDA:96,5,0,0
BRDA:96,5,1,0
BRDA:96,5,2,0
BRDA:130,6,0,0
BRDA:130,6,1,0
BRF:15
BRH:0
end_of_record
TN:
SF:src/app/(app)/page.tsx
FN:17,Root
FN:22,(anonymous_1)
FN:26,(anonymous_2)
FN:38,(anonymous_3)
FN:42,(anonymous_4)
FN:45,(anonymous_5)
FN:45,(anonymous_6)
FNF:7
FNH:0
FNDA:0,Root
FNDA:0,(anonymous_1)
FNDA:0,(anonymous_2)
FNDA:0,(anonymous_3)
FNDA:0,(anonymous_4)
FNDA:0,(anonymous_5)
FNDA:0,(anonymous_6)
DA:1,0
DA:18,0
DA:19,0
DA:20,0
DA:22,0
DA:23,0
DA:24,0
DA:25,0
DA:27,0
DA:28,0
DA:29,0
DA:31,0
DA:32,0
DA:33,0
DA:35,0
DA:36,0
DA:39,0
DA:40,0
DA:42,0
DA:45,0
DA:47,0
DA:48,0
DA:51,0
DA:54,0
DA:57,0
LF:25
LH:0
BRDA:27,0,0,0
BRDA:27,0,1,0
BRDA:31,1,0,0
BRDA:31,1,1,0
BRDA:39,2,0,0
BRDA:39,2,1,0
BRDA:47,3,0,0
BRDA:47,3,1,0
BRDA:51,4,0,0
BRDA:51,4,1,0
BRF:10
BRH:0
end_of_record
TN:
SF:src/app/(app)/annotations/[id]/ReadOnlyAnnotation.tsx
FN:12,(anonymous_0)
FN:13,(anonymous_1)
FN:14,(anonymous_2)
FN:25,ReadOnlyAnnotation
FN:32,(anonymous_4)
FN:55,(anonymous_5)
FN:125,(anonymous_6)
FNF:7
FNH:0
FNDA:0,(anonymous_0)
FNDA:0,(anonymous_1)
FNDA:0,(anonymous_2)
FNDA:0,ReadOnlyAnnotation
FNDA:0,(anonymous_4)
FNDA:0,(anonymous_5)
FNDA:0,(anonymous_6)
DA:1,0
DA:12,0
DA:13,0
DA:14,0
DA:26,0
DA:27,0
DA:28,0
DA:29,0
DA:30,0
DA:32,0
DA:33,0
DA:34,0
DA:35,0
DA:36,0
DA:37,0
DA:38,0
DA:39,0
DA:44,0
DA:45,0
DA:46,0
DA:47,0
DA:49,0
DA:51,0
DA:55,0
DA:56,0
DA:57,0
DA:58,0
DA:59,0
DA:62,0
DA:63,0
DA:114,0
DA:126,0
LF:32
LH:0
BRDA:34,0,0,0
BRDA:34,0,1,0
BRDA:44,1,0,0
BRDA:44,1,1,0
BRDA:49,2,0,0
BRDA:49,2,1,0
BRDA:62,3,0,0
BRDA:62,3,1,0
BRDA:67,4,0,0
BRDA:67,4,1,0
BRDA:67,5,0,0
BRDA:67,5,1,0
BRDA:141,6,0,0
BRDA:141,6,1,0
BRDA:141,6,2,0
BRDA:144,7,0,0
BRDA:144,7,1,0
BRDA:149,8,0,0
BRDA:149,8,1,0
BRDA:163,9,0,0
BRDA:163,9,1,0
BRDA:164,10,0,0
BRDA:164,10,1,0
BRDA:168,11,0,0
BRDA:168,11,1,0
BRF:25
BRH:0
end_of_record
TN:
SF:src/app/(app)/annotations/[id]/page.tsx
FN:38,AnnotationDetailPage
FN:47,(anonymous_1)
FN:47,(anonymous_2)
FN:49,(anonymous_3)
FN:56,(anonymous_4)
FN:73,(anonymous_5)
FN:77,(anonymous_6)
FNF:7
FNH:0
FNDA:0,AnnotationDetailPage
FNDA:0,(anonymous_1)
FNDA:0,(anonymous_2)
FNDA:0,(anonymous_3)
FNDA:0,(anonymous_4)
FNDA:0,(anonymous_5)
FNDA:0,(anonymous_6)
DA:1,0
DA:39,0
DA:40,0
DA:41,0
DA:46,0
DA:47,0
DA:49,0
DA:50,0
DA:51,0
DA:52,0
DA:57,0
DA:58,0
DA:59,0
DA:61,0
DA:62,0
DA:63,0
DA:65,0
DA:66,0
DA:67,0
DA:69,0
DA:70,0
DA:71,0
DA:74,0
DA:75,0
DA:77,0
DA:80,0
DA:81,0
DA:83,0
DA:84,0
DA:86,0
DA:87,0
DA:90,0
DA:92,0
LF:33
LH:0
BRDA:50,0,0,0
BRDA:50,0,1,0
BRDA:57,1,0,0
BRDA:57,1,1,0
BRDA:61,2,0,0
BRDA:61,2,1,0
BRDA:65,3,0,0
BRDA:65,3,1,0
BRDA:74,4,0,0
BRDA:74,4,1,0
BRDA:80,5,0,0
BRDA:80,5,1,0
BRDA:83,6,0,0
BRDA:83,6,1,0
BRDA:86,7,0,0
BRDA:86,7,1,0
BRDA:86,8,0,0
BRDA:86,8,1,0
BRDA:158,9,0,0
BRDA:158,9,1,0
BRDA:159,10,0,0
BRDA:159,10,1,0
BRDA:198,11,0,0
BRDA:198,11,1,0
BRDA:198,12,0,0
BRDA:198,12,1,0
BRF:26
BRH:0
end_of_record
TN:
SF:src/app/(app)/projects/page.tsx
FN:11,ProjectsIndex
FN:13,(anonymous_1)
FNF:2
FNH:0
FNDA:0,ProjectsIndex
FNDA:0,(anonymous_1)
DA:1,0
DA:12,0
DA:13,0
DA:14,0
DA:16,0
LF:5
LH:0
BRF:0
BRH:0
end_of_record
TN:
SF:src/app/(app)/projects/[slug]/page.tsx
FN:37,ProjectPage
FN:52,(anonymous_1)
FN:59,(anonymous_2)
FN:76,(anonymous_3)
FN:80,(anonymous_4)
FNF:5
FNH:0
FNDA:0,ProjectPage
FNDA:0,(anonymous_1)
FNDA:0,(anonymous_2)
FNDA:0,(anonymous_3)
FNDA:0,(anonymous_4)
DA:1,0
DA:38,0
DA:39,0
DA:40,0
DA:41,0
DA:45,0
DA:46,0
DA:47,0
DA:48,0
DA:49,0
DA:52,0
DA:53,0
DA:54,0
DA:55,0
DA:60,0
DA:61,0
DA:62,0
DA:64,0
DA:65,0
DA:66,0
DA:68,0
DA:69,0
DA:70,0
DA:72,0
DA:73,0
DA:74,0
DA:77,0
DA:78,0
DA:80,0
DA:83,0
DA:84,0
DA:85,0
DA:87,0
DA:89,0
DA:92,0
LF:35
LH:0
BRDA:46,0,0,0
BRDA:46,0,1,0
BRDA:53,1,0,0
BRDA:53,1,1,0
BRDA:60,2,0,0
BRDA:60,2,1,0
BRDA:64,3,0,0
BRDA:64,3,1,0
BRDA:68,4,0,0
BRDA:68,4,1,0
BRDA:77,5,0,0
BRDA:77,5,1,0
BRDA:83,6,0,0
BRDA:83,6,1,0
BRDA:84,7,0,0
BRDA:84,7,1,0
BRDA:87,8,0,0
BRDA:87,8,1,0
BRDA:87,9,0,0
BRDA:87,9,1,0
BRF:20
BRH:0
end_of_record
TN:
SF:src/app/(app)/projects/[slug]/[...path]/page.tsx
FN:50,ProjectPathPage
FN:70,(anonymous_1)
FN:77,(anonymous_2)
FN:94,(anonymous_3)
FN:98,(anonymous_4)
FNF:5
FNH:0
FNDA:0,ProjectPathPage
FNDA:0,(anonymous_1)
FNDA:0,(anonymous_2)
FNDA:0,(anonymous_3)
FNDA:0,(anonymous_4)
DA:1,0
DA:51,0
DA:52,0
DA:53,0
DA:54,0
DA:56,0
DA:57,0
DA:58,0
DA:62,0
DA:63,0
DA:64,0
DA:65,0
DA:66,0
DA:67,0
DA:70,0
DA:71,0
DA:72,0
DA:73,0
DA:78,0
DA:79,0
DA:80,0
DA:82,0
DA:83,0
DA:84,0
DA:86,0
DA:87,0
DA:88,0
DA:90,0
DA:91,0
DA:92,0
DA:95,0
DA:96,0
DA:98,0
DA:101,0
DA:102,0
DA:103,0
DA:105,0
DA:109,0
DA:112,0
DA:113,0
DA:120,0
LF:41
LH:0
BRDA:53,0,0,0
BRDA:53,0,1,0
BRDA:64,1,0,0
BRDA:64,1,1,0
BRDA:71,2,0,0
BRDA:71,2,1,0
BRDA:71,3,0,0
BRDA:71,3,1,0
BRDA:78,4,0,0
BRDA:78,4,1,0
BRDA:82,5,0,0
BRDA:82,5,1,0
BRDA:86,6,0,0
BRDA:86,6,1,0
BRDA:95,7,0,0
BRDA:95,7,1,0
BRDA:101,8,0,0
BRDA:101,8,1,0
BRDA:102,9,0,0
BRDA:102,9,1,0
BRDA:105,10,0,0
BRDA:105,10,1,0
BRDA:105,11,0,0
BRDA:105,11,1,0
BRDA:112,12,0,0
BRDA:112,12,1,0
BRF:26
BRH:0
end_of_record
TN:
SF:src/app/(app)/settings/agents/AgentsClient.tsx
FN:24,relTime
FN:39,maskedPreview
FN:47,AgentsClient
FN:66,refresh
FN:73,onCreate
FN:84,(anonymous_5)
FN:95,onRevoke
FN:147,(anonymous_7)
FN:157,(anonymous_8)
FN:176,(anonymous_9)
FN:188,(anonymous_10)
FN:217,(anonymous_11)
FNF:12
FNH:4
FNDA:9,relTime
FNDA:5,maskedPreview
FNDA:6,AgentsClient
FNDA:0,refresh
FNDA:0,onCreate
FNDA:0,(anonymous_5)
FNDA:0,onRevoke
FNDA:0,(anonymous_7)
FNDA:0,(anonymous_8)
FNDA:0,(anonymous_9)
FNDA:5,(anonymous_10)
FNDA:0,(anonymous_11)
DA:1,3
DA:25,9
DA:26,9
DA:27,9
DA:28,9
DA:29,9
DA:30,9
DA:31,9
DA:32,9
DA:33,9
DA:34,0
DA:35,0
DA:36,0
DA:40,5
DA:41,0
DA:43,5
DA:44,5
DA:55,6
DA:56,6
DA:57,6
DA:58,6
DA:59,6
DA:60,6
DA:61,6
DA:64,6
DA:67,0
DA:68,0
DA:69,0
DA:70,0
DA:74,0
DA:75,0
DA:76,0
DA:77,0
DA:82,0
DA:83,0
DA:84,0
DA:85,0
DA:86,0
DA:88,0
DA:89,0
DA:90,0
DA:91,0
DA:92,0
DA:96,0
DA:102,0
DA:103,0
DA:104,0
DA:105,0
DA:108,6
DA:147,0
DA:158,0
DA:159,0
DA:160,0
DA:176,0
DA:189,5
DA:190,5
DA:217,0
LF:57
LH:24
BRDA:27,0,0,0
BRDA:27,0,1,9
BRDA:29,1,0,0
BRDA:29,1,1,9
BRDA:31,2,0,0
BRDA:31,2,1,9
BRDA:33,3,0,9
BRDA:33,3,1,0
BRDA:35,4,0,0
BRDA:35,4,1,0
BRDA:40,5,0,0
BRDA:40,5,1,5
BRDA:44,6,0,5
BRDA:44,6,1,0
BRDA:55,7,0,6
BRDA:55,7,1,1
BRDA:55,7,2,0
BRDA:68,8,0,0
BRDA:68,8,1,0
BRDA:83,9,0,0
BRDA:83,9,1,0
BRDA:85,10,0,0
BRDA:85,10,1,0
BRDA:102,11,0,0
BRDA:102,11,1,0
BRDA:104,12,0,0
BRDA:104,12,1,0
BRDA:116,13,0,6
BRDA:116,13,1,0
BRDA:136,14,0,6
BRDA:136,14,1,0
BRDA:153,15,0,0
BRDA:153,15,1,0
BRDA:167,16,0,0
BRDA:167,16,1,0
BRDA:173,17,0,5
BRDA:173,17,1,1
BRDA:175,18,0,6
BRDA:175,18,1,6
BRDA:182,19,0,1
BRDA:182,19,1,5
BRDA:199,20,0,4
BRDA:199,20,1,1
BRF:43
BRH:18
end_of_record
TN:
SF:src/app/(app)/settings/agents/page.tsx
FN:22,AgentsPage
FN:26,(anonymous_1)
FN:29,(anonymous_2)
FN:45,(anonymous_3)
FN:49,(anonymous_4)
FNF:5
FNH:0
FNDA:0,AgentsPage
FNDA:0,(anonymous_1)
FNDA:0,(anonymous_2)
FNDA:0,(anonymous_3)
FNDA:0,(anonymous_4)
DA:1,0
DA:23,0
DA:24,0
DA:26,0
DA:27,0
DA:28,0
DA:30,0
DA:31,0
DA:32,0
DA:34,0
DA:35,0
DA:36,0
DA:38,0
DA:39,0
DA:40,0
DA:42,0
DA:43,0
DA:46,0
DA:47,0
DA:49,0
DA:52,0
DA:53,0
DA:59,0
DA:60,0
DA:68,0
LF:25
LH:0
BRDA:30,0,0,0
BRDA:30,0,1,0
BRDA:34,1,0,0
BRDA:34,1,1,0
BRDA:38,2,0,0
BRDA:38,2,1,0
BRDA:46,3,0,0
BRDA:46,3,1,0
BRDA:52,4,0,0
BRDA:52,4,1,0
BRDA:55,5,0,0
BRDA:55,5,1,0
BRDA:59,6,0,0
BRDA:59,6,1,0
BRF:14
BRH:0
end_of_record
TN:
SF:src/app/(app)/settings/invites/InvitesClient.tsx
FN:44,relTime
FN:62,expiresInChunk
FN:75,inviteTitle
FN:79,metaStateChunk
FN:98,expiryHint
FN:114,roleHint
FN:134,AdminIcon
FN:144,MemberIcon
FN:154,CardStateIcon
FN:173,NewInviteDialog
FN:181,(anonymous_10)
FN:191,handleSubmit
FN:210,(anonymous_12)
FN:215,(anonymous_13)
FN:235,(anonymous_14)
FN:252,(anonymous_15)
FN:260,(anonymous_16)
FN:272,(anonymous_17)
FN:277,(anonymous_18)
FN:307,InvitesClient
FN:320,(anonymous_20)
FN:325,(anonymous_21)
FN:325,(anonymous_22)
FN:326,(anonymous_23)
FN:327,(anonymous_24)
FN:331,(anonymous_25)
FN:338,onRevokeOne
FN:350,onDeleteOne
FN:355,onRevokeAll
FN:369,onClearHistory
FN:383,onCreate
FN:394,(anonymous_31)
FN:398,(anonymous_32)
FN:408,dismissOnboarding
FN:414,(anonymous_34)
FN:416,(anonymous_35)
FN:417,(anonymous_36)
FN:419,(anonymous_37)
FN:420,(anonymous_38)
FN:439,(anonymous_39)
FN:513,(anonymous_40)
FN:532,(anonymous_41)
FN:589,(anonymous_42)
FN:602,(anonymous_43)
FN:614,(anonymous_44)
FNF:45
FNH:0
FNDA:0,relTime
FNDA:0,expiresInChunk
FNDA:0,inviteTitle
FNDA:0,metaStateChunk
FNDA:0,expiryHint
FNDA:0,roleHint
FNDA:0,AdminIcon
FNDA:0,MemberIcon
FNDA:0,CardStateIcon
FNDA:0,NewInviteDialog
FNDA:0,(anonymous_10)
FNDA:0,handleSubmit
FNDA:0,(anonymous_12)
FNDA:0,(anonymous_13)
FNDA:0,(anonymous_14)
FNDA:0,(anonymous_15)
FNDA:0,(anonymous_16)
FNDA:0,(anonymous_17)
FNDA:0,(anonymous_18)
FNDA:0,InvitesClient
FNDA:0,(anonymous_20)
FNDA:0,(anonymous_21)
FNDA:0,(anonymous_22)
FNDA:0,(anonymous_23)
FNDA:0,(anonymous_24)
FNDA:0,(anonymous_25)
FNDA:0,onRevokeOne
FNDA:0,onDeleteOne
FNDA:0,onRevokeAll
FNDA:0,onClearHistory
FNDA:0,onCreate
FNDA:0,(anonymous_31)
FNDA:0,(anonymous_32)
FNDA:0,dismissOnboarding
FNDA:0,(anonymous_34)
FNDA:0,(anonymous_35)
FNDA:0,(anonymous_36)
FNDA:0,(anonymous_37)
FNDA:0,(anonymous_38)
FNDA:0,(anonymous_39)
FNDA:0,(anonymous_40)
FNDA:0,(anonymous_41)
FNDA:0,(anonymous_42)
FNDA:0,(anonymous_43)
FNDA:0,(anonymous_44)
DA:1,0
DA:39,0
DA:40,0
DA:45,0
DA:46,0
DA:47,0
DA:48,0
DA:49,0
DA:50,0
DA:51,0
DA:52,0
DA:53,0
DA:54,0
DA:55,0
DA:56,0
DA:57,0
DA:58,0
DA:59,0
DA:63,0
DA:64,0
DA:65,0
DA:66,0
DA:67,0
DA:68,0
DA:69,0
DA:70,0
DA:71,0
DA:72,0
DA:76,0
DA:80,0
DA:82,0
DA:84,0
DA:85,0
DA:88,0
DA:90,0
DA:92,0
DA:99,0
DA:100,0
DA:102,0
DA:103,0
DA:105,0
DA:111,0
DA:115,0
DA:135,0
DA:145,0
DA:155,0
DA:156,0
DA:157,0
DA:158,0
DA:174,0
DA:175,0
DA:176,0
DA:177,0
DA:178,0
DA:181,0
DA:182,0
DA:183,0
DA:184,0
DA:185,0
DA:186,0
DA:187,0
DA:192,0
DA:193,0
DA:194,0
DA:195,0
DA:197,0
DA:198,0
DA:199,0
DA:204,0
DA:205,0
DA:206,0
DA:210,0
DA:211,0
DA:212,0
DA:215,0
DA:216,0
DA:219,0
DA:235,0
DA:252,0
DA:260,0
DA:273,0
DA:277,0
DA:308,0
DA:309,0
DA:314,0
DA:315,0
DA:316,0
DA:317,0
DA:318,0
DA:320,0
DA:321,0
DA:322,0
DA:325,0
DA:326,0
DA:327,0
DA:331,0
DA:332,0
DA:333,0
DA:334,0
DA:335,0
DA:339,0
DA:345,0
DA:346,0
DA:347,0
DA:351,0
DA:352,0
DA:356,0
DA:357,0
DA:358,0
DA:364,0
DA:365,0
DA:366,0
DA:370,0
DA:371,0
DA:372,0
DA:378,0
DA:379,0
DA:380,0
DA:388,0
DA:393,0
DA:394,0
DA:395,0
DA:397,0
DA:398,0
DA:399,0
DA:400,0
DA:401,0
DA:402,0
DA:403,0
DA:404,0
DA:405,0
DA:409,0
DA:410,0
DA:414,0
DA:415,0
DA:416,0
DA:417,0
DA:418,0
DA:419,0
DA:420,0
DA:421,0
DA:424,0
DA:425,0
DA:426,0
DA:427,0
DA:429,0
DA:439,0
DA:513,0
DA:533,0
DA:535,0
DA:544,0
DA:545,0
DA:589,0
DA:602,0
DA:614,0
LF:155
LH:0
BRDA:49,0,0,0
BRDA:49,0,1,0
BRDA:49,1,0,0
BRDA:49,1,1,0
BRDA:51,2,0,0
BRDA:51,2,1,0
BRDA:51,3,0,0
BRDA:51,3,1,0
BRDA:53,4,0,0
BRDA:53,4,1,0
BRDA:53,5,0,0
BRDA:53,5,1,0
BRDA:55,6,0,0
BRDA:55,6,1,0
BRDA:55,7,0,0
BRDA:55,7,1,0
BRDA:56,8,0,0
BRDA:56,8,1,0
BRDA:56,9,0,0
BRDA:56,9,1,0
BRDA:58,10,0,0
BRDA:58,10,1,0
BRDA:58,11,0,0
BRDA:58,11,1,0
BRDA:59,12,0,0
BRDA:59,12,1,0
BRDA:63,13,0,0
BRDA:63,13,1,0
BRDA:65,14,0,0
BRDA:65,14,1,0
BRDA:69,15,0,0
BRDA:69,15,1,0
BRDA:69,16,0,0
BRDA:69,16,1,0
BRDA:70,17,0,0
BRDA:70,17,1,0
BRDA:71,18,0,0
BRDA:71,18,1,0
BRDA:76,19,0,0
BRDA:76,19,1,0
BRDA:80,20,0,0
BRDA:80,20,1,0
BRDA:80,20,2,0
BRDA:80,20,3,0
BRDA:80,20,4,0
BRDA:84,21,0,0
BRDA:84,21,1,0
BRDA:85,22,0,0
BRDA:85,22,1,0
BRDA:88,23,0,0
BRDA:88,23,1,0
BRDA:90,24,0,0
BRDA:90,24,1,0
BRDA:92,25,0,0
BRDA:92,25,1,0
BRDA:99,26,0,0
BRDA:99,26,1,0
BRDA:102,27,0,0
BRDA:102,27,1,0
BRDA:102,28,0,0
BRDA:102,28,1,0
BRDA:115,29,0,0
BRDA:115,29,1,0
BRDA:155,30,0,0
BRDA:155,30,1,0
BRDA:156,31,0,0
BRDA:156,31,1,0
BRDA:156,32,0,0
BRDA:156,32,1,0
BRDA:156,32,2,0
BRDA:182,33,0,0
BRDA:182,33,1,0
BRDA:193,34,0,0
BRDA:193,34,1,0
BRDA:193,35,0,0
BRDA:193,35,1,0
BRDA:200,36,0,0
BRDA:200,36,1,0
BRDA:205,37,0,0
BRDA:205,37,1,0
BRDA:216,38,0,0
BRDA:216,38,1,0
BRDA:227,39,0,0
BRDA:227,39,1,0
BRDA:239,40,0,0
BRDA:239,40,1,0
BRDA:251,41,0,0
BRDA:251,41,1,0
BRDA:259,42,0,0
BRDA:259,42,1,0
BRDA:276,43,0,0
BRDA:276,43,1,0
BRDA:279,44,0,0
BRDA:279,44,1,0
BRDA:294,45,0,0
BRDA:294,45,1,0
BRDA:321,46,0,0
BRDA:321,46,1,0
BRDA:333,47,0,0
BRDA:333,47,1,0
BRDA:345,48,0,0
BRDA:345,48,1,0
BRDA:357,49,0,0
BRDA:357,49,1,0
BRDA:364,50,0,0
BRDA:364,50,1,0
BRDA:371,51,0,0
BRDA:371,51,1,0
BRDA:378,52,0,0
BRDA:378,52,1,0
BRDA:393,53,0,0
BRDA:393,53,1,0
BRDA:395,54,0,0
BRDA:395,54,1,0
BRDA:425,55,0,0
BRDA:425,55,1,0
BRDA:426,56,0,0
BRDA:426,56,1,0
BRDA:427,57,0,0
BRDA:427,57,1,0
BRDA:459,58,0,0
BRDA:459,58,1,0
BRDA:471,59,0,0
BRDA:471,59,1,0
BRDA:483,60,0,0
BRDA:483,60,1,0
BRDA:520,61,0,0
BRDA:520,61,1,0
BRDA:530,62,0,0
BRDA:530,62,1,0
BRDA:535,63,0,0
BRDA:535,63,1,0
BRDA:537,64,0,0
BRDA:537,64,1,0
BRDA:539,65,0,0
BRDA:539,65,1,0
BRDA:541,66,0,0
BRDA:541,66,1,0
BRDA:548,67,0,0
BRDA:548,67,1,0
BRDA:558,68,0,0
BRDA:558,68,1,0
BRDA:564,69,0,0
BRDA:564,69,1,0
BRDA:570,70,0,0
BRDA:570,70,1,0
BRDA:577,71,0,0
BRDA:577,71,1,0
BRDA:578,72,0,0
BRDA:578,72,1,0
BRDA:595,73,0,0
BRDA:595,73,1,0
BRF:152
BRH:0
end_of_record
TN:
SF:src/app/(app)/settings/invites/page.tsx
FN:13,InvitesPage
FN:17,(anonymous_1)
FN:20,(anonymous_2)
FN:36,(anonymous_3)
FN:40,(anonymous_4)
FNF:5
FNH:0
FNDA:0,InvitesPage
FNDA:0,(anonymous_1)
FNDA:0,(anonymous_2)
FNDA:0,(anonymous_3)
FNDA:0,(anonymous_4)
DA:1,0
DA:14,0
DA:15,0
DA:17,0
DA:18,0
DA:19,0
DA:21,0
DA:22,0
DA:23,0
DA:25,0
DA:26,0
DA:27,0
DA:29,0
DA:30,0
DA:31,0
DA:33,0
DA:34,0
DA:37,0
DA:38,0
DA:40,0
DA:43,0
DA:44,0
DA:50,0
DA:51,0
DA:59,0
LF:25
LH:0
BRDA:21,0,0,0
BRDA:21,0,1,0
BRDA:25,1,0,0
BRDA:25,1,1,0
BRDA:29,2,0,0
BRDA:29,2,1,0
BRDA:37,3,0,0
BRDA:37,3,1,0
BRDA:43,4,0,0
BRDA:43,4,1,0
BRDA:46,5,0,0
BRDA:46,5,1,0
BRDA:50,6,0,0
BRDA:50,6,1,0
BRF:14
BRH:0
end_of_record
TN:
SF:src/app/api/agent-tokens/route.ts
FN:11,GET
FN:31,POST
FN:39,(anonymous_2)
FNF:3
FNH:2
FNDA:2,GET
FNDA:12,POST
FNDA:0,(anonymous_2)
DA:8,5
DA:9,5
DA:12,2
DA:13,2
DA:15,1
DA:17,1
DA:28,1
DA:32,12
DA:33,12
DA:34,12
DA:35,12
DA:37,0
DA:39,12
DA:40,12
DA:41,12
DA:42,12
DA:43,12
DA:44,12
DA:47,5
LF:19
LH:18
BRDA:33,0,0,0
BRDA:33,0,1,12
BRDA:40,1,0,0
BRDA:40,1,1,12
BRDA:42,2,0,0
BRDA:42,2,1,12
BRF:6
BRH:3
end_of_record
TN:
SF:src/app/api/agent-tokens/[id]/route.ts
FN:8,DELETE
FNF:1
FNH:1
FNDA:4,DELETE
DA:9,4
DA:10,4
DA:11,4
DA:12,4
DA:14,1
DA:16,3
DA:26,3
DA:42,3
DA:45,3
LF:9
LH:9
BRDA:10,0,0,0
BRDA:10,0,1,4
BRF:2
BRH:1
end_of_record
TN:
SF:src/app/api/agent/context/[annotationId]/route.ts
FN:13,buildFolderPath
FN:32,listVersionFiles
FN:36,(anonymous_2)
FN:52,GET
FN:127,(anonymous_4)
FN:147,(anonymous_5)
FN:169,safeParseAnchors
FNF:7
FNH:7
FNDA:5,buildFolderPath
FNDA:5,listVersionFiles
FNDA:5,(anonymous_2)
FNDA:8,GET
FNDA:5,(anonymous_4)
FNDA:5,(anonymous_5)
FNDA:5,safeParseAnchors
DA:11,1
DA:14,5
DA:15,1
DA:16,1
DA:17,1
DA:18,1
DA:19,2
DA:20,2
DA:21,2
DA:25,2
DA:26,2
DA:27,2
DA:29,1
DA:33,5
DA:34,5
DA:35,5
DA:36,5
DA:37,5
DA:38,9
DA:39,9
DA:40,9
DA:41,9
DA:42,9
DA:44,0
DA:48,5
DA:49,5
DA:53,8
DA:54,8
DA:55,7
DA:57,7
DA:61,7
DA:63,6
DA:72,6
DA:73,0
DA:76,6
DA:77,6
DA:78,8
DA:79,8
DA:84,8
DA:85,1
DA:89,5
DA:97,5
DA:100,5
DA:101,5
DA:102,1
DA:110,1
DA:111,1
DA:112,1
DA:113,1
DA:114,1
DA:115,1
DA:125,5
DA:126,8
DA:127,5
DA:130,5
DA:147,5
DA:170,5
DA:171,5
DA:172,5
DA:174,0
DA:178,1
LF:61
LH:58
BRDA:14,0,0,4
BRDA:14,0,1,1
BRDA:19,1,0,0
BRDA:19,1,1,2
BRDA:25,2,0,0
BRDA:25,2,1,2
BRDA:35,3,0,0
BRDA:35,3,1,5
BRDA:36,4,0,5
BRDA:39,5,0,0
BRDA:39,5,1,9
BRDA:40,6,0,0
BRDA:40,6,1,9
BRDA:41,7,0,9
BRDA:41,7,1,0
BRDA:54,8,0,1
BRDA:54,8,1,7
BRDA:61,9,0,1
BRDA:61,9,1,6
BRDA:72,10,0,0
BRDA:72,10,1,6
BRDA:77,11,0,6
BRDA:77,11,1,0
BRDA:78,12,0,8
BRDA:78,12,1,0
BRDA:84,13,0,1
BRDA:84,13,1,7
BRDA:101,14,0,1
BRDA:101,14,1,4
BRDA:101,15,0,5
BRDA:101,15,1,5
BRDA:112,16,0,1
BRDA:112,16,1,0
BRDA:112,17,0,1
BRDA:112,17,1,0
BRDA:113,18,0,1
BRDA:113,18,1,0
BRDA:114,19,0,1
BRDA:114,19,1,0
BRDA:125,20,0,5
BRDA:125,20,1,0
BRDA:135,21,0,0
BRDA:135,21,1,5
BRDA:145,22,0,8
BRDA:145,22,1,0
BRDA:146,23,0,8
BRDA:146,23,1,0
BRDA:151,24,0,5
BRDA:151,24,1,0
BRDA:162,25,0,8
BRDA:162,25,1,4
BRDA:172,26,0,5
BRDA:172,26,1,0
BRF:53
BRH:34
end_of_record
TN:
SF:src/app/api/annotations/[id]/route.ts
FN:19,GET
FN:45,(anonymous_1)
FN:57,PATCH
FN:63,(anonymous_3)
FN:82,DELETE
FN:112,(anonymous_5)
FNF:6
FNH:2
FNDA:2,GET
FNDA:1,(anonymous_1)
FNDA:0,PATCH
FNDA:0,(anonymous_3)
FNDA:0,DELETE
FNDA:0,(anonymous_5)
DA:15,1
DA:20,2
DA:21,2
DA:22,2
DA:23,2
DA:24,2
DA:25,1
DA:26,1
DA:27,1
DA:28,1
DA:32,1
DA:45,1
DA:58,0
DA:59,0
DA:60,0
DA:61,0
DA:62,0
DA:63,0
DA:64,0
DA:65,0
DA:66,0
DA:71,0
DA:72,0
DA:73,0
DA:74,0
DA:75,0
DA:76,0
DA:78,0
DA:79,0
DA:83,0
DA:84,0
DA:85,0
DA:86,0
DA:87,0
DA:91,0
DA:94,0
DA:95,0
DA:101,0
DA:106,0
DA:107,0
DA:111,0
DA:112,0
DA:113,0
DA:115,0
DA:117,0
DA:118,0
DA:127,0
DA:130,1
LF:48
LH:13
BRDA:21,0,0,0
BRDA:21,0,1,2
BRDA:24,1,0,1
BRDA:24,1,1,1
BRDA:41,2,0,1
BRDA:41,2,1,0
BRDA:59,3,0,0
BRDA:59,3,1,0
BRDA:61,4,0,0
BRDA:61,4,1,0
BRDA:65,5,0,0
BRDA:65,5,1,0
BRDA:72,6,0,0
BRDA:72,6,1,0
BRDA:74,7,0,0
BRDA:74,7,1,0
BRDA:75,8,0,0
BRDA:75,8,1,0
BRDA:84,9,0,0
BRDA:84,9,1,0
BRDA:91,10,0,0
BRDA:91,10,1,0
BRDA:106,11,0,0
BRDA:106,11,1,0
BRDA:111,12,0,0
BRDA:111,12,1,0
BRF:26
BRH:4
end_of_record
TN:
SF:src/app/api/annotations/[id]/detail/route.ts
FN:18,GET
FN:36,(anonymous_1)
FN:80,(anonymous_2)
FNF:3
FNH:0
FNDA:0,GET
FNDA:0,(anonymous_1)
FNDA:0,(anonymous_2)
DA:19,0
DA:20,0
DA:22,0
DA:23,0
DA:24,0
DA:25,0
DA:28,0
DA:29,0
DA:36,0
DA:40,0
DA:41,0
DA:42,0
DA:45,0
DA:46,0
DA:51,0
DA:52,0
DA:53,0
DA:54,0
DA:55,0
DA:56,0
DA:57,0
DA:62,0
DA:63,0
DA:64,0
DA:65,0
DA:66,0
DA:69,0
DA:80,0
DA:95,0
LF:29
LH:0
BRDA:20,0,0,0
BRDA:20,0,1,0
BRDA:24,1,0,0
BRDA:24,1,1,0
BRDA:28,2,0,0
BRDA:28,2,1,0
BRDA:45,3,0,0
BRDA:45,3,1,0
BRDA:46,4,0,0
BRDA:46,4,1,0
BRDA:78,5,0,0
BRDA:78,5,1,0
BRDA:79,6,0,0
BRDA:79,6,1,0
BRF:14
BRH:0
end_of_record
TN:
SF:src/app/api/annotations/[id]/region/route.ts
FN:12,GET
FNF:1
FNH:1
FNDA:5,GET
DA:10,1
DA:13,5
DA:14,5
DA:15,4
DA:16,4
DA:17,4
DA:18,4
DA:19,1
DA:21,3
DA:22,3
DA:24,3
DA:25,3
DA:26,0
DA:28,3
DA:29,3
DA:30,3
DA:31,3
DA:34,5
DA:35,1
DA:37,2
DA:38,2
DA:45,2
DA:47,3
DA:55,1
LF:24
LH:23
BRDA:14,0,0,1
BRDA:14,0,1,4
BRDA:17,1,0,0
BRDA:17,1,1,4
BRDA:18,2,0,1
BRDA:18,2,1,3
BRDA:22,3,0,0
BRDA:22,3,1,3
BRDA:25,4,0,0
BRDA:25,4,1,3
BRDA:31,5,0,1
BRDA:31,5,1,2
BRDA:34,6,0,1
BRDA:34,6,1,2
BRDA:34,7,0,5
BRDA:34,7,1,1
BRF:16
BRH:13
end_of_record
TN:
SF:src/app/api/annotations/[id]/screenshot/route.ts
FN:8,GET
FNF:1
FNH:1
FNDA:2,GET
DA:9,2
DA:10,2
DA:11,1
DA:12,1
DA:13,1
DA:14,1
DA:15,1
DA:16,1
DA:17,1
DA:23,1
LF:10
LH:10
BRDA:10,0,0,1
BRDA:10,0,1,1
BRDA:13,1,0,0
BRDA:13,1,1,1
BRDA:15,2,0,0
BRDA:15,2,1,1
BRF:6
BRH:4
end_of_record
TN:
SF:src/app/api/annotations/[id]/tldraw/route.ts
FN:7,PUT
FNF:1
FNH:0
FNDA:0,PUT
DA:8,0
DA:9,0
DA:10,0
DA:11,0
DA:13,0
DA:14,0
DA:17,0
DA:18,0
DA:20,0
DA:22,0
DA:23,0
DA:25,0
DA:26,0
DA:27,0
DA:28,0
DA:31,0
LF:16
LH:0
BRDA:9,0,0,0
BRDA:9,0,1,0
BRDA:14,1,0,0
BRDA:14,1,1,0
BRDA:22,2,0,0
BRDA:22,2,1,0
BRDA:22,3,0,0
BRDA:22,3,1,0
BRDA:26,4,0,0
BRDA:26,4,1,0
BRDA:27,5,0,0
BRDA:27,5,1,0
BRF:12
BRH:0
end_of_record
TN:
SF:src/app/api/auth/login/route.ts
FN:13,POST
FN:25,(anonymous_1)
FNF:2
FNH:1
FNDA:2,POST
FNDA:0,(anonymous_1)
DA:10,1
DA:14,2
DA:15,2
DA:16,2
DA:17,2
DA:18,2
DA:19,0
DA:20,0
DA:25,2
DA:26,2
DA:27,2
DA:28,2
DA:29,1
DA:30,1
DA:32,1
DA:33,1
DA:34,1
DA:35,1
DA:42,1
DA:45,1
LF:20
LH:18
BRDA:15,0,0,0
BRDA:15,0,1,2
BRDA:18,1,0,0
BRDA:18,1,1,2
BRDA:26,2,0,0
BRDA:26,2,1,2
BRDA:28,3,0,1
BRDA:28,3,1,1
BRDA:28,4,0,2
BRDA:28,4,1,2
BRF:10
BRH:7
end_of_record
TN:
SF:src/app/api/auth/logout/route.ts
FN:6,POST
FNF:1
FNH:1
FNDA:1,POST
DA:7,1
DA:8,1
DA:9,1
DA:10,1
DA:11,1
DA:12,1
DA:13,1
DA:16,1
LF:8
LH:8
BRDA:8,0,0,0
BRDA:8,0,1,1
BRDA:10,1,0,1
BRDA:10,1,1,0
BRF:4
BRH:2
end_of_record
TN:
SF:src/app/api/auth/me/route.ts
FN:6,GET
FN:21,(anonymous_1)
FNF:2
FNH:2
FNDA:2,GET
FNDA:1,(anonymous_1)
DA:7,2
DA:8,2
DA:17,1
DA:18,1
DA:21,1
DA:22,1
DA:23,1
DA:25,1
DA:26,1
DA:27,1
DA:35,0
DA:38,1
LF:12
LH:11
BRDA:8,0,0,1
BRDA:8,0,1,1
BRDA:22,1,0,1
BRDA:22,1,1,0
BRDA:25,2,0,1
BRDA:25,2,1,0
BRF:6
BRH:4
end_of_record
TN:
SF:src/app/api/auth/setup/route.ts
FN:19,POST
FNF:1
FNH:1
FNDA:119,POST
DA:11,21
DA:20,119
DA:21,119
DA:22,119
DA:23,119
DA:24,119
DA:25,1
DA:26,1
DA:31,118
DA:32,5
DA:35,113
DA:36,113
DA:38,1
DA:40,112
DA:41,112
DA:44,112
DA:45,112
DA:46,112
DA:47,112
DA:48,112
DA:55,112
DA:58,21
LF:22
LH:22
BRDA:21,0,0,0
BRDA:21,0,1,119
BRDA:24,1,0,1
BRDA:24,1,1,118
BRDA:31,2,0,5
BRDA:31,2,1,113
BRF:6
BRH:5
end_of_record
TN:
SF:src/app/api/auth/setup-status/route.ts
FN:7,GET
FNF:1
FNH:1
FNDA:3,GET
DA:8,3
DA:9,3
DA:12,1
LF:3
LH:3
BRF:0
BRH:0
end_of_record
TN:
SF:src/app/api/folders/[id]/route.ts
FN:16,GET
FN:25,PATCH
FN:34,(anonymous_2)
FN:45,DELETE
FN:59,(anonymous_4)
FNF:5
FNH:4
FNDA:1,GET
FNDA:1,PATCH
FNDA:0,(anonymous_2)
FNDA:4,DELETE
FNDA:4,(anonymous_4)
DA:12,2
DA:17,1
DA:18,1
DA:19,1
DA:20,1
DA:21,1
DA:22,1
DA:26,1
DA:27,1
DA:28,1
DA:29,1
DA:31,1
DA:32,1
DA:34,1
DA:35,1
DA:36,0
DA:37,0
DA:39,1
DA:40,1
DA:41,1
DA:42,1
DA:46,4
DA:47,4
DA:48,4
DA:49,4
DA:51,4
DA:52,4
DA:53,4
DA:58,4
DA:59,4
DA:60,4
DA:61,2
DA:63,2
DA:65,2
DA:66,2
DA:68,2
DA:72,2
LF:37
LH:35
BRDA:18,0,0,0
BRDA:18,0,1,1
BRDA:21,1,0,0
BRDA:21,1,1,1
BRDA:27,2,0,0
BRDA:27,2,1,1
BRDA:32,3,0,0
BRDA:32,3,1,1
BRDA:35,4,0,0
BRDA:35,4,1,1
BRDA:36,5,0,0
BRDA:36,5,1,0
BRDA:40,6,0,0
BRDA:40,6,1,1
BRDA:41,7,0,0
BRDA:41,7,1,1
BRDA:47,8,0,0
BRDA:47,8,1,4
BRDA:52,9,0,0
BRDA:52,9,1,4
BRDA:60,10,0,2
BRDA:60,10,1,2
BRDA:65,11,0,0
BRDA:65,11,1,2
BRF:24
BRH:12
end_of_record
TN:
SF:src/app/api/folders/[id]/move/route.ts
FN:13,POST
FN:22,(anonymous_1)
FNF:2
FNH:1
FNDA:2,POST
FNDA:0,(anonymous_1)
DA:8,1
DA:14,2
DA:15,2
DA:16,2
DA:17,2
DA:19,2
DA:20,2
DA:22,2
DA:23,2
DA:25,2
DA:26,2
DA:27,1
DA:28,1
DA:29,1
DA:31,1
DA:34,1
LF:16
LH:16
BRDA:15,0,0,0
BRDA:15,0,1,2
BRDA:20,1,0,0
BRDA:20,1,1,2
BRDA:23,2,0,0
BRDA:23,2,1,2
BRDA:26,3,0,1
BRDA:26,3,1,1
BRDA:28,4,0,1
BRDA:28,4,1,1
BRDA:29,5,0,0
BRDA:29,5,1,1
BRF:12
BRH:8
end_of_record
TN:
SF:src/app/api/health/route.ts
FN:8,getProbe
FN:14,GET
FNF:2
FNH:2
FNDA:1,getProbe
FNDA:1,GET
DA:6,1
DA:9,1
DA:10,1
DA:15,1
DA:16,1
DA:18,0
DA:20,1
DA:21,0
DA:23,1
DA:26,1
LF:10
LH:8
BRDA:9,0,0,1
BRDA:9,0,1,0
BRDA:20,1,0,0
BRDA:20,1,1,1
BRF:4
BRH:2
end_of_record
TN:
SF:src/app/api/home/route.ts
FN:19,GET
FNF:1
FNH:1
FNDA:3,GET
DA:20,3
DA:21,3
DA:22,3
DA:23,1
DA:25,2
DA:29,2
DA:34,3
DA:35,2
DA:37,0
DA:41,1
LF:10
LH:9
BRDA:22,0,0,1
BRDA:22,0,1,2
BRDA:22,1,0,3
BRDA:22,1,1,2
BRDA:30,2,0,2
BRDA:30,2,1,0
BRDA:31,3,0,3
BRDA:31,3,1,0
BRDA:32,4,0,2
BRDA:32,4,1,0
BRF:10
BRH:7
end_of_record
TN:
SF:src/app/api/invites/route.ts
FN:14,GET
FN:25,(anonymous_1)
FN:40,POST
FN:49,(anonymous_3)
FNF:4
FNH:3
FNDA:3,GET
FNDA:4,(anonymous_1)
FNDA:23,POST
FNDA:0,(anonymous_3)
DA:8,1
DA:15,3
DA:16,3
DA:18,0
DA:20,3
DA:24,3
DA:25,4
DA:37,3
DA:41,23
DA:42,23
DA:44,22
DA:45,22
DA:47,1
DA:49,21
DA:50,21
DA:51,1
DA:53,20
DA:54,23
DA:60,20
DA:74,1
LF:20
LH:19
BRDA:33,0,0,4
BRDA:33,0,1,4
BRDA:42,1,0,1
BRDA:42,1,1,22
BRDA:50,2,0,1
BRDA:50,2,1,20
BRDA:53,3,0,3
BRDA:53,3,1,17
BRF:8
BRH:8
end_of_record
TN:
SF:src/app/api/invites/[id]/route.ts
FN:9,DELETE
FNF:1
FNH:1
FNDA:2,DELETE
DA:10,2
DA:11,2
DA:12,2
DA:13,2
DA:15,0
DA:17,2
DA:18,2
DA:19,2
DA:20,2
DA:21,2
DA:22,1
DA:26,1
DA:28,1
DA:29,1
DA:32,1
LF:15
LH:14
BRDA:11,0,0,0
BRDA:11,0,1,2
BRDA:19,1,0,0
BRDA:19,1,1,2
BRDA:21,2,0,1
BRDA:21,2,1,1
BRF:6
BRH:4
end_of_record
TN:
SF:src/app/api/invites/[id]/redeem/route.ts
FN:19,bumpFailedAttempts
FN:26,(anonymous_1)
FN:34,(anonymous_2)
FN:41,POST
FN:60,(anonymous_4)
FN:90,(anonymous_5)
FN:108,(anonymous_6)
FNF:7
FNH:4
FNDA:24,bumpFailedAttempts
FNDA:0,(anonymous_1)
FNDA:0,(anonymous_2)
FNDA:31,POST
FNDA:0,(anonymous_4)
FNDA:5,(anonymous_5)
FNDA:1,(anonymous_6)
DA:11,1
DA:13,1
DA:20,24
DA:26,0
DA:27,24
DA:28,24
DA:29,1
DA:34,0
DA:42,31
DA:43,31
DA:45,31
DA:46,31
DA:47,31
DA:48,1
DA:54,30
DA:55,30
DA:56,30
DA:57,0
DA:60,30
DA:61,30
DA:62,22
DA:63,22
DA:66,8
DA:67,8
DA:68,1
DA:71,7
DA:72,7
DA:73,1
DA:74,1
DA:78,6
DA:79,6
DA:80,1
DA:81,1
DA:84,5
DA:89,5
DA:91,5
DA:99,5
DA:103,5
DA:104,1
DA:106,4
DA:109,1
DA:110,1
DA:112,0
DA:113,0
DA:116,5
DA:117,1
DA:118,1
DA:120,0
DA:123,4
DA:124,4
DA:128,4
DA:135,4
DA:136,4
DA:139,1
LF:54
LH:48
BRDA:27,0,0,0
BRDA:27,0,1,24
BRDA:28,1,0,1
BRDA:28,1,1,23
BRDA:43,2,0,0
BRDA:43,2,1,31
BRDA:47,3,0,1
BRDA:47,3,1,30
BRDA:56,4,0,0
BRDA:56,4,1,30
BRDA:61,5,0,22
BRDA:61,5,1,8
BRDA:67,6,0,1
BRDA:67,6,1,7
BRDA:72,7,0,1
BRDA:72,7,1,6
BRDA:72,8,0,7
BRDA:72,8,1,1
BRDA:79,9,0,1
BRDA:79,9,1,5
BRDA:103,10,0,1
BRDA:103,10,1,4
BRDA:109,11,0,1
BRDA:109,11,1,0
BRDA:116,12,0,1
BRDA:116,12,1,4
BRDA:116,13,0,5
BRDA:116,13,1,5
BRDA:117,14,0,1
BRDA:117,14,1,0
BRF:30
BRH:25
end_of_record
TN:
SF:src/app/api/invites/[id]/state/route.ts
FN:9,GET
FNF:1
FNH:1
FNDA:8,GET
DA:10,8
DA:11,8
DA:12,8
DA:13,1
DA:15,7
DA:16,7
DA:17,5
DA:19,2
DA:22,1
LF:9
LH:9
BRDA:12,0,0,1
BRDA:12,0,1,7
BRDA:16,1,0,5
BRDA:16,1,1,2
BRF:4
BRH:4
end_of_record
TN:
SF:src/app/api/invites/history/route.ts
FN:6,DELETE
FNF:1
FNH:1
FNDA:1,DELETE
DA:7,1
DA:8,1
DA:9,1
DA:10,1
DA:12,0
DA:14,1
DA:15,1
DA:23,1
DA:26,1
LF:9
LH:8
BRDA:8,0,0,0
BRDA:8,0,1,1
BRF:2
BRH:1
end_of_record
TN:
SF:src/app/api/invites/revoke-all/route.ts
FN:6,POST
FNF:1
FNH:1
FNDA:1,POST
DA:7,1
DA:8,1
DA:9,1
DA:10,1
DA:12,0
DA:14,1
DA:15,1
DA:22,1
DA:25,1
LF:9
LH:8
BRDA:8,0,0,0
BRDA:8,0,1,1
BRF:2
BRH:1
end_of_record
TN:
SF:src/app/api/messages/[id]/route.ts
FN:22,PATCH
FN:32,(anonymous_1)
FN:69,DELETE
FNF:3
FNH:0
FNDA:0,PATCH
FNDA:0,(anonymous_1)
FNDA:0,DELETE
DA:9,0
DA:23,0
DA:24,0
DA:25,0
DA:26,0
DA:28,0
DA:29,0
DA:31,0
DA:32,0
DA:33,0
DA:34,0
DA:35,0
DA:38,0
DA:39,0
DA:42,0
DA:43,0
DA:46,0
DA:51,0
DA:56,0
DA:70,0
DA:71,0
DA:72,0
DA:74,0
DA:75,0
DA:76,0
DA:78,0
DA:79,0
DA:85,0
DA:88,0
DA:93,0
DA:94,0
DA:100,0
DA:101,0
DA:110,0
DA:113,0
LF:35
LH:0
BRDA:24,0,0,0
BRDA:24,0,1,0
BRDA:26,1,0,0
BRDA:26,1,1,0
BRDA:28,2,0,0
BRDA:28,2,1,0
BRDA:29,3,0,0
BRDA:29,3,1,0
BRDA:34,4,0,0
BRDA:34,4,1,0
BRDA:39,5,0,0
BRDA:39,5,1,0
BRDA:42,6,0,0
BRDA:42,6,1,0
BRDA:42,7,0,0
BRDA:42,7,1,0
BRDA:71,8,0,0
BRDA:71,8,1,0
BRDA:76,9,0,0
BRDA:76,9,1,0
BRDA:93,10,0,0
BRDA:93,10,1,0
BRF:22
BRH:0
end_of_record
TN:
SF:src/app/api/messages/[id]/reactions/route.ts
FN:24,POST
FN:33,(anonymous_1)
FNF:2
FNH:1
FNDA:5,POST
FNDA:0,(anonymous_1)
DA:7,1
DA:25,5
DA:26,5
DA:27,5
DA:28,5
DA:30,5
DA:32,5
DA:33,5
DA:34,5
DA:35,5
DA:36,1
DA:38,4
DA:40,4
DA:41,4
DA:43,3
DA:47,3
DA:48,1
DA:50,2
DA:56,3
DA:61,3
DA:62,3
DA:63,2
DA:64,2
DA:67,3
DA:70,1
LF:25
LH:25
BRDA:26,0,0,0
BRDA:26,0,1,5
BRDA:28,1,0,0
BRDA:28,1,1,5
BRDA:30,2,0,5
BRDA:30,2,1,0
BRDA:35,3,0,1
BRDA:35,3,1,4
BRDA:41,4,0,1
BRDA:41,4,1,3
BRDA:47,5,0,1
BRDA:47,5,1,2
BRDA:63,6,0,2
BRDA:63,6,1,0
BRF:14
BRH:10
end_of_record
TN:
SF:src/app/api/mockups/route.ts
FN:15,POST
FN:137,GET
FN:145,(anonymous_2)
FN:153,(anonymous_3)
FNF:4
FNH:4
FNDA:45,POST
FNDA:1,GET
FNDA:2,(anonymous_2)
FNDA:1,(anonymous_3)
DA:12,9
DA:16,45
DA:17,45
DA:18,45
DA:19,45
DA:20,1
DA:29,44
DA:30,44
DA:31,44
DA:32,1
DA:35,43
DA:36,43
DA:37,43
DA:38,43
DA:39,43
DA:40,0
DA:42,43
DA:43,0
DA:45,43
DA:46,0
DA:48,43
DA:49,0
DA:52,43
DA:53,43
DA:54,43
DA:55,0
DA:57,43
DA:58,0
DA:60,43
DA:61,2
DA:62,2
DA:64,42
DA:65,1
DA:66,1
DA:67,1
DA:68,0
DA:72,42
DA:76,42
DA:77,0
DA:86,42
DA:87,45
DA:88,45
DA:90,45
DA:92,45
DA:93,45
DA:94,45
DA:95,45
DA:96,1
DA:98,41
DA:101,42
DA:102,42
DA:115,42
DA:128,0
DA:133,42
DA:138,1
DA:139,1
DA:140,1
DA:141,1
DA:143,1
DA:145,2
DA:146,1
DA:147,0
DA:149,1
DA:150,1
DA:151,1
DA:152,1
DA:153,1
DA:165,9
LF:68
LH:58
BRDA:17,0,0,0
BRDA:17,0,1,45
BRDA:19,1,0,1
BRDA:19,1,1,44
BRDA:31,2,0,1
BRDA:31,2,1,43
BRDA:31,3,0,44
BRDA:31,3,1,1
BRDA:39,4,0,0
BRDA:39,4,1,43
BRDA:39,5,0,43
BRDA:39,5,1,43
BRDA:42,6,0,0
BRDA:42,6,1,43
BRDA:45,7,0,0
BRDA:45,7,1,43
BRDA:48,8,0,0
BRDA:48,8,1,43
BRDA:48,9,0,43
BRDA:48,9,1,2
BRDA:54,10,0,0
BRDA:54,10,1,43
BRDA:54,11,0,43
BRDA:54,11,1,2
BRDA:57,12,0,0
BRDA:57,12,1,43
BRDA:57,13,0,43
BRDA:57,13,1,1
BRDA:60,14,0,2
BRDA:60,14,1,41
BRDA:62,15,0,1
BRDA:62,15,1,1
BRDA:64,16,0,1
BRDA:64,16,1,41
BRDA:66,17,0,0
BRDA:66,17,1,1
BRDA:67,18,0,0
BRDA:67,18,1,1
BRDA:67,19,0,1
BRDA:67,19,1,1
BRDA:76,20,0,0
BRDA:76,20,1,42
BRDA:86,21,0,42
BRDA:86,21,1,0
BRDA:90,22,0,45
BRDA:90,22,1,41
BRDA:90,22,2,0
BRDA:95,23,0,1
BRDA:95,23,1,41
BRDA:104,24,0,2
BRDA:104,24,1,40
BRDA:107,25,0,42
BRDA:107,25,1,0
BRDA:110,26,0,42
BRDA:110,26,1,0
BRDA:112,27,0,1
BRDA:112,27,1,41
BRDA:113,28,0,1
BRDA:113,28,1,41
BRDA:139,29,0,0
BRDA:139,29,1,1
BRDA:141,30,0,1
BRDA:141,30,1,1
BRDA:143,31,0,0
BRDA:143,31,1,1
BRDA:146,32,0,0
BRDA:146,32,1,1
BRDA:149,33,0,1
BRDA:149,33,1,1
BRDA:150,34,0,1
BRDA:150,34,1,1
BRF:71
BRH:54
end_of_record
TN:
SF:src/app/api/mockups/[id]/route.ts
FN:31,GET
FN:40,PATCH
FN:49,(anonymous_2)
FN:135,DELETE
FNF:4
FNH:2
FNDA:2,GET
FNDA:1,PATCH
FNDA:0,(anonymous_2)
FNDA:0,DELETE
DA:21,1
DA:32,2
DA:33,2
DA:34,2
DA:35,2
DA:36,2
DA:37,1
DA:41,1
DA:42,1
DA:44,1
DA:45,1
DA:47,1
DA:49,1
DA:50,1
DA:51,0
DA:52,0
DA:55,1
DA:56,1
DA:57,0
DA:61,1
DA:62,1
DA:66,1
DA:75,1
DA:76,1
DA:77,0
DA:79,1
DA:80,0
DA:81,0
DA:82,0
DA:83,0
DA:88,1
DA:89,0
DA:91,1
DA:92,1
DA:94,1
DA:99,0
DA:109,1
DA:119,1
DA:120,1
DA:121,1
DA:136,0
DA:137,0
DA:138,0
DA:139,0
DA:141,0
DA:142,0
DA:144,0
DA:145,0
DA:146,0
DA:149,1
LF:50
LH:31
BRDA:33,0,0,0
BRDA:33,0,1,2
BRDA:36,1,0,1
BRDA:36,1,1,1
BRDA:42,2,0,0
BRDA:42,2,1,1
BRDA:45,3,0,0
BRDA:45,3,1,1
BRDA:50,4,0,0
BRDA:50,4,1,1
BRDA:51,5,0,0
BRDA:51,5,1,0
BRDA:56,6,0,0
BRDA:56,6,1,1
BRDA:62,7,0,0
BRDA:62,7,1,1
BRDA:68,8,0,0
BRDA:68,8,1,1
BRDA:71,9,0,0
BRDA:71,9,1,1
BRDA:75,10,0,0
BRDA:75,10,1,1
BRDA:76,11,0,0
BRDA:76,11,1,1
BRDA:76,12,0,1
BRDA:76,12,1,0
BRDA:79,13,0,0
BRDA:79,13,1,1
BRDA:80,14,0,0
BRDA:80,14,1,0
BRDA:81,15,0,0
BRDA:81,15,1,0
BRDA:82,16,0,0
BRDA:82,16,1,0
BRDA:82,17,0,0
BRDA:82,17,1,0
BRDA:88,18,0,0
BRDA:88,18,1,1
BRDA:91,19,0,1
BRDA:91,19,1,0
BRDA:94,20,0,0
BRDA:94,20,1,1
BRDA:95,21,0,1
BRDA:95,21,1,1
BRDA:95,21,2,1
BRDA:102,22,0,0
BRDA:102,22,1,0
BRDA:103,23,0,0
BRDA:103,23,1,0
BRDA:104,24,0,0
BRDA:104,24,1,0
BRDA:120,25,0,0
BRDA:120,25,1,1
BRDA:137,26,0,0
BRDA:137,26,1,0
BRDA:142,27,0,0
BRDA:142,27,1,0
BRDA:145,28,0,0
BRDA:145,28,1,0
BRF:59
BRH:21
end_of_record
TN:
SF:src/app/api/mockups/[id]/annotations/route.ts
FN:33,POST
FN:46,(anonymous_1)
FN:81,GET
FN:87,(anonymous_3)
FNF:4
FNH:1
FNDA:7,POST
FNDA:0,(anonymous_1)
FNDA:0,GET
FNDA:0,(anonymous_3)
DA:14,1
DA:20,1
DA:25,1
DA:26,1
DA:34,7
DA:35,7
DA:36,7
DA:37,7
DA:38,7
DA:42,7
DA:43,7
DA:44,0
DA:46,7
DA:47,7
DA:48,7
DA:49,1
DA:53,6
DA:57,6
DA:58,0
DA:60,6
DA:69,6
DA:82,0
DA:83,0
DA:84,0
DA:85,0
DA:86,0
DA:87,0
DA:97,1
LF:28
LH:20
BRDA:35,0,0,0
BRDA:35,0,1,7
BRDA:37,1,0,0
BRDA:37,1,1,7
BRDA:42,2,0,7
BRDA:42,2,1,0
BRDA:43,3,0,0
BRDA:43,3,1,7
BRDA:48,4,0,1
BRDA:48,4,1,6
BRDA:57,5,0,0
BRDA:57,5,1,6
BRDA:66,6,0,6
BRDA:66,6,1,0
BRDA:83,7,0,0
BRDA:83,7,1,0
BRDA:91,8,0,0
BRDA:91,8,1,0
BRDA:92,9,0,0
BRDA:92,9,1,0
BRF:20
BRH:8
end_of_record
TN:
SF:src/app/api/mockups/[id]/diff/route.ts
FN:11,listFiles
FN:26,GET
FNF:2
FNH:2
FNDA:6,listFiles
FNDA:5,GET
DA:9,1
DA:12,6
DA:13,6
DA:14,6
DA:15,6
DA:16,6
DA:17,6
DA:18,0
DA:20,6
DA:23,6
DA:27,5
DA:28,5
DA:29,4
DA:31,4
DA:32,4
DA:33,4
DA:34,4
DA:35,5
DA:36,1
DA:39,3
DA:43,3
DA:44,0
DA:47,3
DA:48,3
DA:49,3
DA:50,3
DA:52,3
DA:53,3
DA:54,3
DA:55,3
DA:56,3
DA:57,3
DA:58,0
DA:59,0
DA:60,0
DA:61,0
DA:62,0
DA:64,3
DA:65,3
DA:66,3
DA:72,3
DA:74,3
DA:75,3
DA:76,1
DA:78,2
DA:83,1
LF:46
LH:39
BRDA:11,0,0,6
BRDA:13,1,0,0
BRDA:13,1,1,6
BRDA:16,2,0,0
BRDA:16,2,1,6
BRDA:17,3,0,0
BRDA:17,3,1,6
BRDA:28,4,0,1
BRDA:28,4,1,4
BRDA:34,5,0,4
BRDA:34,5,1,2
BRDA:35,6,0,1
BRDA:35,6,1,4
BRDA:35,7,0,5
BRDA:35,7,1,3
BRDA:43,8,0,0
BRDA:43,8,1,3
BRDA:43,9,0,3
BRDA:43,9,1,3
BRDA:57,10,0,0
BRDA:57,10,1,3
BRDA:58,11,0,0
BRDA:58,11,1,0
BRDA:59,12,0,0
BRDA:59,12,1,0
BRDA:60,13,0,0
BRDA:60,13,1,0
BRDA:60,13,2,0
BRDA:60,13,3,0
BRDA:60,13,4,0
BRDA:60,13,5,0
BRDA:60,13,6,0
BRDA:61,14,0,0
BRDA:61,14,1,0
BRDA:64,15,0,3
BRDA:64,15,1,0
BRDA:65,16,0,3
BRDA:65,16,1,0
BRDA:72,17,0,2
BRDA:72,17,1,1
BRDA:75,18,0,1
BRDA:75,18,1,2
BRF:42
BRH:22
end_of_record
TN:
SF:src/app/api/mockups/[id]/diff-versions/route.ts
FN:10,GET
FNF:1
FNH:1
FNDA:6,GET
DA:11,6
DA:12,6
DA:14,5
DA:15,5
DA:16,5
DA:17,5
DA:19,5
DA:20,5
DA:21,1
DA:23,4
DA:24,6
DA:25,3
DA:27,1
DA:35,1
LF:14
LH:14
BRDA:12,0,0,1
BRDA:12,0,1,5
BRDA:20,1,0,1
BRDA:20,1,1,4
BRDA:23,2,0,4
BRDA:23,2,1,4
BRDA:24,3,0,3
BRDA:24,3,1,3
BRF:8
BRH:8
end_of_record
TN:
SF:src/app/api/mockups/[id]/move/route.ts
FN:14,POST
FN:23,(anonymous_1)
FNF:2
FNH:1
FNDA:1,POST
FNDA:0,(anonymous_1)
DA:8,1
DA:15,1
DA:16,1
DA:17,1
DA:18,1
DA:20,1
DA:21,1
DA:23,1
DA:24,1
DA:26,1
DA:27,1
DA:28,0
DA:30,1
DA:33,1
LF:14
LH:13
BRDA:16,0,0,0
BRDA:16,0,1,1
BRDA:21,1,0,0
BRDA:21,1,1,1
BRDA:24,2,0,0
BRDA:24,2,1,1
BRDA:27,3,0,0
BRDA:27,3,1,1
BRF:8
BRH:4
end_of_record
TN:
SF:src/app/api/mockups/[id]/thumbnail/route.ts
FN:18,GET
FN:42,POST
FNF:2
FNH:2
FNDA:2,GET
FNDA:2,POST
DA:10,1
DA:11,1
DA:16,1
DA:19,2
DA:20,2
DA:21,2
DA:22,2
DA:23,2
DA:24,1
DA:30,1
DA:31,0
DA:33,1
DA:43,2
DA:44,2
DA:45,2
DA:46,2
DA:47,2
DA:48,2
DA:49,2
DA:50,2
DA:51,2
DA:52,2
DA:53,0
DA:55,2
DA:56,0
DA:58,2
DA:59,2
DA:60,1
DA:62,1
DA:63,1
DA:64,1
DA:65,1
DA:68,1
LF:33
LH:30
BRDA:21,0,0,0
BRDA:21,0,1,2
BRDA:23,1,0,1
BRDA:23,1,1,1
BRDA:30,2,0,0
BRDA:30,2,1,1
BRDA:30,3,0,1
BRDA:30,3,1,1
BRDA:44,4,0,0
BRDA:44,4,1,2
BRDA:46,5,0,0
BRDA:46,5,1,2
BRDA:49,6,0,0
BRDA:49,6,1,2
BRDA:52,7,0,0
BRDA:52,7,1,2
BRDA:55,8,0,0
BRDA:55,8,1,2
BRDA:59,9,0,1
BRDA:59,9,1,1
BRF:20
BRH:13
end_of_record
TN:
SF:src/app/api/mockups/[id]/version/route.ts
FN:9,POST
FNF:1
FNH:1
FNDA:11,POST
DA:10,11
DA:11,11
DA:12,11
DA:13,11
DA:19,11
DA:20,11
DA:21,11
DA:22,1
DA:25,10
DA:26,10
DA:27,10
DA:28,10
DA:29,0
DA:32,10
DA:33,10
DA:34,0
DA:40,10
DA:41,11
DA:42,11
DA:44,11
DA:46,11
DA:47,11
DA:48,11
DA:49,11
DA:50,0
DA:52,10
DA:55,10
DA:56,10
DA:62,10
DA:67,0
DA:72,10
DA:76,7
LF:32
LH:28
BRDA:11,0,0,0
BRDA:11,0,1,11
BRDA:13,1,0,0
BRDA:13,1,1,11
BRDA:21,2,0,1
BRDA:21,2,1,10
BRDA:21,3,0,11
BRDA:21,3,1,1
BRDA:28,4,0,0
BRDA:28,4,1,10
BRDA:33,5,0,0
BRDA:33,5,1,10
BRDA:40,6,0,10
BRDA:40,6,1,0
BRDA:44,7,0,11
BRDA:44,7,1,10
BRDA:44,7,2,0
BRDA:49,8,0,0
BRDA:49,8,1,10
BRDA:59,9,0,10
BRDA:59,9,1,0
BRF:21
BRH:13
end_of_record
TN:
SF:src/app/api/mockups/[id]/version-patch/route.ts
FN:20,listFiles
FN:36,applyVersionPatch
FN:43,(anonymous_2)
FNF:3
FNH:2
FNDA:3,listFiles
FNDA:6,applyVersionPatch
FNDA:0,(anonymous_2)
DA:13,1
DA:15,1
DA:21,3
DA:22,3
DA:23,3
DA:24,3
DA:25,3
DA:26,3
DA:27,3
DA:28,0
DA:30,3
DA:33,3
DA:37,6
DA:38,6
DA:39,6
DA:40,6
DA:41,5
DA:43,5
DA:44,5
DA:45,5
DA:47,5
DA:50,5
DA:51,1
DA:54,4
DA:55,4
DA:56,0
DA:60,4
DA:61,4
DA:62,4
DA:63,1
DA:70,3
DA:72,3
DA:73,3
DA:74,3
DA:75,0
DA:80,3
DA:81,3
DA:82,3
DA:84,1
DA:85,1
DA:86,1
DA:88,0
DA:92,2
DA:98,2
DA:110,2
DA:116,1
DA:117,1
DA:119,1
LF:48
LH:44
BRDA:20,0,0,3
BRDA:22,1,0,0
BRDA:22,1,1,3
BRDA:25,2,0,0
BRDA:25,2,1,3
BRDA:27,3,0,0
BRDA:27,3,1,3
BRDA:38,4,0,0
BRDA:38,4,1,6
BRDA:40,5,0,1
BRDA:40,5,1,5
BRDA:44,6,0,0
BRDA:44,6,1,5
BRDA:50,7,0,1
BRDA:50,7,1,4
BRDA:55,8,0,0
BRDA:55,8,1,4
BRDA:62,9,0,1
BRDA:62,9,1,3
BRDA:74,10,0,0
BRDA:74,10,1,3
BRDA:84,11,0,1
BRDA:84,11,1,0
BRDA:85,12,0,1
BRDA:85,12,1,0
BRDA:95,13,0,2
BRDA:95,13,1,0
BRF:27
BRH:17
end_of_record
TN:
SF:src/app/api/mockups/[id]/versions/route.ts
FN:5,GET
FNF:1
FNH:1
FNDA:1,GET
DA:6,1
DA:7,1
DA:8,1
DA:9,1
DA:13,1
DA:16,1
LF:6
LH:6
BRDA:7,0,0,0
BRDA:7,0,1,1
BRF:2
BRH:1
end_of_record
TN:
SF:src/app/api/mockups/[id]/versions/[vid]/route.ts
FN:10,DELETE
FNF:1
FNH:1
FNDA:3,DELETE
DA:11,3
DA:12,3
DA:13,3
DA:14,3
DA:16,3
DA:20,3
DA:21,0
DA:24,3
DA:25,3
DA:31,1
DA:34,2
DA:35,2
DA:36,1
DA:38,1
DA:42,1
LF:15
LH:14
BRDA:12,0,0,0
BRDA:12,0,1,3
BRDA:20,1,0,0
BRDA:20,1,1,3
BRDA:20,2,0,3
BRDA:20,2,1,3
BRF:6
BRH:4
end_of_record
TN:
SF:src/app/api/mockups/[id]/versions/[vid]/promote/route.ts
FN:6,PATCH
FNF:1
FNH:1
FNDA:1,PATCH
DA:7,1
DA:8,1
DA:9,1
DA:10,1
DA:12,0
DA:14,1
DA:15,1
DA:16,1
DA:17,1
DA:19,0
DA:23,1
LF:11
LH:9
BRDA:8,0,0,0
BRDA:8,0,1,1
BRF:2
BRH:1
end_of_record
TN:
SF:src/app/api/mockups/[id]/versions/[vid]/source/route.ts
FN:7,GET
FNF:1
FNH:1
FNDA:3,GET
DA:8,3
DA:9,3
DA:10,2
DA:11,2
DA:12,2
DA:13,1
DA:15,1
DA:16,1
DA:26,1
LF:9
LH:9
BRDA:9,0,0,1
BRDA:9,0,1,2
BRDA:12,1,0,1
BRDA:12,1,1,1
BRF:4
BRH:4
end_of_record
TN:
SF:src/app/api/mockups/[id]/viewer/route.ts
FN:9,GET
FNF:1
FNH:1
FNDA:5,GET
DA:10,5
DA:11,5
DA:12,4
DA:13,4
DA:14,4
DA:15,2
DA:18,1
LF:7
LH:7
BRDA:11,0,0,1
BRDA:11,0,1,4
BRDA:14,1,0,2
BRDA:14,1,1,2
BRF:4
BRH:4
end_of_record
TN:
SF:src/app/api/projects/route.ts
FN:13,GET
FN:20,POST
FN:29,(anonymous_2)
FNF:3
FNH:2
FNDA:4,GET
FNDA:27,POST
FNDA:0,(anonymous_2)
DA:8,4
DA:14,4
DA:15,4
DA:16,3
DA:17,3
DA:21,27
DA:22,27
DA:23,27
DA:24,27
DA:25,27
DA:27,0
DA:29,27
DA:30,27
DA:31,1
DA:32,1
DA:34,26
DA:40,26
DA:43,4
LF:18
LH:17
BRDA:15,0,0,1
BRDA:15,0,1,3
BRDA:22,1,0,0
BRDA:22,1,1,27
BRDA:30,2,0,1
BRDA:30,2,1,26
BRDA:31,3,0,1
BRDA:31,3,1,0
BRDA:37,4,0,21
BRDA:37,4,1,5
BRF:10
BRH:8
end_of_record
TN:
SF:src/app/api/projects/[id]/route.ts
FN:17,GET
FN:26,PATCH
FN:35,(anonymous_2)
FN:45,DELETE
FN:59,(anonymous_4)
FNF:5
FNH:4
FNDA:2,GET
FNDA:2,PATCH
FNDA:0,(anonymous_2)
FNDA:8,DELETE
FNDA:7,(anonymous_4)
DA:12,3
DA:18,2
DA:19,2
DA:20,2
DA:21,2
DA:22,2
DA:23,1
DA:27,2
DA:28,2
DA:29,2
DA:30,2
DA:32,2
DA:33,2
DA:35,1
DA:36,1
DA:37,0
DA:38,0
DA:40,1
DA:41,1
DA:42,1
DA:46,8
DA:47,8
DA:48,8
DA:49,8
DA:51,8
DA:52,8
DA:53,7
DA:58,7
DA:59,7
DA:61,7
DA:62,5
DA:64,4
DA:66,4
DA:67,4
DA:69,3
DA:73,3
LF:36
LH:34
BRDA:19,0,0,0
BRDA:19,0,1,2
BRDA:22,1,0,1
BRDA:22,1,1,1
BRDA:28,2,0,0
BRDA:28,2,1,2
BRDA:33,3,0,1
BRDA:33,3,1,1
BRDA:36,4,0,0
BRDA:36,4,1,1
BRDA:37,5,0,0
BRDA:37,5,1,0
BRDA:41,6,0,0
BRDA:41,6,1,1
BRDA:47,7,0,0
BRDA:47,7,1,8
BRDA:52,8,0,1
BRDA:52,8,1,7
BRDA:61,9,0,5
BRDA:61,9,1,2
BRDA:66,10,0,0
BRDA:66,10,1,4
BRF:22
BRH:14
end_of_record
TN:
SF:src/app/api/projects/[id]/folders/route.ts
FN:13,POST
FN:23,(anonymous_1)
FNF:2
FNH:1
FNDA:19,POST
FNDA:0,(anonymous_1)
DA:8,3
DA:14,19
DA:15,19
DA:16,19
DA:17,19
DA:18,19
DA:20,0
DA:22,19
DA:23,19
DA:24,19
DA:25,0
DA:26,0
DA:29,19
DA:37,19
DA:38,2
DA:39,2
DA:40,2
DA:43,17
DA:46,3
LF:19
LH:16
BRDA:15,0,0,0
BRDA:15,0,1,19
BRDA:24,1,0,0
BRDA:24,1,1,19
BRDA:25,2,0,0
BRDA:25,2,1,0
BRDA:32,3,0,19
BRDA:32,3,1,13
BRDA:33,4,0,18
BRDA:33,4,1,1
BRDA:37,5,0,2
BRDA:37,5,1,17
BRDA:39,6,0,2
BRDA:39,6,1,2
BRDA:40,7,0,0
BRDA:40,7,1,2
BRF:16
BRH:11
end_of_record
TN:
SF:src/app/api/projects/[id]/tree/route.ts
FN:5,GET
FNF:1
FNH:1
FNDA:1,GET
DA:6,1
DA:7,1
DA:8,1
DA:9,1
DA:10,1
DA:11,1
DA:14,1
LF:7
LH:7
BRDA:7,0,0,0
BRDA:7,0,1,1
BRDA:10,1,0,0
BRDA:10,1,1,1
BRF:4
BRH:2
end_of_record
TN:
SF:src/app/api/projects/by-slug/[slug]/resolve/route.ts
FN:14,GET
FN:23,(anonymous_1)
FN:24,(anonymous_2)
FN:69,(anonymous_3)
FN:103,(anonymous_4)
FN:120,(anonymous_5)
FN:125,(anonymous_6)
FNF:7
FNH:0
FNDA:0,GET
FNDA:0,(anonymous_1)
FNDA:0,(anonymous_2)
FNDA:0,(anonymous_3)
FNDA:0,(anonymous_4)
FNDA:0,(anonymous_5)
FNDA:0,(anonymous_6)
DA:15,0
DA:16,0
DA:18,0
DA:19,0
DA:20,0
DA:21,0
DA:23,0
DA:24,0
DA:26,0
DA:27,0
DA:34,0
DA:35,0
DA:36,0
DA:38,0
DA:42,0
DA:43,0
DA:44,0
DA:57,0
DA:58,0
DA:60,0
DA:61,0
DA:63,0
DA:68,0
DA:69,0
DA:70,0
DA:71,0
DA:73,0
DA:87,0
DA:101,0
DA:103,0
DA:104,0
DA:105,0
DA:111,0
DA:120,0
DA:125,0
DA:141,0
LF:36
LH:0
BRDA:16,0,0,0
BRDA:16,0,1,0
BRDA:20,1,0,0
BRDA:20,1,1,0
BRDA:26,2,0,0
BRDA:26,2,1,0
BRDA:34,3,0,0
BRDA:34,3,1,0
BRDA:35,4,0,0
BRDA:35,4,1,0
BRDA:42,5,0,0
BRDA:42,5,1,0
BRDA:58,6,0,0
BRDA:58,6,1,0
BRDA:61,7,0,0
BRDA:61,7,1,0
BRDA:68,8,0,0
BRDA:68,8,1,0
BRDA:101,9,0,0
BRDA:101,9,1,0
BRDA:116,10,0,0
BRDA:116,10,1,0
BRF:22
BRH:0
end_of_record
TN:
SF:src/app/api/projects/by-slug/[slug]/view/route.ts
FN:10,GET
FN:30,(anonymous_1)
FN:63,(anonymous_2)
FN:68,(anonymous_3)
FNF:4
FNH:0
FNDA:0,GET
FNDA:0,(anonymous_1)
FNDA:0,(anonymous_2)
FNDA:0,(anonymous_3)
DA:11,0
DA:12,0
DA:13,0
DA:18,0
DA:19,0
DA:24,0
DA:30,0
DA:42,0
DA:57,0
DA:58,0
DA:63,0
DA:68,0
DA:80,0
LF:13
LH:0
BRDA:12,0,0,0
BRDA:12,0,1,0
BRDA:18,1,0,0
BRDA:18,1,1,0
BRDA:57,2,0,0
BRDA:57,2,1,0
BRDA:62,3,0,0
BRDA:62,3,1,0
BRF:8
BRH:0
end_of_record
TN:
SF:src/app/api/projects/reorder/route.ts
FN:11,POST
FN:19,(anonymous_1)
FNF:2
FNH:1
FNDA:1,POST
FNDA:0,(anonymous_1)
DA:7,1
DA:12,1
DA:13,1
DA:14,1
DA:15,1
DA:17,0
DA:19,1
DA:20,1
DA:22,1
DA:23,1
DA:24,0
DA:26,1
DA:29,1
LF:13
LH:11
BRDA:13,0,0,0
BRDA:13,0,1,1
BRDA:20,1,0,0
BRDA:20,1,1,1
BRDA:23,2,0,0
BRDA:23,2,1,1
BRF:6
BRH:3
end_of_record
TN:
SF:src/app/api/search/route.ts
FN:11,GET
FNF:1
FNH:1
FNDA:17,GET
DA:6,2
DA:12,17
DA:13,17
DA:15,15
DA:16,15
DA:17,17
DA:18,17
DA:19,7
DA:22,8
DA:23,8
DA:24,8
DA:27,2
LF:12
LH:12
BRDA:13,0,0,2
BRDA:13,0,1,15
BRDA:16,1,0,15
BRDA:16,1,1,2
BRDA:16,2,0,17
BRDA:16,2,1,10
BRDA:18,3,0,7
BRDA:18,3,1,10
BRF:8
BRH:8
end_of_record
TN:
SF:src/app/api/shell/route.ts
FN:22,GET
FN:41,(anonymous_1)
FN:41,(anonymous_2)
FN:45,(anonymous_3)
FN:64,(anonymous_4)
FN:83,(anonymous_5)
FN:84,(anonymous_6)
FNF:7
FNH:6
FNDA:7,GET
FNDA:9,(anonymous_1)
FNDA:9,(anonymous_2)
FNDA:9,(anonymous_3)
FNDA:1,(anonymous_4)
FNDA:0,(anonymous_5)
FNDA:2,(anonymous_6)
DA:7,1
DA:23,7
DA:24,7
DA:30,6
DA:31,5
DA:35,5
DA:36,5
DA:37,5
DA:40,6
DA:41,9
DA:42,9
DA:45,9
DA:51,6
DA:64,6
DA:69,6
DA:80,6
DA:83,6
DA:84,6
DA:85,2
DA:86,0
DA:87,0
DA:88,0
DA:89,0
DA:90,0
DA:91,0
DA:92,0
DA:93,0
DA:94,0
DA:95,0
DA:97,0
DA:100,6
DA:101,6
DA:102,6
DA:103,2
DA:104,2
DA:105,2
DA:106,2
DA:117,6
DA:118,7
DA:119,7
DA:120,7
DA:121,7
DA:122,6
DA:123,1
DA:124,1
DA:128,6
DA:138,1
LF:47
LH:36
BRDA:24,0,0,1
BRDA:24,0,1,6
BRDA:30,1,0,5
BRDA:30,1,1,1
BRDA:35,2,0,5
BRDA:35,2,1,0
BRDA:36,3,0,5
BRDA:36,3,1,0
BRDA:37,4,0,5
BRDA:37,4,1,0
BRDA:85,5,0,2
BRDA:85,5,1,0
BRDA:90,6,0,0
BRDA:90,6,1,0
BRDA:93,7,0,0
BRDA:93,7,1,0
BRDA:95,8,0,0
BRDA:95,8,1,0
BRDA:104,9,0,2
BRDA:104,9,1,1
BRDA:117,10,0,6
BRDA:117,10,1,1
BRDA:121,11,0,1
BRDA:121,11,1,6
BRDA:122,12,0,1
BRDA:122,12,1,5
BRDA:122,13,0,6
BRDA:122,13,1,1
BRF:28
BRH:18
end_of_record
TN:
SF:src/app/api/threads/[id]/route.ts
FN:5,GET
FNF:1
FNH:0
FNDA:0,GET
DA:6,0
DA:7,0
DA:8,0
DA:9,0
DA:10,0
DA:11,0
DA:14,0
LF:7
LH:0
BRDA:7,0,0,0
BRDA:7,0,1,0
BRDA:10,1,0,0
BRDA:10,1,1,0
BRF:4
BRH:0
end_of_record
TN:
SF:src/app/api/threads/[id]/reopen/route.ts
FN:3,POST
FNF:1
FNH:1
FNDA:1,POST
DA:4,1
DA:7,1
LF:2
LH:2
BRF:0
BRH:0
end_of_record
TN:
SF:src/app/api/threads/[id]/reply/route.ts
FN:9,POST
FN:15,(anonymous_1)
FNF:2
FNH:1
FNDA:1,POST
FNDA:0,(anonymous_1)
DA:7,1
DA:10,1
DA:11,1
DA:12,1
DA:13,1
DA:14,1
DA:15,1
DA:16,1
DA:17,1
DA:23,1
DA:26,1
LF:11
LH:11
BRDA:11,0,0,0
BRDA:11,0,1,1
BRDA:13,1,0,0
BRDA:13,1,1,1
BRDA:16,2,0,0
BRDA:16,2,1,1
BRDA:20,3,0,1
BRDA:20,3,1,0
BRF:8
BRH:4
end_of_record
TN:
SF:src/app/api/threads/[id]/resolve/route.ts
FN:3,POST
FNF:1
FNH:1
FNDA:1,POST
DA:4,1
DA:7,1
LF:2
LH:2
BRF:0
BRH:0
end_of_record
TN:
SF:src/app/api/version/route.ts
FN:8,GET
FNF:1
FNH:1
FNDA:2,GET
DA:9,2
DA:12,1
LF:2
LH:2
BRF:0
BRH:0
end_of_record
TN:
SF:src/app/invite/[token]/page.tsx
FN:246,InviteSignupPage
FN:258,(anonymous_1)
FN:260,(anonymous_2)
FN:284,(anonymous_3)
FN:289,onSubmit
FN:312,(anonymous_5)
FN:404,(anonymous_6)
FN:423,(anonymous_7)
FN:442,(anonymous_8)
FNF:9
FNH:0
FNDA:0,InviteSignupPage
FNDA:0,(anonymous_1)
FNDA:0,(anonymous_2)
FNDA:0,(anonymous_3)
FNDA:0,onSubmit
FNDA:0,(anonymous_5)
FNDA:0,(anonymous_6)
FNDA:0,(anonymous_7)
FNDA:0,(anonymous_8)
DA:1,0
DA:37,0
DA:62,0
DA:82,0
DA:90,0
DA:101,0
DA:112,0
DA:119,0
DA:132,0
DA:139,0
DA:145,0
DA:149,0
DA:159,0
DA:174,0
DA:182,0
DA:191,0
DA:206,0
DA:213,0
DA:220,0
DA:232,0
DA:238,0
DA:247,0
DA:248,0
DA:249,0
DA:251,0
DA:252,0
DA:253,0
DA:254,0
DA:255,0
DA:258,0
DA:259,0
DA:260,0
DA:261,0
DA:262,0
DA:263,0
DA:266,0
DA:267,0
DA:268,0
DA:270,0
DA:271,0
DA:274,0
DA:275,0
DA:276,0
DA:277,0
DA:278,0
DA:280,0
DA:281,0
DA:282,0
DA:284,0
DA:285,0
DA:290,0
DA:291,0
DA:293,0
DA:294,0
DA:296,0
DA:301,0
DA:303,0
DA:304,0
DA:305,0
DA:307,0
DA:308,0
DA:309,0
DA:312,0
DA:314,0
DA:315,0
DA:316,0
DA:318,0
DA:320,0
DA:321,0
DA:323,0
DA:325,0
DA:327,0
DA:330,0
DA:331,0
DA:332,0
DA:333,0
DA:335,0
DA:337,0
DA:340,0
DA:344,0
DA:347,0
DA:348,0
DA:349,0
DA:377,0
DA:404,0
DA:423,0
DA:442,0
LF:87
LH:0
BRDA:262,0,0,0
BRDA:262,0,1,0
BRDA:267,1,0,0
BRDA:267,1,1,0
BRDA:268,2,0,0
BRDA:268,2,1,0
BRDA:275,3,0,0
BRDA:275,3,1,0
BRDA:276,4,0,0
BRDA:276,4,1,0
BRDA:281,5,0,0
BRDA:281,5,1,0
BRDA:291,6,0,0
BRDA:291,6,1,0
BRDA:291,7,0,0
BRDA:291,7,1,0
BRDA:303,8,0,0
BRDA:303,8,1,0
BRDA:307,9,0,0
BRDA:307,9,1,0
BRDA:314,10,0,0
BRDA:314,10,1,0
BRDA:318,11,0,0
BRDA:318,11,1,0
BRDA:320,12,0,0
BRDA:320,12,1,0
BRDA:327,13,0,0
BRDA:327,13,1,0
BRDA:331,14,0,0
BRDA:331,14,1,0
BRDA:344,15,0,0
BRDA:344,15,1,0
BRDA:347,16,0,0
BRDA:347,16,1,0
BRDA:408,17,0,0
BRDA:408,17,1,0
BRDA:448,18,0,0
BRDA:448,18,1,0
BRDA:456,19,0,0
BRDA:456,19,1,0
BRDA:456,19,2,0
BRDA:456,19,3,0
BRDA:460,20,0,0
BRDA:460,20,1,0
BRF:44
BRH:0
end_of_record
TN:
SF:src/app/login/Form.tsx
FN:20,inputStyle
FN:74,Form
FN:82,onSubmit
FN:94,(anonymous_3)
FN:150,(anonymous_4)
FN:173,(anonymous_5)
FN:207,(anonymous_6)
FN:211,(anonymous_7)
FN:214,(anonymous_8)
FN:220,(anonymous_9)
FNF:10
FNH:0
FNDA:0,inputStyle
FNDA:0,Form
FNDA:0,onSubmit
FNDA:0,(anonymous_3)
FNDA:0,(anonymous_4)
FNDA:0,(anonymous_5)
FNDA:0,(anonymous_6)
FNDA:0,(anonymous_7)
FNDA:0,(anonymous_8)
FNDA:0,(anonymous_9)
DA:1,0
DA:7,0
DA:12,0
DA:21,0
DA:38,0
DA:45,0
DA:75,0
DA:76,0
DA:77,0
DA:78,0
DA:79,0
DA:80,0
DA:83,0
DA:84,0
DA:85,0
DA:86,0
DA:87,0
DA:92,0
DA:93,0
DA:94,0
DA:95,0
DA:96,0
DA:98,0
DA:101,0
DA:151,0
DA:152,0
DA:173,0
DA:208,0
DA:209,0
DA:212,0
DA:215,0
DA:216,0
DA:217,0
DA:221,0
DA:222,0
DA:223,0
LF:36
LH:0
BRDA:27,0,0,0
BRDA:27,0,1,0
BRDA:93,1,0,0
BRDA:93,1,1,0
BRDA:95,2,0,0
BRDA:95,2,1,0
BRDA:110,3,0,0
BRDA:110,3,1,0
BRDA:147,4,0,0
BRDA:147,4,1,0
BRDA:148,5,0,0
BRDA:148,5,1,0
BRDA:156,6,0,0
BRDA:156,6,1,0
BRDA:197,7,0,0
BRDA:197,7,1,0
BRDA:198,8,0,0
BRDA:198,8,1,0
BRDA:208,9,0,0
BRDA:208,9,1,0
BRDA:212,10,0,0
BRDA:212,10,1,0
BRDA:215,11,0,0
BRDA:215,11,1,0
BRDA:221,12,0,0
BRDA:221,12,1,0
BRDA:227,13,0,0
BRDA:227,13,1,0
BRF:28
BRH:0
end_of_record
TN:
SF:src/app/login/page.tsx
FN:39,LoginPage
FN:43,(anonymous_1)
FN:46,(anonymous_2)
FN:58,(anonymous_3)
FN:62,(anonymous_4)
FNF:5
FNH:0
FNDA:0,LoginPage
FNDA:0,(anonymous_1)
FNDA:0,(anonymous_2)
FNDA:0,(anonymous_3)
FNDA:0,(anonymous_4)
DA:1,0
DA:9,0
DA:16,0
DA:20,0
DA:31,0
DA:40,0
DA:41,0
DA:43,0
DA:44,0
DA:45,0
DA:47,0
DA:48,0
DA:49,0
DA:51,0
DA:52,0
DA:53,0
DA:54,0
DA:56,0
DA:59,0
DA:60,0
DA:62,0
DA:65,0
DA:67,0
LF:23
LH:0
BRDA:47,0,0,0
BRDA:47,0,1,0
BRDA:52,1,0,0
BRDA:52,1,1,0
BRDA:59,2,0,0
BRDA:59,2,1,0
BRDA:65,3,0,0
BRDA:65,3,1,0
BRF:8
BRH:0
end_of_record
TN:
SF:src/app/m/[mockupId]/[[...path]]/route.ts
FN:33,GET
FN:58,(anonymous_1)
FNF:2
FNH:2
FNDA:10,GET
FNDA:2,(anonymous_1)
DA:11,2
DA:37,10
DA:38,10
DA:39,2
DA:40,2
DA:42,8
DA:43,8
DA:44,10
DA:45,10
DA:46,10
DA:52,8
DA:53,1
DA:56,7
DA:57,7
DA:58,2
DA:59,1
DA:61,1
DA:64,6
DA:66,6
DA:67,6
DA:69,1
DA:71,5
DA:72,0
DA:74,5
DA:75,5
DA:76,5
DA:82,10
DA:85,2
LF:28
LH:27
BRDA:38,0,0,2
BRDA:38,0,1,8
BRDA:43,1,0,8
BRDA:43,1,1,0
BRDA:47,2,0,5
BRDA:47,2,1,3
BRDA:52,3,0,1
BRDA:52,3,1,7
BRDA:57,4,0,2
BRDA:57,4,1,5
BRDA:58,5,0,1
BRDA:58,5,1,1
BRDA:71,6,0,0
BRDA:71,6,1,5
BRDA:71,7,0,5
BRDA:71,7,1,5
BRDA:77,8,0,5
BRDA:77,8,1,0
BRF:18
BRH:15
end_of_record
TN:
SF:src/app/mockups/MockupCard.tsx
FN:9,slugHash
FN:10,(anonymous_1)
FN:14,hueForSlug
FN:18,relativeTime
FN:50,MockupCard
FN:77,(anonymous_5)
FNF:6
FNH:0
FNDA:0,slugHash
FNDA:0,(anonymous_1)
FNDA:0,hueForSlug
FNDA:0,relativeTime
FNDA:0,MockupCard
FNDA:0,(anonymous_5)
DA:1,0
DA:7,0
DA:10,0
DA:11,0
DA:15,0
DA:19,0
DA:20,0
DA:21,0
DA:22,0
DA:23,0
DA:24,0
DA:25,0
DA:26,0
DA:27,0
DA:28,0
DA:29,0
DA:30,0
DA:31,0
DA:59,0
DA:61,0
DA:62,0
DA:64,0
DA:66,0
DA:77,0
LF:24
LH:0
BRDA:22,0,0,0
BRDA:22,0,1,0
BRDA:24,1,0,0
BRDA:24,1,1,0
BRDA:26,2,0,0
BRDA:26,2,1,0
BRDA:28,3,0,0
BRDA:28,3,1,0
BRDA:30,4,0,0
BRDA:30,4,1,0
BRDA:73,5,0,0
BRDA:73,5,1,0
BRDA:85,6,0,0
BRDA:85,6,1,0
BRDA:93,7,0,0
BRDA:93,7,1,0
BRDA:94,8,0,0
BRDA:94,8,1,0
BRF:18
BRH:0
end_of_record
TN:
SF:src/app/mockups/page.tsx
FN:6,MockupsPage
FN:8,(anonymous_1)
FNF:2
FNH:0
FNDA:0,MockupsPage
FNDA:0,(anonymous_1)
DA:1,0
DA:7,0
DA:8,0
DA:9,0
DA:11,0
LF:5
LH:0
BRF:0
BRH:0
end_of_record
TN:
SF:src/app/mockups/[id]/diff/DiffViewer.tsx
FN:17,DiffViewer
FN:32,(anonymous_1)
FN:33,(anonymous_2)
FN:34,(anonymous_3)
FN:35,(anonymous_4)
FN:38,(anonymous_5)
FN:44,(anonymous_6)
FN:51,(anonymous_7)
FN:55,(anonymous_8)
FN:152,(anonymous_9)
FN:194,(anonymous_10)
FNF:11
FNH:0
FNDA:0,DiffViewer
FNDA:0,(anonymous_1)
FNDA:0,(anonymous_2)
FNDA:0,(anonymous_3)
FNDA:0,(anonymous_4)
FNDA:0,(anonymous_5)
FNDA:0,(anonymous_6)
FNDA:0,(anonymous_7)
FNDA:0,(anonymous_8)
FNDA:0,(anonymous_9)
FNDA:0,(anonymous_10)
DA:1,0
DA:25,0
DA:26,0
DA:27,0
DA:28,0
DA:29,0
DA:32,0
DA:33,0
DA:34,0
DA:35,0
DA:36,0
DA:37,0
DA:38,0
DA:39,0
DA:40,0
DA:41,0
DA:42,0
DA:43,0
DA:44,0
DA:45,0
DA:48,0
DA:50,0
DA:51,0
DA:53,0
DA:54,0
DA:55,0
DA:56,0
DA:57,0
DA:61,0
DA:62,0
DA:64,0
DA:152,0
DA:194,0
LF:33
LH:0
BRDA:34,0,0,0
BRDA:34,0,1,0
BRDA:34,1,0,0
BRDA:34,1,1,0
BRDA:37,2,0,0
BRDA:37,2,1,0
BRDA:39,3,0,0
BRDA:39,3,1,0
BRDA:39,4,0,0
BRDA:39,4,1,0
BRDA:41,5,0,0
BRDA:41,5,1,0
BRDA:142,6,0,0
BRDA:142,6,1,0
BRDA:143,7,0,0
BRDA:143,7,1,0
BRDA:167,8,0,0
BRDA:167,8,1,0
BRDA:184,9,0,0
BRDA:184,9,1,0
BRDA:185,10,0,0
BRDA:185,10,1,0
BRDA:209,11,0,0
BRDA:209,11,1,0
BRDA:223,12,0,0
BRDA:223,12,1,0
BRDA:224,13,0,0
BRDA:224,13,1,0
BRDA:225,14,0,0
BRDA:225,14,1,0
BRDA:226,15,0,0
BRDA:226,15,1,0
BRDA:233,16,0,0
BRDA:233,16,1,0
BRDA:234,17,0,0
BRDA:234,17,1,0
BRDA:236,18,0,0
BRDA:236,18,1,0
BRDA:237,19,0,0
BRDA:237,19,1,0
BRDA:240,20,0,0
BRDA:240,20,1,0
BRDA:278,21,0,0
BRDA:278,21,1,0
BRDA:279,22,0,0
BRDA:279,22,1,0
BRDA:281,23,0,0
BRDA:281,23,1,0
BRDA:282,24,0,0
BRDA:282,24,1,0
BRDA:283,25,0,0
BRDA:283,25,1,0
BRDA:286,26,0,0
BRDA:286,26,1,0
BRF:54
BRH:0
end_of_record
TN:
SF:src/app/mockups/[id]/diff/page.tsx
FN:17,DiffPage
FN:26,(anonymous_1)
FN:36,(anonymous_2)
FN:53,(anonymous_3)
FN:57,(anonymous_4)
FNF:5
FNH:0
FNDA:0,DiffPage
FNDA:0,(anonymous_1)
FNDA:0,(anonymous_2)
FNDA:0,(anonymous_3)
FNDA:0,(anonymous_4)
DA:1,0
DA:18,0
DA:19,0
DA:20,0
DA:21,0
DA:23,0
DA:24,0
DA:26,0
DA:27,0
DA:28,0
DA:29,0
DA:33,0
DA:34,0
DA:35,0
DA:37,0
DA:38,0
DA:39,0
DA:41,0
DA:42,0
DA:43,0
DA:45,0
DA:46,0
DA:47,0
DA:49,0
DA:50,0
DA:51,0
DA:54,0
DA:55,0
DA:57,0
DA:60,0
DA:61,0
DA:62,0
DA:64,0
DA:65,0
DA:68,0
DA:69,0
DA:122,0
LF:37
LH:0
BRDA:27,0,0,0
BRDA:27,0,1,0
BRDA:33,1,0,0
BRDA:33,1,1,0
BRDA:34,2,0,0
BRDA:34,2,1,0
BRDA:37,3,0,0
BRDA:37,3,1,0
BRDA:41,4,0,0
BRDA:41,4,1,0
BRDA:45,5,0,0
BRDA:45,5,1,0
BRDA:54,6,0,0
BRDA:54,6,1,0
BRDA:60,7,0,0
BRDA:60,7,1,0
BRDA:61,8,0,0
BRDA:61,8,1,0
BRDA:64,9,0,0
BRDA:64,9,1,0
BRDA:64,10,0,0
BRDA:64,10,1,0
BRDA:68,11,0,0
BRDA:68,11,1,0
BRF:24
BRH:0
end_of_record
TN:
SF:src/app/projects/ProjectSidebar.tsx
FN:50,ProjectSidebar
FN:72,(anonymous_1)
FN:79,(anonymous_2)
FN:88,(anonymous_3)
FN:104,(anonymous_4)
FN:132,(anonymous_5)
FN:145,(anonymous_6)
FN:152,(anonymous_7)
FN:180,(anonymous_8)
FN:208,(anonymous_9)
FN:209,(anonymous_10)
FN:241,(anonymous_11)
FN:260,(anonymous_12)
FN:273,(anonymous_13)
FN:330,(anonymous_14)
FN:335,(anonymous_15)
FN:337,(anonymous_16)
FNF:17
FNH:4
FNDA:13,ProjectSidebar
FNDA:10,(anonymous_1)
FNDA:0,(anonymous_2)
FNDA:0,(anonymous_3)
FNDA:0,(anonymous_4)
FNDA:0,(anonymous_5)
FNDA:0,(anonymous_6)
FNDA:0,(anonymous_7)
FNDA:0,(anonymous_8)
FNDA:0,(anonymous_9)
FNDA:0,(anonymous_10)
FNDA:5,(anonymous_11)
FNDA:1,(anonymous_12)
FNDA:0,(anonymous_13)
FNDA:0,(anonymous_14)
FNDA:0,(anonymous_15)
FNDA:0,(anonymous_16)
DA:1,1
DA:48,1
DA:59,13
DA:60,13
DA:61,13
DA:62,13
DA:63,13
DA:64,13
DA:65,13
DA:66,13
DA:72,13
DA:73,10
DA:74,10
DA:75,10
DA:76,10
DA:79,13
DA:81,0
DA:82,0
DA:87,13
DA:89,0
DA:94,0
DA:95,0
DA:96,0
DA:98,0
DA:103,13
DA:112,0
DA:114,0
DA:117,0
DA:122,0
DA:123,0
DA:124,0
DA:126,0
DA:131,13
DA:135,0
DA:136,0
DA:144,0
DA:145,0
DA:146,0
DA:152,0
DA:153,0
DA:159,0
DA:160,0
DA:161,0
DA:162,0
DA:163,0
DA:164,0
DA:165,0
DA:166,0
DA:171,0
DA:179,13
DA:181,0
DA:182,0
DA:196,0
DA:197,0
DA:203,0
DA:204,0
DA:205,0
DA:206,0
DA:208,0
DA:209,0
DA:210,0
DA:216,0
DA:224,0
DA:225,0
DA:226,0
DA:227,0
DA:228,0
DA:231,0
DA:241,13
DA:243,5
DA:244,5
DA:245,0
DA:246,0
DA:248,5
DA:249,5
DA:250,2
DA:252,3
DA:253,3
DA:255,5
DA:260,13
DA:261,1
DA:265,13
DA:273,0
DA:283,13
DA:312,13
DA:325,13
DA:330,0
DA:335,0
DA:337,0
LF:89
LH:35
BRDA:52,0,0,13
BRDA:55,1,0,13
BRDA:57,2,0,13
BRDA:94,3,0,0
BRDA:94,3,1,0
BRDA:96,4,0,0
BRDA:96,4,1,0
BRDA:112,5,0,0
BRDA:112,5,1,0
BRDA:114,6,0,0
BRDA:114,6,1,0
BRDA:122,7,0,0
BRDA:122,7,1,0
BRDA:124,8,0,0
BRDA:124,8,1,0
BRDA:137,9,0,0
BRDA:137,9,1,0
BRDA:144,10,0,0
BRDA:144,10,1,0
BRDA:146,11,0,0
BRDA:146,11,1,0
BRDA:153,12,0,0
BRDA:153,12,1,0
BRDA:153,13,0,0
BRDA:153,13,1,0
BRDA:153,14,0,0
BRDA:153,14,1,0
BRDA:159,15,0,0
BRDA:159,15,1,0
BRDA:159,16,0,0
BRDA:159,16,1,0
BRDA:162,17,0,0
BRDA:162,17,1,0
BRDA:165,18,0,0
BRDA:165,18,1,0
BRDA:181,19,0,0
BRDA:181,19,1,0
BRDA:203,20,0,0
BRDA:203,20,1,0
BRDA:205,21,0,0
BRDA:205,21,1,0
BRDA:208,22,0,0
BRDA:208,22,1,0
BRDA:208,22,2,0
BRDA:225,23,0,0
BRDA:225,23,1,0
BRDA:225,24,0,0
BRDA:225,24,1,0
BRDA:227,25,0,0
BRDA:227,25,1,0
BRDA:244,26,0,0
BRDA:244,26,1,5
BRDA:244,27,0,5
BRDA:244,27,1,5
BRDA:249,28,0,2
BRDA:249,28,1,3
BRDA:253,29,0,3
BRDA:253,29,1,0
BRDA:283,30,0,0
BRDA:283,30,1,13
BRDA:298,31,0,13
BRDA:298,31,1,0
BRF:62
BRH:11
end_of_record
TN:
SF:src/app/projects/[slug]/ProjectContent.tsx
FN:48,ProjectContent
FN:75,(anonymous_1)
FN:102,(anonymous_2)
FN:110,(anonymous_3)
FNF:4
FNH:0
FNDA:0,ProjectContent
FNDA:0,(anonymous_1)
FNDA:0,(anonymous_2)
FNDA:0,(anonymous_3)
DA:1,0
DA:59,0
DA:60,0
DA:69,0
DA:75,0
DA:77,0
DA:79,0
DA:103,0
DA:111,0
LF:9
LH:0
BRDA:59,0,0,0
BRDA:59,0,1,0
BRDA:71,1,0,0
BRDA:71,1,1,0
BRDA:73,2,0,0
BRDA:73,2,1,0
BRDA:73,3,0,0
BRDA:73,3,1,0
BRDA:77,4,0,0
BRDA:77,4,1,0
BRDA:83,5,0,0
BRDA:83,5,1,0
BRDA:84,6,0,0
BRDA:84,6,1,0
BRDA:87,7,0,0
BRDA:87,7,1,0
BRDA:91,8,0,0
BRDA:91,8,1,0
BRDA:107,9,0,0
BRDA:107,9,1,0
BRDA:118,10,0,0
BRDA:118,10,1,0
BRF:22
BRH:0
end_of_record
TN:
SF:src/app/setup/Form.tsx
FN:20,inputStyle
FN:73,Form
FN:82,onSubmit
FN:100,(anonymous_3)
FN:154,(anonymous_4)
FN:169,(anonymous_5)
FN:187,(anonymous_6)
FN:240,(anonymous_7)
FN:244,(anonymous_8)
FN:247,(anonymous_9)
FN:253,(anonymous_10)
FNF:11
FNH:0
FNDA:0,inputStyle
FNDA:0,Form
FNDA:0,onSubmit
FNDA:0,(anonymous_3)
FNDA:0,(anonymous_4)
FNDA:0,(anonymous_5)
FNDA:0,(anonymous_6)
FNDA:0,(anonymous_7)
FNDA:0,(anonymous_8)
FNDA:0,(anonymous_9)
FNDA:0,(anonymous_10)
DA:1,0
DA:7,0
DA:12,0
DA:21,0
DA:38,0
DA:44,0
DA:74,0
DA:75,0
DA:76,0
DA:77,0
DA:78,0
DA:79,0
DA:80,0
DA:83,0
DA:84,0
DA:85,0
DA:87,0
DA:88,0
DA:89,0
DA:92,0
DA:93,0
DA:98,0
DA:99,0
DA:100,0
DA:101,0
DA:102,0
DA:104,0
DA:107,0
DA:154,0
DA:169,0
DA:188,0
DA:189,0
DA:241,0
DA:242,0
DA:245,0
DA:248,0
DA:249,0
DA:250,0
DA:254,0
DA:255,0
DA:256,0
LF:41
LH:0
BRDA:27,0,0,0
BRDA:27,0,1,0
BRDA:87,1,0,0
BRDA:87,1,1,0
BRDA:99,2,0,0
BRDA:99,2,1,0
BRDA:101,3,0,0
BRDA:101,3,1,0
BRDA:116,4,0,0
BRDA:116,4,1,0
BRDA:185,5,0,0
BRDA:185,5,1,0
BRDA:186,6,0,0
BRDA:186,6,1,0
BRDA:193,7,0,0
BRDA:193,7,1,0
BRDA:230,8,0,0
BRDA:230,8,1,0
BRDA:231,9,0,0
BRDA:231,9,1,0
BRDA:241,10,0,0
BRDA:241,10,1,0
BRDA:245,11,0,0
BRDA:245,11,1,0
BRDA:248,12,0,0
BRDA:248,12,1,0
BRDA:254,13,0,0
BRDA:254,13,1,0
BRDA:260,14,0,0
BRDA:260,14,1,0
BRF:30
BRH:0
end_of_record
TN:
SF:src/app/setup/page.tsx
FN:39,SetupPage
FN:43,(anonymous_1)
FN:46,(anonymous_2)
FN:58,(anonymous_3)
FN:62,(anonymous_4)
FNF:5
FNH:0
FNDA:0,SetupPage
FNDA:0,(anonymous_1)
FNDA:0,(anonymous_2)
FNDA:0,(anonymous_3)
FNDA:0,(anonymous_4)
DA:1,0
DA:9,0
DA:16,0
DA:20,0
DA:31,0
DA:40,0
DA:41,0
DA:43,0
DA:44,0
DA:45,0
DA:47,0
DA:48,0
DA:49,0
DA:51,0
DA:52,0
DA:53,0
DA:54,0
DA:56,0
DA:59,0
DA:60,0
DA:62,0
DA:65,0
DA:67,0
LF:23
LH:0
BRDA:47,0,0,0
BRDA:47,0,1,0
BRDA:52,1,0,0
BRDA:52,1,1,0
BRDA:59,2,0,0
BRDA:59,2,1,0
BRDA:65,3,0,0
BRDA:65,3,1,0
BRF:8
BRH:0
end_of_record
TN:
SF:src/components/AlertBanner/AlertBanner.tsx
FN:54,autoRole
FN:66,(anonymous_1)
FN:83,(anonymous_2)
FN:101,(anonymous_3)
FN:108,(anonymous_4)
FN:115,(anonymous_5)
FN:126,(anonymous_6)
FN:144,(anonymous_7)
FNF:8
FNH:8
FNDA:15,autoRole
FNDA:16,(anonymous_1)
FNDA:11,(anonymous_2)
FNDA:16,(anonymous_3)
FNDA:16,(anonymous_4)
FNDA:7,(anonymous_5)
FNDA:2,(anonymous_6)
FNDA:3,(anonymous_7)
DA:1,3
DA:47,3
DA:55,15
DA:58,3
DA:66,3
DA:68,16
DA:81,3
DA:83,3
DA:85,11
DA:87,11
DA:92,11
DA:99,3
DA:101,3
DA:103,16
DA:106,3
DA:108,3
DA:110,16
DA:113,3
DA:115,3
DA:117,7
DA:120,3
DA:126,3
DA:128,2
DA:129,2
DA:142,3
DA:144,3
DA:146,3
DA:147,3
DA:159,3
DA:161,3
LF:30
LH:30
BRDA:55,0,0,8
BRDA:55,0,1,7
BRDA:55,1,0,15
BRDA:55,1,1,9
BRDA:72,2,0,16
BRDA:72,2,1,15
BRDA:87,3,0,1
BRDA:87,3,1,10
BRDA:87,4,0,11
BRDA:87,4,1,1
BRDA:89,5,0,10
BRDA:89,5,1,0
BRDA:128,6,0,1
BRDA:128,6,1,1
BRDA:136,7,0,1
BRDA:136,7,1,1
BRDA:136,8,0,1
BRDA:136,8,1,1
BRDA:146,9,0,3
BRDA:146,9,1,0
BRDA:151,10,0,3
BRDA:151,10,1,0
BRDA:153,11,0,0
BRDA:153,11,1,0
BRDA:153,12,0,0
BRDA:153,12,1,0
BRF:26
BRH:19
end_of_record
TN:
SF:src/components/AlertBanner/index.ts
FNF:0
FNH:0
LF:0
LH:0
BRF:0
BRH:0
end_of_record
TN:
SF:src/components/AnnotationCanvas/AnnotationCanvas.tsx
FN:26,AnnotationCanvas
FN:34,(anonymous_1)
FN:44,(anonymous_2)
FNF:3
FNH:0
FNDA:0,AnnotationCanvas
FNDA:0,(anonymous_1)
FNDA:0,(anonymous_2)
DA:1,0
DA:34,0
DA:36,0
DA:37,0
DA:38,0
DA:42,0
DA:44,0
DA:45,0
DA:47,0
DA:48,0
DA:64,0
DA:65,0
DA:86,0
DA:91,0
LF:14
LH:0
BRDA:36,0,0,0
BRDA:36,0,1,0
BRDA:44,1,0,0
BRDA:44,1,1,0
BRDA:45,2,0,0
BRDA:45,2,1,0
BRDA:102,3,0,0
BRDA:102,3,1,0
BRF:8
BRH:0
end_of_record
TN:
SF:src/components/AnnotationCard/AnnotationCard.tsx
FN:87,AnnotationCard
FN:120,(anonymous_1)
FN:122,(anonymous_2)
FN:128,(anonymous_3)
FN:129,(anonymous_4)
FN:130,(anonymous_5)
FN:147,(anonymous_6)
FN:204,(anonymous_7)
FN:217,(anonymous_8)
FN:230,(anonymous_9)
FN:242,(anonymous_10)
FN:265,(anonymous_11)
FN:267,(anonymous_12)
FN:279,(anonymous_13)
FN:304,(anonymous_14)
FN:305,(anonymous_15)
FN:320,(anonymous_16)
FN:331,(anonymous_17)
FN:333,(anonymous_18)
FN:334,(anonymous_19)
FN:335,(anonymous_20)
FN:336,(anonymous_21)
FNF:22
FNH:3
FNDA:14,AnnotationCard
FNDA:0,(anonymous_1)
FNDA:0,(anonymous_2)
FNDA:0,(anonymous_3)
FNDA:0,(anonymous_4)
FNDA:0,(anonymous_5)
FNDA:0,(anonymous_6)
FNDA:27,(anonymous_7)
FNDA:0,(anonymous_8)
FNDA:0,(anonymous_9)
FNDA:0,(anonymous_10)
FNDA:0,(anonymous_11)
FNDA:0,(anonymous_12)
FNDA:0,(anonymous_13)
FNDA:0,(anonymous_14)
FNDA:0,(anonymous_15)
FNDA:5,(anonymous_16)
FNDA:0,(anonymous_17)
FNDA:0,(anonymous_18)
FNDA:0,(anonymous_19)
FNDA:0,(anonymous_20)
FNDA:0,(anonymous_21)
DA:1,3
DA:114,14
DA:118,14
DA:119,14
DA:120,14
DA:121,0
DA:122,0
DA:124,14
DA:127,14
DA:128,14
DA:129,14
DA:130,14
DA:131,0
DA:132,0
DA:133,0
DA:137,14
DA:143,14
DA:145,14
DA:147,14
DA:148,0
DA:149,0
DA:150,0
DA:151,0
DA:152,0
DA:153,0
DA:156,14
DA:206,27
DA:218,0
DA:219,0
DA:231,0
DA:232,0
DA:243,0
DA:244,0
DA:265,0
DA:267,0
DA:280,0
DA:281,0
DA:304,0
DA:305,0
DA:321,5
DA:331,0
DA:333,0
DA:334,0
DA:335,0
DA:336,0
LF:45
LH:17
BRDA:95,0,0,14
BRDA:97,1,0,14
BRDA:108,2,0,14
BRDA:109,3,0,14
BRDA:119,4,0,14
BRDA:119,4,1,14
BRDA:121,5,0,0
BRDA:121,5,1,0
BRDA:131,6,0,0
BRDA:131,6,1,0
BRDA:137,7,0,1
BRDA:137,7,1,13
BRDA:139,8,0,1
BRDA:139,8,1,12
BRDA:145,9,0,11
BRDA:145,9,1,3
BRDA:145,10,0,2
BRDA:145,10,1,1
BRDA:151,11,0,0
BRDA:151,11,1,0
BRDA:159,12,0,14
BRDA:159,12,1,1
BRDA:172,13,0,9
BRDA:172,13,1,5
BRDA:172,14,0,14
BRDA:172,14,1,9
BRDA:172,14,2,0
BRDA:210,15,0,9
BRDA:210,15,1,18
BRDA:214,16,0,27
BRDA:214,16,1,9
BRDA:219,17,0,0
BRDA:219,17,1,0
BRDA:275,18,0,14
BRDA:275,18,1,0
BRDA:276,19,0,0
BRDA:276,19,1,14
BRDA:278,20,0,0
BRDA:278,20,1,14
BRDA:295,21,0,14
BRDA:295,21,1,0
BRDA:297,22,0,14
BRDA:297,22,1,9
BRF:43
BRH:30
end_of_record
TN:
SF:src/components/AnnotationCard/index.ts
FNF:0
FNH:0
LF:0
LH:0
BRF:0
BRH:0
end_of_record
TN:
SF:src/components/AnnotationsRail/AnnotationsRail.tsx
FN:75,AnnotationsRail
FN:99,(anonymous_1)
FN:106,(anonymous_2)
FN:118,(anonymous_3)
FN:129,(anonymous_4)
FN:134,(anonymous_5)
FN:137,(anonymous_6)
FN:144,(anonymous_7)
FN:149,(anonymous_8)
FN:170,(anonymous_9)
FN:172,(anonymous_10)
FN:194,(anonymous_11)
FN:202,(anonymous_12)
FN:257,(anonymous_13)
FN:267,(anonymous_14)
FN:288,(anonymous_15)
FN:288,(anonymous_16)
FNF:17
FNH:7
FNDA:21,AnnotationsRail
FNDA:5,(anonymous_1)
FNDA:5,(anonymous_2)
FNDA:5,(anonymous_3)
FNDA:0,(anonymous_4)
FNDA:0,(anonymous_5)
FNDA:0,(anonymous_6)
FNDA:5,(anonymous_7)
FNDA:0,(anonymous_8)
FNDA:5,(anonymous_9)
FNDA:0,(anonymous_10)
FNDA:0,(anonymous_11)
FNDA:0,(anonymous_12)
FNDA:6,(anonymous_13)
FNDA:0,(anonymous_14)
FNDA:0,(anonymous_15)
FNDA:0,(anonymous_16)
DA:1,3
DA:90,21
DA:91,21
DA:92,21
DA:93,21
DA:94,21
DA:99,21
DA:100,5
DA:106,21
DA:107,5
DA:108,0
DA:109,0
DA:117,21
DA:118,21
DA:119,5
DA:120,0
DA:121,0
DA:129,21
DA:130,0
DA:131,0
DA:132,0
DA:134,21
DA:135,0
DA:136,0
DA:137,0
DA:138,0
DA:139,0
DA:144,21
DA:148,21
DA:149,21
DA:150,0
DA:151,0
DA:152,0
DA:153,0
DA:159,0
DA:160,0
DA:161,0
DA:167,0
DA:170,21
DA:171,5
DA:172,0
DA:173,0
DA:174,0
DA:175,0
DA:176,0
DA:177,0
DA:179,0
DA:180,0
DA:181,0
DA:182,0
DA:183,0
DA:184,0
DA:189,0
DA:194,0
DA:195,0
DA:196,0
DA:198,0
DA:199,0
DA:201,0
DA:202,0
DA:203,0
DA:204,0
DA:205,0
DA:209,21
DA:210,21
DA:220,21
DA:224,21
DA:228,21
DA:229,21
DA:231,21
DA:258,6
DA:267,0
DA:288,0
LF:73
LH:28
BRDA:88,0,0,21
BRDA:107,1,0,5
BRDA:107,1,1,0
BRDA:119,2,0,0
BRDA:119,2,1,5
BRDA:130,3,0,0
BRDA:130,3,1,0
BRDA:132,4,0,0
BRDA:132,4,1,0
BRDA:135,5,0,0
BRDA:135,5,1,0
BRDA:151,6,0,0
BRDA:151,6,1,0
BRDA:171,7,0,5
BRDA:171,7,1,0
BRDA:175,8,0,0
BRDA:175,8,1,0
BRDA:175,9,0,0
BRDA:175,9,1,0
BRDA:179,10,0,0
BRDA:179,10,1,0
BRDA:180,11,0,0
BRDA:180,11,1,0
BRDA:181,12,0,0
BRDA:181,12,1,0
BRDA:182,13,0,0
BRDA:182,13,1,0
BRDA:190,14,0,0
BRDA:190,14,1,0
BRDA:191,15,0,0
BRDA:191,15,1,0
BRDA:212,16,0,21
BRDA:212,16,1,21
BRDA:212,16,2,21
BRDA:212,16,3,0
BRDA:213,17,0,21
BRDA:213,17,1,0
BRDA:214,18,0,21
BRDA:214,18,1,0
BRDA:215,19,0,21
BRDA:215,19,1,0
BRDA:220,20,0,0
BRDA:220,20,1,21
BRDA:224,21,0,21
BRDA:224,21,1,8
BRDA:252,22,0,21
BRDA:252,22,1,0
BRDA:261,23,0,6
BRDA:261,23,1,0
BRDA:283,24,0,21
BRDA:283,24,1,0
BRDA:284,25,0,0
BRDA:284,25,1,21
BRDA:285,26,0,0
BRDA:285,26,1,21
BRDA:287,27,0,0
BRDA:287,27,1,21
BRDA:293,28,0,21
BRDA:293,28,1,0
BRDA:293,28,2,0
BRDA:294,29,0,16
BRDA:294,29,1,5
BRDA:295,30,0,16
BRDA:295,30,1,16
BRDA:303,31,0,21
BRDA:303,31,1,21
BRDA:303,31,2,15
BRF:67
BRH:27
end_of_record
TN:
SF:src/components/AnnotationsRail/index.ts
FNF:0
FNH:0
LF:0
LH:0
BRF:0
BRH:0
end_of_record
TN:
SF:src/components/AppMain/AppMain.tsx
FN:29,AppMain
FNF:1
FNH:1
FNDA:18,AppMain
DA:31,18
DA:32,18
DA:33,18
LF:3
LH:3
BRDA:31,0,0,12
BRDA:31,0,1,6
BRDA:31,1,0,0
BRDA:31,1,1,6
BRF:4
BRH:3
end_of_record
TN:
SF:src/components/Breadcrumbs/Breadcrumbs.tsx
FN:18,Breadcrumbs
FN:31,(anonymous_1)
FN:45,(anonymous_2)
FNF:3
FNH:2
FNDA:14,Breadcrumbs
FNDA:13,(anonymous_1)
FNDA:0,(anonymous_2)
DA:1,2
DA:19,14
DA:21,14
DA:23,6
DA:24,14
DA:28,14
DA:32,13
DA:33,13
DA:35,13
DA:45,0
LF:10
LH:9
BRDA:21,0,0,8
BRDA:21,0,1,6
BRDA:23,1,0,6
BRDA:23,1,1,0
BRDA:24,2,0,0
BRDA:24,2,1,6
BRDA:37,3,0,13
BRDA:37,3,1,7
BRDA:42,4,0,0
BRDA:42,4,1,13
BRDA:51,5,0,6
BRDA:51,5,1,7
BRDA:51,6,0,13
BRDA:51,6,1,7
BRDA:52,7,0,6
BRDA:52,7,1,0
BRDA:36,8,0,13
BRDA:36,8,1,0
BRF:18
BRH:13
end_of_record
TN:
SF:src/components/CanvasToolbar/CanvasToolbar.tsx
FN:43,CanvasToolbar
FN:61,(anonymous_1)
FN:65,(anonymous_2)
FN:75,(anonymous_3)
FN:84,(anonymous_4)
FN:105,(anonymous_5)
FN:107,(anonymous_6)
FN:127,(anonymous_7)
FN:135,(anonymous_8)
FN:170,(anonymous_9)
FN:189,(anonymous_10)
FNF:11
FNH:1
FNDA:4,CanvasToolbar
FNDA:0,(anonymous_1)
FNDA:0,(anonymous_2)
FNDA:0,(anonymous_3)
FNDA:0,(anonymous_4)
FNDA:0,(anonymous_5)
FNDA:0,(anonymous_6)
FNDA:0,(anonymous_7)
FNDA:0,(anonymous_8)
FNDA:0,(anonymous_9)
FNDA:0,(anonymous_10)
DA:1,1
DA:53,4
DA:54,4
DA:55,4
DA:56,4
DA:61,4
DA:62,0
DA:65,4
DA:67,0
DA:68,0
DA:69,0
DA:70,0
DA:75,4
DA:76,0
DA:77,0
DA:83,4
DA:84,4
DA:85,0
DA:86,0
DA:87,0
DA:88,0
DA:94,0
DA:95,0
DA:96,0
DA:102,0
DA:105,4
DA:106,0
DA:107,0
DA:108,0
DA:109,0
DA:110,0
DA:111,0
DA:112,0
DA:114,0
DA:115,0
DA:116,0
DA:117,0
DA:118,0
DA:119,0
DA:122,0
DA:127,0
DA:128,0
DA:129,0
DA:131,0
DA:132,0
DA:134,0
DA:135,0
DA:136,0
DA:137,0
DA:138,0
DA:142,4
DA:148,4
DA:170,0
DA:189,0
LF:54
LH:13
BRDA:68,0,0,0
BRDA:68,0,1,0
BRDA:86,1,0,0
BRDA:86,1,1,0
BRDA:106,2,0,0
BRDA:106,2,1,0
BRDA:110,3,0,0
BRDA:110,3,1,0
BRDA:110,4,0,0
BRDA:110,4,1,0
BRDA:114,5,0,0
BRDA:114,5,1,0
BRDA:115,6,0,0
BRDA:115,6,1,0
BRDA:116,7,0,0
BRDA:116,7,1,0
BRDA:117,8,0,0
BRDA:117,8,1,0
BRDA:123,9,0,0
BRDA:123,9,1,0
BRDA:124,10,0,0
BRDA:124,10,1,0
BRDA:142,11,0,0
BRDA:142,11,1,4
BRDA:151,12,0,4
BRDA:151,12,1,0
BRDA:156,13,0,0
BRDA:156,13,1,4
BRDA:156,14,0,4
BRDA:156,14,1,0
BRDA:196,15,0,4
BRDA:196,15,1,1
BRDA:197,16,0,1
BRDA:197,16,1,3
BRDA:199,17,0,1
BRDA:199,17,1,3
BRDA:206,18,0,1
BRDA:206,18,1,3
BRF:38
BRH:12
end_of_record
TN:
SF:src/components/CanvasToolbar/ViewportControl.tsx
FN:23,presetLabel
FN:38,modePrefix
FN:42,applyOrientation
FN:50,presetState
FN:56,ViewportControl
FN:59,(anonymous_5)
FN:74,(anonymous_6)
FN:75,(anonymous_7)
FN:78,(anonymous_8)
FN:82,(anonymous_9)
FN:88,(anonymous_10)
FN:169,ChipButton
FN:195,CustomInputs
FN:205,(anonymous_13)
FN:210,(anonymous_14)
FN:211,(anonymous_15)
FN:222,(anonymous_16)
FN:238,(anonymous_17)
FN:252,(anonymous_18)
FN:262,FitIcon
FN:278,DesktopIcon
FN:295,TabletIcon
FN:312,MobileIcon
FN:329,CustomIcon
FN:347,RotateIcon
FNF:25
FNH:21
FNDA:15,presetLabel
FNDA:15,modePrefix
FNDA:2,applyOrientation
FNDA:2,presetState
FNDA:15,ViewportControl
FNDA:8,(anonymous_5)
FNDA:45,(anonymous_6)
FNDA:1,(anonymous_7)
FNDA:1,(anonymous_8)
FNDA:0,(anonymous_9)
FNDA:1,(anonymous_10)
FNDA:35,ChipButton
FNDA:1,CustomInputs
FNDA:1,(anonymous_13)
FNDA:1,(anonymous_14)
FNDA:0,(anonymous_15)
FNDA:1,(anonymous_16)
FNDA:0,(anonymous_17)
FNDA:0,(anonymous_18)
FNDA:10,FitIcon
FNDA:8,DesktopIcon
FNDA:9,TabletIcon
FNDA:8,MobileIcon
FNDA:8,CustomIcon
FNDA:3,RotateIcon
DA:1,2
DA:21,2
DA:24,15
DA:26,5
DA:28,2
DA:30,4
DA:32,2
DA:34,2
DA:39,15
DA:47,2
DA:51,2
DA:52,2
DA:53,2
DA:57,15
DA:59,15
DA:60,8
DA:62,3
DA:64,1
DA:66,2
DA:68,1
DA:70,1
DA:74,15
DA:75,45
DA:78,15
DA:79,1
DA:82,15
DA:84,0
DA:85,0
DA:86,0
DA:88,15
DA:89,1
DA:91,1
DA:92,1
DA:95,15
DA:180,35
DA:202,1
DA:203,1
DA:205,1
DA:206,1
DA:207,1
DA:210,1
DA:211,1
DA:214,0
DA:215,0
DA:216,0
DA:217,0
DA:218,0
DA:219,0
DA:220,0
DA:222,1
DA:225,1
DA:238,0
DA:252,0
DA:263,10
DA:279,8
DA:296,9
DA:313,8
DA:330,8
DA:348,3
LF:59
LH:47
BRDA:24,0,0,5
BRDA:24,0,1,2
BRDA:24,0,2,4
BRDA:24,0,3,2
BRDA:24,0,4,2
BRDA:34,1,0,2
BRDA:34,1,1,0
BRDA:34,2,0,2
BRDA:34,2,1,0
BRDA:47,3,0,1
BRDA:47,3,1,1
BRDA:50,4,0,2
BRDA:60,5,0,3
BRDA:60,5,1,1
BRDA:60,5,2,2
BRDA:60,5,3,1
BRDA:60,5,4,1
BRDA:84,6,0,0
BRDA:84,6,1,0
BRDA:85,7,0,0
BRDA:85,7,1,0
BRDA:89,8,0,0
BRDA:89,8,1,1
BRDA:89,9,0,1
BRDA:89,9,1,0
BRDA:91,10,0,1
BRDA:91,10,1,0
BRDA:104,11,0,7
BRDA:104,11,1,8
BRDA:143,12,0,15
BRDA:143,12,1,11
BRDA:143,12,2,6
BRDA:154,13,0,15
BRDA:154,13,1,2
BRDA:160,14,0,5
BRDA:160,14,1,10
BRDA:202,15,0,1
BRDA:202,15,1,0
BRDA:203,16,0,1
BRDA:203,16,1,0
BRDA:206,17,0,1
BRDA:206,17,1,0
BRDA:207,18,0,1
BRDA:207,18,1,0
BRDA:214,19,0,0
BRDA:214,19,1,0
BRDA:214,20,0,0
BRDA:214,20,1,0
BRDA:217,21,0,0
BRDA:217,21,1,0
BRDA:217,22,0,0
BRDA:217,22,1,0
BRDA:218,23,0,0
BRDA:218,23,1,0
BRDA:218,24,0,0
BRDA:218,24,1,0
BRDA:219,25,0,0
BRDA:219,25,1,0
BRDA:219,26,0,0
BRDA:219,26,1,0
BRF:60
BRH:31
end_of_record
TN:
SF:src/components/CanvasToolbar/index.ts
FNF:0
FNH:0
LF:0
LH:0
BRF:0
BRH:0
end_of_record
TN:
SF:src/components/CanvasToolbar/zoom.ts
FN:14,zoomLabel
FN:19,nextZoomIndex
FNF:2
FNH:2
FNDA:11,zoomLabel
FNDA:3,nextZoomIndex
DA:8,1
DA:12,1
DA:15,11
DA:16,11
DA:20,3
LF:5
LH:5
BRDA:15,0,0,11
BRDA:15,0,1,0
BRF:2
BRH:1
end_of_record
TN:
SF:src/components/CommandPalette/CommandPalette.tsx
FN:30,escapeHtml
FN:34,highlightMatch
FN:45,CommandPalette
FN:55,(anonymous_3)
FN:56,(anonymous_4)
FN:61,(anonymous_5)
FN:71,(anonymous_6)
FN:85,(anonymous_7)
FN:89,(anonymous_8)
FN:93,(anonymous_9)
FN:101,(anonymous_10)
FN:103,(anonymous_11)
FN:107,(anonymous_12)
FN:112,(anonymous_13)
FN:113,handleKeyDown
FN:120,(anonymous_15)
FN:131,wireIframe
FN:136,(anonymous_17)
FN:155,(anonymous_18)
FN:158,scanForIframes
FN:168,(anonymous_20)
FN:170,(anonymous_21)
FN:178,(anonymous_22)
FN:184,(anonymous_23)
FN:196,(anonymous_24)
FN:205,(anonymous_25)
FN:210,(anonymous_26)
FN:222,(anonymous_27)
FN:253,(anonymous_28)
FN:265,(anonymous_29)
FN:280,(anonymous_30)
FN:286,(anonymous_31)
FN:295,(anonymous_32)
FN:296,(anonymous_33)
FNF:34
FNH:24
FNDA:42,escapeHtml
FNDA:14,highlightMatch
FNDA:8,CommandPalette
FNDA:4,(anonymous_3)
FNDA:4,(anonymous_4)
FNDA:4,(anonymous_5)
FNDA:4,(anonymous_6)
FNDA:8,(anonymous_7)
FNDA:0,(anonymous_8)
FNDA:0,(anonymous_9)
FNDA:4,(anonymous_10)
FNDA:0,(anonymous_11)
FNDA:4,(anonymous_12)
FNDA:8,(anonymous_13)
FNDA:4,handleKeyDown
FNDA:4,(anonymous_15)
FNDA:4,wireIframe
FNDA:4,(anonymous_17)
FNDA:4,(anonymous_18)
FNDA:8,scanForIframes
FNDA:1,(anonymous_20)
FNDA:1,(anonymous_21)
FNDA:8,(anonymous_22)
FNDA:4,(anonymous_23)
FNDA:0,(anonymous_24)
FNDA:0,(anonymous_25)
FNDA:0,(anonymous_26)
FNDA:4,(anonymous_27)
FNDA:0,(anonymous_28)
FNDA:0,(anonymous_29)
FNDA:12,(anonymous_30)
FNDA:4,(anonymous_31)
FNDA:0,(anonymous_32)
FNDA:0,(anonymous_33)
DA:1,4
DA:16,4
DA:22,4
DA:24,4
DA:31,42
DA:35,14
DA:36,14
DA:37,8
DA:38,8
DA:39,7
DA:40,7
DA:41,7
DA:42,7
DA:46,8
DA:47,8
DA:48,8
DA:49,8
DA:50,8
DA:51,8
DA:52,8
DA:53,8
DA:55,8
DA:56,8
DA:61,8
DA:62,4
DA:63,4
DA:64,12
DA:65,4
DA:68,4
DA:71,8
DA:72,4
DA:73,4
DA:74,4
DA:75,4
DA:85,8
DA:86,8
DA:89,8
DA:90,0
DA:93,8
DA:95,0
DA:96,0
DA:101,8
DA:102,4
DA:103,4
DA:104,0
DA:105,0
DA:107,4
DA:108,4
DA:112,8
DA:114,4
DA:115,4
DA:116,4
DA:117,4
DA:120,8
DA:121,4
DA:128,8
DA:129,8
DA:135,4
DA:136,4
DA:137,4
DA:138,4
DA:139,4
DA:144,0
DA:146,4
DA:147,4
DA:148,4
DA:152,4
DA:154,4
DA:155,4
DA:159,8
DA:160,8
DA:163,8
DA:164,8
DA:165,8
DA:168,8
DA:169,1
DA:170,1
DA:171,1
DA:172,0
DA:176,8
DA:178,8
DA:179,8
DA:180,8
DA:181,8
DA:184,8
DA:185,4
DA:186,4
DA:187,4
DA:188,4
DA:196,8
DA:198,0
DA:199,0
DA:200,0
DA:201,0
DA:203,0
DA:204,0
DA:205,0
DA:206,0
DA:208,0
DA:209,0
DA:210,0
DA:211,0
DA:213,0
DA:214,0
DA:215,0
DA:216,0
DA:222,8
DA:223,4
DA:224,0
DA:225,0
DA:228,8
DA:230,4
DA:232,4
DA:253,0
DA:265,0
DA:281,12
DA:282,12
DA:283,4
DA:287,4
DA:288,4
DA:295,0
DA:296,0
LF:122
LH:93
BRDA:36,0,0,6
BRDA:36,0,1,8
BRDA:38,1,0,1
BRDA:38,1,1,7
BRDA:86,2,0,4
BRDA:86,2,1,4
BRDA:102,3,0,0
BRDA:102,3,1,4
BRDA:108,4,0,4
BRDA:108,4,1,0
BRDA:114,5,0,4
BRDA:114,5,1,0
BRDA:114,6,0,4
BRDA:114,6,1,4
BRDA:114,6,2,4
BRDA:116,7,0,0
BRDA:116,7,1,4
BRDA:121,8,0,4
BRDA:121,8,1,0
BRDA:135,9,0,0
BRDA:135,9,1,4
BRDA:146,10,0,0
BRDA:146,10,1,4
BRDA:146,11,0,4
BRDA:146,11,1,4
BRDA:171,12,0,1
BRDA:171,12,1,0
BRDA:172,13,0,0
BRDA:172,13,1,0
BRDA:186,14,0,4
BRDA:186,14,1,0
BRDA:198,15,0,0
BRDA:198,15,1,0
BRDA:203,16,0,0
BRDA:203,16,1,0
BRDA:208,17,0,0
BRDA:208,17,1,0
BRDA:213,18,0,0
BRDA:213,18,1,0
BRDA:216,19,0,0
BRDA:216,19,1,0
BRDA:223,20,0,4
BRDA:223,20,1,0
BRDA:225,21,0,0
BRDA:225,21,1,0
BRDA:228,22,0,4
BRDA:228,22,1,4
BRDA:274,23,0,0
BRDA:274,23,1,4
BRDA:282,24,0,8
BRDA:282,24,1,4
BRDA:293,25,0,4
BRDA:293,25,1,0
BRDA:306,26,0,4
BRDA:306,26,1,0
BRF:55
BRH:28
end_of_record
TN:
SF:src/components/CommandPalette/filter.ts
FN:10,filterAndGroup
FN:15,(anonymous_1)
FNF:2
FNH:2
FNDA:9,filterAndGroup
FNDA:20,(anonymous_1)
DA:11,9
DA:13,9
DA:16,20
DA:19,9
DA:26,9
DA:27,16
DA:28,8
DA:29,5
DA:32,9
DA:33,9
LF:10
LH:10
BRDA:13,0,0,5
BRDA:13,0,1,4
BRDA:16,1,0,20
BRDA:16,1,1,16
BRDA:27,2,0,8
BRDA:27,2,1,8
BRDA:28,3,0,3
BRDA:28,3,1,5
BRF:8
BRH:8
end_of_record
TN:
SF:src/components/CommandPalette/flatten.ts
FN:13,flattenProjectTree
FN:43,walkFolders
FNF:2
FNH:2
FNDA:19,flattenProjectTree
FNDA:11,walkFolders
DA:14,19
DA:16,19
DA:17,9
DA:26,9
DA:28,9
DA:29,1
DA:40,19
DA:50,11
DA:51,2
DA:52,2
DA:61,2
DA:63,2
DA:64,1
DA:74,2
LF:14
LH:14
BRF:0
BRH:0
end_of_record
TN:
SF:src/components/Comment/Comment.tsx
FN:66,Comment
FN:93,(anonymous_1)
FN:98,(anonymous_2)
FN:105,(anonymous_3)
FN:108,(anonymous_4)
FN:116,(anonymous_5)
FN:161,(anonymous_6)
FN:175,(anonymous_7)
FN:188,(anonymous_8)
FN:219,(anonymous_9)
FN:222,(anonymous_10)
FN:232,(anonymous_11)
FN:242,(anonymous_12)
FN:256,(anonymous_13)
FN:264,(anonymous_14)
FN:272,(anonymous_15)
FNF:16
FNH:2
FNDA:28,Comment
FNDA:0,(anonymous_1)
FNDA:0,(anonymous_2)
FNDA:0,(anonymous_3)
FNDA:0,(anonymous_4)
FNDA:0,(anonymous_5)
FNDA:0,(anonymous_6)
FNDA:0,(anonymous_7)
FNDA:0,(anonymous_8)
FNDA:0,(anonymous_9)
FNDA:0,(anonymous_10)
FNDA:0,(anonymous_11)
FNDA:0,(anonymous_12)
FNDA:2,(anonymous_13)
FNDA:0,(anonymous_14)
FNDA:0,(anonymous_15)
DA:1,4
DA:88,28
DA:91,28
DA:92,28
DA:93,28
DA:94,0
DA:95,0
DA:98,0
DA:99,0
DA:100,0
DA:101,0
DA:102,0
DA:103,0
DA:105,0
DA:108,28
DA:109,0
DA:110,0
DA:111,0
DA:112,0
DA:114,0
DA:116,28
DA:117,0
DA:118,0
DA:119,0
DA:120,0
DA:121,0
DA:122,0
DA:126,28
DA:130,28
DA:162,0
DA:163,0
DA:176,0
DA:177,0
DA:189,0
DA:190,0
DA:219,0
DA:222,0
DA:233,0
DA:234,0
DA:243,0
DA:244,0
DA:257,2
DA:266,0
DA:267,0
DA:272,0
LF:45
LH:10
BRDA:71,0,0,28
BRDA:72,1,0,28
BRDA:74,2,0,28
BRDA:75,3,0,28
BRDA:82,4,0,28
BRDA:83,5,0,28
BRDA:94,6,0,0
BRDA:94,6,1,0
BRDA:100,7,0,0
BRDA:100,7,1,0
BRDA:110,8,0,0
BRDA:110,8,1,0
BRDA:110,9,0,0
BRDA:110,9,1,0
BRDA:117,10,0,0
BRDA:117,10,1,0
BRDA:120,11,0,0
BRDA:120,11,1,0
BRDA:120,12,0,0
BRDA:120,12,1,0
BRDA:126,13,0,28
BRDA:126,13,1,15
BRDA:126,14,0,28
BRDA:126,14,1,1
BRDA:131,15,0,19
BRDA:131,15,1,9
BRDA:132,16,0,13
BRDA:132,16,1,15
BRDA:142,17,0,13
BRDA:142,17,1,8
BRDA:143,18,0,1
BRDA:143,18,1,7
BRDA:143,19,0,8
BRDA:143,19,1,7
BRDA:170,20,0,1
BRDA:170,20,1,1
BRDA:213,21,0,0
BRDA:213,21,1,28
BRDA:213,22,0,28
BRDA:213,22,1,1
BRDA:255,23,0,26
BRDA:255,23,1,2
BRDA:263,24,0,1
BRDA:263,24,1,0
BRDA:272,25,0,28
BRDA:272,25,1,18
BRF:46
BRH:30
end_of_record
TN:
SF:src/components/ConfirmDialog/ConfirmDialog.tsx
FN:38,useConfirm
FN:45,(anonymous_1)
FN:46,(anonymous_2)
FN:52,(anonymous_3)
FN:55,(anonymous_4)
FN:62,(anonymous_5)
FN:77,(anonymous_6)
FN:87,(anonymous_7)
FNF:8
FNH:1
FNDA:22,useConfirm
FNDA:0,(anonymous_1)
FNDA:0,(anonymous_2)
FNDA:0,(anonymous_3)
FNDA:0,(anonymous_4)
FNDA:0,(anonymous_5)
FNDA:0,(anonymous_6)
FNDA:0,(anonymous_7)
DA:1,5
DA:39,22
DA:43,22
DA:45,22
DA:46,0
DA:47,0
DA:48,0
DA:52,22
DA:53,0
DA:54,0
DA:55,0
DA:58,22
DA:60,22
DA:63,0
DA:77,0
DA:87,0
DA:98,22
LF:17
LH:8
BRDA:63,0,0,0
BRDA:63,0,1,0
BRDA:69,1,0,22
BRDA:69,1,1,22
BRDA:70,2,0,0
BRDA:70,2,1,22
BRDA:78,3,0,22
BRDA:78,3,1,22
BRDA:84,4,0,22
BRDA:84,4,1,0
BRDA:89,5,0,22
BRDA:89,5,1,22
BRF:12
BRH:8
end_of_record
TN:
SF:src/components/ConfirmDialog/index.ts
FNF:0
FNH:0
LF:0
LH:0
BRF:0
BRH:0
end_of_record
TN:
SF:src/components/CopyButton/CopyButton.tsx
FN:59,CopyButton
FN:98,(anonymous_1)
FNF:2
FNH:2
FNDA:6,CopyButton
FNDA:1,(anonymous_1)
DA:1,3
DA:77,6
DA:79,6
DA:86,6
DA:88,6
DA:98,1
LF:6
LH:6
BRDA:65,0,0,6
BRDA:71,1,0,6
BRDA:72,2,0,6
BRDA:73,3,0,6
BRDA:77,4,0,0
BRDA:77,4,1,6
BRDA:77,5,0,6
BRDA:77,5,1,6
BRDA:77,6,0,6
BRDA:77,6,1,6
BRDA:86,7,0,1
BRDA:86,7,1,5
BRDA:86,8,0,0
BRDA:86,8,1,5
BRDA:91,9,0,0
BRDA:91,9,1,6
BRDA:92,10,0,0
BRDA:92,10,1,6
BRDA:101,11,0,6
BRDA:101,11,1,6
BRDA:104,12,0,6
BRDA:104,12,1,6
BRDA:106,13,0,6
BRDA:106,13,1,0
BRDA:106,14,0,0
BRDA:106,14,1,0
BRF:26
BRH:19
end_of_record
TN:
SF:src/components/CopyButton/index.ts
FNF:0
FNH:0
LF:0
LH:0
BRF:0
BRH:0
end_of_record
TN:
SF:src/components/CopyButton/useCopy.ts
FN:46,useCopy
FN:57,(anonymous_1)
FN:61,(anonymous_2)
FN:72,(anonymous_3)
FNF:4
FNH:2
FNDA:6,useCopy
FNDA:1,(anonymous_1)
FNDA:0,(anonymous_2)
FNDA:0,(anonymous_3)
DA:1,3
DA:52,6
DA:53,6
DA:54,6
DA:56,6
DA:58,1
DA:59,1
DA:60,1
DA:61,1
DA:62,1
DA:63,1
DA:65,1
DA:71,0
DA:72,0
DA:73,0
DA:74,0
DA:80,6
LF:17
LH:13
BRDA:46,0,0,6
BRDA:47,1,0,6
BRDA:48,2,0,6
BRDA:49,3,0,6
BRDA:50,4,0,6
BRDA:62,5,0,1
BRDA:62,5,1,0
BRDA:62,6,0,1
BRDA:62,6,1,1
BRF:9
BRH:8
end_of_record
TN:
SF:src/components/Dialog/RadixDialog.tsx
FN:45,(anonymous_0)
FN:74,(anonymous_1)
FN:106,(anonymous_2)
FN:114,(anonymous_3)
FNF:4
FNH:4
FNDA:133,(anonymous_0)
FNDA:133,(anonymous_1)
FNDA:89,(anonymous_2)
FNDA:6,(anonymous_3)
DA:1,6
DA:40,6
DA:41,6
DA:42,6
DA:43,6
DA:45,6
DA:49,133
DA:51,6
DA:74,6
DA:90,133
DA:104,6
DA:106,6
DA:110,89
DA:112,6
DA:114,6
DA:118,6
DA:120,6
DA:122,6
LF:18
LH:18
BRDA:83,0,0,133
BRDA:84,1,0,133
BRDA:85,2,0,133
BRDA:92,3,0,133
BRDA:92,3,1,95
BRF:5
BRH:5
end_of_record
TN:
SF:src/components/DraftCard/DraftCard.tsx
FN:29,statusCopy
FN:44,formatAgo
FN:54,sendLabel
FN:65,formatCount
FN:69,pinHintCopy
FN:81,discardCopy
FN:100,DraftCard
FN:104,(anonymous_7)
FN:110,(anonymous_8)
FN:131,(anonymous_9)
FN:153,(anonymous_10)
FNF:11
FNH:8
FNDA:9,statusCopy
FNDA:1,formatAgo
FNDA:9,sendLabel
FNDA:12,formatCount
FNDA:9,pinHintCopy
FNDA:6,discardCopy
FNDA:9,DraftCard
FNDA:0,(anonymous_7)
FNDA:9,(anonymous_8)
FNDA:0,(anonymous_9)
FNDA:0,(anonymous_10)
DA:1,3
DA:30,9
DA:32,6
DA:34,1
DA:36,1
DA:38,0
DA:40,1
DA:45,1
DA:46,1
DA:47,1
DA:48,0
DA:49,0
DA:50,0
DA:51,0
DA:55,9
DA:56,9
DA:57,8
DA:66,12
DA:70,9
DA:71,8
DA:72,0
DA:83,6
DA:87,6
DA:88,1
DA:90,5
DA:91,5
DA:93,0
DA:94,0
DA:96,0
DA:99,3
DA:101,9
DA:103,9
DA:104,9
DA:110,9
DA:111,9
DA:114,9
DA:115,9
DA:116,9
DA:118,9
DA:119,9
DA:120,9
DA:121,9
DA:123,9
DA:132,0
DA:133,0
DA:153,0
LF:46
LH:34
BRDA:30,0,0,6
BRDA:30,0,1,1
BRDA:30,0,2,1
BRDA:30,0,3,0
BRDA:30,0,4,1
BRDA:32,1,0,3
BRDA:32,1,1,3
BRDA:36,2,0,1
BRDA:36,2,1,0
BRDA:47,3,0,1
BRDA:47,3,1,0
BRDA:49,4,0,0
BRDA:49,4,1,0
BRDA:55,5,0,0
BRDA:55,5,1,9
BRDA:56,6,0,1
BRDA:56,6,1,8
BRDA:70,7,0,1
BRDA:70,7,1,8
BRDA:71,8,0,8
BRDA:71,8,1,0
BRDA:84,9,0,0
BRDA:84,9,1,6
BRDA:87,10,0,1
BRDA:87,10,1,5
BRDA:87,11,0,6
BRDA:87,11,1,6
BRDA:90,12,0,5
BRDA:90,12,1,0
BRDA:93,13,0,0
BRDA:93,13,1,0
BRDA:101,14,0,9
BRDA:116,15,0,9
BRDA:116,15,1,3
BRDA:119,16,0,6
BRDA:119,16,1,3
BRDA:120,17,0,0
BRDA:120,17,1,9
BRDA:121,18,0,0
BRDA:121,18,1,9
BRDA:139,19,0,9
BRDA:139,19,1,6
BRDA:165,20,0,0
BRDA:165,20,1,9
BRDA:171,21,0,6
BRDA:171,21,1,3
BRDA:227,22,0,9
BRDA:227,22,1,5
[...]
FNF:13
FNH:11
FNDA:1,wrapHtmlAsZip
FNDA:133,buildLimits
FNDA:114,makeSlug
FNDA:114,ensureUniqueSlug
FNDA:0,renameMockup
FNDA:114,createMockupFromZip
FNDA:19,addVersion
FNDA:19,createVersionRowWithRetry
FNDA:2,addVersionFromFiles
FNDA:4,getMockup
FNDA:3,listMockups
FNDA:1,setMockupStatus
FNDA:0,deleteMockup
DA:14,18
DA:49,1
DA:50,1
DA:51,1
DA:52,1
DA:53,1
DA:54,1
DA:55,1
DA:56,1
DA:60,133
DA:68,114
DA:73,114
DA:77,114
DA:78,114
DA:79,114
DA:80,114
DA:81,114
DA:83,0
DA:93,0
DA:94,0
DA:95,0
DA:96,0
DA:97,0
DA:98,0
DA:99,0
DA:103,114
DA:104,114
DA:105,114
DA:106,114
DA:107,114
DA:108,114
DA:109,114
DA:110,114
DA:111,106
DA:112,14
DA:114,114
DA:115,114
DA:127,114
DA:137,114
DA:141,114
DA:153,114
DA:162,19
DA:163,19
DA:164,19
DA:165,19
DA:166,19
DA:167,19
DA:168,19
DA:169,19
DA:170,2
DA:184,19
DA:191,19
DA:195,19
DA:204,19
DA:207,18
DA:215,19
DA:216,19
DA:220,19
DA:221,19
DA:222,19
DA:236,0
DA:237,0
DA:242,0
DA:251,2
DA:252,2
DA:253,2
DA:255,2
DA:256,2
DA:257,2
DA:258,2
DA:259,2
DA:260,2
DA:261,2
DA:268,2
DA:269,2
DA:277,4
DA:284,3
DA:285,3
DA:291,3
DA:292,3
DA:293,0
DA:294,0
DA:296,3
DA:300,1
DA:301,1
DA:302,1
DA:314,0
DA:316,0
DA:320,0
DA:323,0
DA:326,0
DA:327,0
DA:328,0
DA:332,0
DA:333,0
DA:335,0
DA:336,0
LF:97
LH:73
BRDA:73,0,0,114
BRDA:73,0,1,0
BRDA:79,1,0,114
BRDA:79,1,1,0
BRDA:81,2,0,114
BRDA:81,2,1,0
BRDA:81,3,0,114
BRDA:81,3,1,0
BRDA:94,4,0,0
BRDA:94,4,1,0
BRDA:96,5,0,0
BRDA:96,5,1,0
BRDA:98,6,0,0
BRDA:98,6,1,0
BRDA:110,7,0,114
BRDA:110,7,1,106
BRDA:111,8,0,14
BRDA:111,8,1,92
BRDA:114,9,0,114
BRDA:114,9,1,105
BRDA:121,10,0,114
BRDA:121,10,1,112
BRDA:122,11,0,114
BRDA:122,11,1,112
BRDA:148,12,0,114
BRDA:148,12,1,112
BRDA:149,13,0,114
BRDA:149,13,1,112
BRDA:168,14,0,19
BRDA:168,14,1,19
BRDA:169,15,0,2
BRDA:169,15,1,17
BRDA:220,16,0,19
BRDA:220,16,1,0
BRDA:237,17,0,0
BRDA:237,17,1,0
BRDA:284,18,0,3
BRDA:284,18,1,2
BRDA:289,19,0,0
BRDA:289,19,1,3
BRDA:292,20,0,0
BRDA:292,20,1,3
BRDA:294,21,0,0
BRDA:294,21,1,0
BRDA:320,22,0,0
BRDA:320,22,1,0
BRDA:328,23,0,0
BRDA:328,23,1,0
BRDA:333,24,0,0
BRDA:333,24,1,0
BRF:50
BRH:27
end_of_record
TN:
SF:src/lib/mockup/storage.ts
FN:7,(anonymous_0)
FN:9,(anonymous_1)
FN:12,(anonymous_2)
FN:15,(anonymous_3)
FN:18,(anonymous_4)
FN:21,(anonymous_5)
FN:24,resolveServePath
FNF:7
FNH:7
FNDA:323,(anonymous_0)
FNDA:280,(anonymous_1)
FNDA:140,(anonymous_2)
FNDA:136,(anonymous_3)
FNDA:21,(anonymous_4)
FNDA:21,(anonymous_5)
FNDA:9,resolveServePath
DA:5,19
DA:7,323
DA:9,19
DA:10,280
DA:12,19
DA:13,140
DA:15,19
DA:16,136
DA:18,19
DA:19,21
DA:21,19
DA:22,21
DA:25,9
DA:26,9
DA:27,9
DA:28,3
DA:30,6
LF:17
LH:17
BRDA:27,0,0,3
BRDA:27,0,1,6
BRDA:27,1,0,9
BRDA:27,1,1,9
BRF:4
BRH:4
end_of_record
TN:
SF:src/lib/mockup/thumbnail-generator.ts
FN:6,generateThumbnailFromBuildDir
FNF:1
FNH:1
FNDA:117,generateThumbnailFromBuildDir
DA:7,117
DA:8,117
DA:10,117
DA:11,117
DA:12,117
DA:16,0
DA:17,0
DA:18,0
DA:19,0
DA:20,0
DA:21,0
DA:22,0
DA:24,0
DA:27,117
LF:14
LH:6
BRDA:8,0,0,0
BRDA:8,0,1,117
BRF:2
BRH:1
end_of_record
TN:
SF:src/lib/mockup/url.ts
FN:16,pathForMockup
FNF:1
FNH:1
FNDA:4,pathForMockup
DA:17,4
DA:25,4
DA:26,0
DA:27,4
LF:4
LH:3
BRDA:25,0,0,4
BRDA:25,0,1,0
BRDA:26,1,0,0
BRDA:26,1,1,0
BRF:4
BRH:1
end_of_record
TN:
SF:src/lib/mockup/version-service.ts
FN:15,http
FN:21,promoteVersion
FN:28,deleteVersion
FNF:3
FNH:3
FNDA:3,http
FNDA:2,promoteVersion
FNDA:6,deleteVersion
DA:9,2
DA:16,3
DA:17,3
DA:18,3
DA:22,2
DA:23,2
DA:24,2
DA:25,2
DA:29,6
DA:30,6
DA:31,6
DA:32,2
DA:34,4
DA:35,4
DA:37,3
DA:38,3
DA:39,3
DA:40,3
LF:18
LH:18
BRDA:23,0,0,0
BRDA:23,0,1,2
BRDA:23,1,0,2
BRDA:23,1,1,2
BRDA:30,2,0,0
BRDA:30,2,1,6
BRDA:31,3,0,2
BRDA:31,3,1,4
BRDA:31,4,0,6
BRDA:31,4,1,6
BRDA:35,5,0,1
BRDA:35,5,1,3
BRDA:35,6,0,4
BRDA:35,6,1,3
BRDA:39,7,0,3
BRDA:39,7,1,0
BRF:16
BRH:13
end_of_record
TN:
SF:src/lib/mockup/viewer-payload.ts
FN:13,parseAnchors
FN:22,asStatus
FN:26,formatTimestamp
FN:27,(anonymous_3)
FN:36,colorForUser
FN:62,buildViewerPayload
FN:98,(anonymous_6)
FN:103,(anonymous_7)
FN:110,(anonymous_8)
FN:111,(anonymous_9)
FN:113,(anonymous_10)
FN:127,(anonymous_11)
FN:150,(anonymous_12)
FNF:13
FNH:13
FNDA:23,parseAnchors
FNDA:23,asStatus
FNDA:78,formatTimestamp
FNDA:312,(anonymous_3)
FNDA:78,colorForUser
FNDA:34,buildViewerPayload
FNDA:54,(anonymous_6)
FNDA:81,(anonymous_7)
FNDA:24,(anonymous_8)
FNDA:23,(anonymous_9)
FNDA:25,(anonymous_10)
FNDA:2,(anonymous_11)
FNDA:30,(anonymous_12)
DA:11,2
DA:14,23
DA:15,23
DA:16,23
DA:18,1
DA:23,23
DA:27,312
DA:28,78
DA:29,78
DA:30,78
DA:31,78
DA:32,78
DA:33,78
DA:37,78
DA:38,700
DA:39,78
DA:66,34
DA:86,34
DA:88,30
DA:89,30
DA:90,30
DA:91,24
DA:92,24
DA:93,25
DA:94,25
DA:97,30
DA:98,54
DA:103,81
DA:105,30
DA:106,34
DA:107,34
DA:109,34
DA:110,24
DA:112,23
DA:113,23
DA:114,25
DA:115,25
DA:116,3
DA:117,3
DA:118,3
DA:120,25
DA:127,2
DA:133,23
DA:134,23
DA:135,23
DA:150,34
DA:151,30
DA:152,30
DA:153,30
DA:163,34
LF:50
LH:50
BRDA:16,0,0,21
BRDA:16,0,1,1
BRDA:23,1,0,2
BRDA:23,1,1,21
BRDA:23,2,0,23
BRDA:23,2,1,22
BRDA:86,3,0,4
BRDA:86,3,1,30
BRDA:92,4,0,24
BRDA:92,4,1,1
BRDA:103,5,0,81
BRDA:103,5,1,26
BRDA:105,6,0,29
BRDA:105,6,1,1
BRDA:110,7,0,24
BRDA:110,7,1,23
BRDA:116,8,0,3
BRDA:116,8,1,2
BRDA:156,9,0,30
BRDA:156,9,1,0
BRF:20
BRH:19
end_of_record
TN:
SF:src/lib/mockup/zip-extractor.ts
FN:14,listEntries
FN:15,(anonymous_1)
FN:16,(anonymous_2)
FN:19,(anonymous_3)
FN:29,(anonymous_4)
FN:36,readEntryBuffer
FN:37,(anonymous_6)
FN:38,(anonymous_7)
FN:41,(anonymous_8)
FN:42,(anonymous_9)
FN:48,extractZip
FN:56,(anonymous_11)
FN:57,(anonymous_12)
FN:63,(anonymous_13)
FN:86,(anonymous_14)
FNF:15
FNH:15
FNDA:135,listEntries
FNDA:135,(anonymous_1)
FNDA:135,(anonymous_2)
FNDA:249,(anonymous_3)
FNDA:135,(anonymous_4)
FNDA:249,readEntryBuffer
FNDA:249,(anonymous_6)
FNDA:249,(anonymous_7)
FNDA:599,(anonymous_8)
FNDA:249,(anonymous_9)
FNDA:135,extractZip
FNDA:135,(anonymous_11)
FNDA:135,(anonymous_12)
FNDA:249,(anonymous_13)
FNDA:135,(anonymous_14)
DA:15,135
DA:16,135
DA:17,135
DA:18,135
DA:19,135
DA:20,249
DA:21,249
DA:22,249
DA:27,249
DA:29,135
DA:30,135
DA:31,135
DA:37,249
DA:38,249
DA:39,249
DA:40,249
DA:41,599
DA:42,249
DA:43,249
DA:53,135
DA:54,135
DA:56,135
DA:57,135
DA:58,135
DA:59,135
DA:61,135
DA:63,135
DA:64,249
DA:65,249
DA:66,249
DA:67,249
DA:68,249
DA:70,249
DA:71,249
DA:72,0
DA:73,0
DA:75,249
DA:76,249
DA:77,249
DA:78,249
DA:79,249
DA:80,249
DA:82,0
DA:83,0
DA:86,135
DA:87,135
DA:89,135
DA:90,135
LF:48
LH:44
BRDA:17,0,0,0
BRDA:17,0,1,135
BRDA:17,1,0,135
BRDA:17,1,1,135
BRDA:17,2,0,0
BRDA:17,2,1,0
BRDA:39,3,0,0
BRDA:39,3,1,249
BRDA:39,4,0,249
BRDA:39,4,1,249
BRDA:39,5,0,0
BRDA:39,5,1,0
BRDA:58,6,0,0
BRDA:58,6,1,135
BRDA:58,7,0,135
BRDA:58,7,1,135
BRDA:58,8,0,0
BRDA:58,8,1,0
BRDA:65,9,0,0
BRDA:65,9,1,249
BRDA:68,10,0,0
BRDA:68,10,1,249
BRDA:71,11,0,0
BRDA:71,11,1,249
BRDA:71,12,0,249
BRDA:71,12,1,249
BRDA:79,13,0,9
BRDA:79,13,1,240
BRF:28
BRH:16
end_of_record
TN:
SF:src/lib/mockup/zip-validator.ts
FN:39,validateEntries
FNF:1
FNH:1
FNDA:143,validateEntries
DA:5,20
DA:40,143
DA:41,1
DA:43,142
DA:44,142
DA:45,142
DA:46,261
DA:47,260
DA:48,1
DA:50,259
DA:51,259
DA:52,1
DA:54,258
DA:55,258
DA:56,258
DA:57,1
DA:59,257
DA:60,1
DA:62,256
DA:63,256
DA:64,256
DA:66,137
LF:22
LH:22
BRDA:40,0,0,1
BRDA:40,0,1,142
BRDA:46,1,0,1
BRDA:46,1,1,260
BRDA:47,2,0,1
BRDA:47,2,1,259
BRDA:47,3,0,260
BRDA:47,3,1,259
BRDA:51,4,0,1
BRDA:51,4,1,258
BRDA:51,5,0,259
BRDA:51,5,1,258
BRDA:51,5,2,258
BRDA:54,6,0,0
BRDA:54,6,1,258
BRDA:56,7,0,1
BRDA:56,7,1,257
BRDA:59,8,0,1
BRDA:59,8,1,256
BRDA:63,9,0,0
BRDA:63,9,1,256
BRDA:64,10,0,140
BRDA:64,10,1,116
BRDA:66,11,0,1
BRDA:66,11,1,136
BRF:25
BRH:23
end_of_record
TN:
SF:src/lib/popover/position.ts
FN:15,positionPopover
FNF:1
FNH:0
FNDA:0,positionPopover
DA:21,0
DA:22,0
DA:24,0
DA:26,0
DA:27,0
DA:28,0
DA:29,0
DA:31,0
DA:35,0
DA:36,0
DA:39,0
DA:40,0
DA:41,0
DA:43,0
DA:45,0
DA:46,0
LF:16
LH:0
BRDA:18,0,0,0
BRDA:19,1,0,0
BRDA:26,2,0,0
BRDA:26,2,1,0
BRDA:28,3,0,0
BRDA:28,3,1,0
BRDA:35,4,0,0
BRDA:35,4,1,0
BRDA:43,5,0,0
BRDA:43,5,1,0
BRF:10
BRH:0
end_of_record
TN:
SF:src/lib/popover/usePopover.ts
FN:53,usePopover
FN:61,(anonymous_1)
FN:64,(anonymous_2)
FN:70,(anonymous_3)
FN:76,(anonymous_4)
FN:79,(anonymous_5)
FNF:6
FNH:4
FNDA:138,usePopover
FNDA:58,(anonymous_1)
FNDA:0,(anonymous_2)
FNDA:0,(anonymous_3)
FNDA:58,(anonymous_4)
FNDA:4,(anonymous_5)
DA:1,14
DA:57,138
DA:58,138
DA:59,138
DA:61,138
DA:62,58
DA:63,58
DA:64,58
DA:65,0
DA:66,0
DA:70,0
DA:71,0
DA:75,58
DA:76,58
DA:79,138
DA:80,4
DA:81,4
DA:82,0
DA:86,138
LF:19
LH:14
BRDA:56,0,0,138
BRDA:63,1,0,0
BRDA:63,1,1,58
BRDA:66,2,0,0
BRDA:66,2,1,0
BRDA:66,3,0,0
BRDA:66,3,1,0
BRDA:71,4,0,0
BRDA:71,4,1,0
BRDA:81,5,0,0
BRDA:81,5,1,4
BRDA:81,6,0,4
BRDA:81,6,1,4
BRDA:81,6,2,0
BRF:14
BRH:5
end_of_record
TN:
SF:src/lib/project/constants.ts
FNF:0
FNH:0
DA:1,12
DA:3,12
LF:2
LH:2
BRF:0
BRH:0
end_of_record
TN:
SF:src/lib/project/path-resolver.ts
FN:35,resolveProjectPath
FN:86,buildFolderNamePath
FNF:2
FNH:2
FNDA:10,resolveProjectPath
FNDA:4,buildFolderNamePath
DA:39,10
DA:41,9
DA:42,9
DA:43,9
DA:44,13
DA:45,13
DA:49,13
DA:53,13
DA:54,8
DA:55,8
DA:56,8
DA:57,4
DA:59,4
DA:63,5
DA:64,4
DA:68,4
DA:69,2
DA:80,3
DA:82,0
DA:87,4
DA:88,4
DA:89,4
DA:90,4
DA:91,8
DA:92,7
DA:94,7
DA:98,7
DA:99,6
DA:100,6
DA:102,4
LF:30
LH:29
BRDA:39,0,0,1
BRDA:39,0,1,9
BRDA:53,1,0,8
BRDA:53,1,1,5
BRDA:56,2,0,4
BRDA:56,2,1,4
BRDA:63,3,0,4
BRDA:63,3,1,1
BRDA:68,4,0,2
BRDA:68,4,1,2
BRDA:91,5,0,1
BRDA:91,5,1,7
BRDA:98,6,0,1
BRDA:98,6,1,6
BRF:14
BRH:14
end_of_record
TN:
SF:src/lib/project/routes.ts
FN:25,projectsHref
FN:29,projectHref
FN:34,folderHref
FN:36,(anonymous_3)
FN:41,mockupSlugHref
FN:46,(anonymous_5)
FN:51,projectDisplayName
FNF:7
FNH:7
FNDA:1,projectsHref
FNDA:39,projectHref
FNDA:14,folderHref
FNDA:18,(anonymous_3)
FNDA:44,mockupSlugHref
FNDA:10,(anonymous_5)
FNDA:14,projectDisplayName
DA:26,1
DA:30,39
DA:35,14
DA:36,18
DA:37,13
DA:46,44
DA:47,44
DA:48,44
DA:52,14
LF:9
LH:9
BRDA:35,0,0,1
BRDA:35,0,1,13
BRDA:47,1,0,7
BRDA:47,1,1,37
BRDA:52,2,0,2
BRDA:52,2,1,12
BRF:6
BRH:6
end_of_record
TN:
SF:src/lib/project/service.ts
FN:17,makeSlug
FN:26,ensureUniqueProjectSlug
FN:39,listProjects
FN:59,(anonymous_3)
FN:66,createProject
FN:91,getProject
FN:95,updateProject
FN:115,deleteProject
FN:127,getFolderDepth
FN:145,getSubtreeMaxDepth
FN:163,createFolder
FN:222,getFolder
FN:232,updateFolder
FN:256,deleteFolder
FN:300,getProjectTree
FN:348,buildFolder
FN:358,(anonymous_16)
FN:366,(anonymous_17)
FN:388,isDescendantOf
FN:405,moveFolder
FN:445,(anonymous_20)
FN:455,moveMockup
FN:499,reorderProjects
FN:504,(anonymous_23)
FN:505,(anonymous_24)
FN:508,(anonymous_25)
FNF:26
FNH:26
FNDA:27,makeSlug
FNDA:27,ensureUniqueProjectSlug
FNDA:11,listProjects
FNDA:21,(anonymous_3)
FNDA:26,createProject
FNDA:2,getProject
FNDA:1,updateProject
FNDA:4,deleteProject
FNDA:7,getFolderDepth
FNDA:1,getSubtreeMaxDepth
FNDA:19,createFolder
FNDA:1,getFolder
FNDA:1,updateFolder
FNDA:2,deleteFolder
FNDA:10,getProjectTree
FNDA:2,buildFolder
FNDA:1,(anonymous_16)
FNDA:1,(anonymous_17)
FNDA:2,isDescendantOf
FNDA:2,moveFolder
FNDA:1,(anonymous_20)
FNDA:1,moveMockup
FNDA:1,reorderProjects
FNDA:3,(anonymous_23)
FNDA:3,(anonymous_24)
FNDA:3,(anonymous_25)
DA:9,5
DA:18,27
DA:23,27
DA:27,27
DA:28,27
DA:29,27
DA:30,27
DA:32,0
DA:40,11
DA:59,21
DA:72,26
DA:73,26
DA:76,26
DA:77,26
DA:87,26
DA:88,26
DA:92,2
DA:96,1
DA:97,1
DA:101,1
DA:102,1
DA:103,1
DA:111,1
DA:112,1
DA:116,4
DA:117,4
DA:118,4
DA:119,4
DA:120,4
DA:128,7
DA:129,7
DA:130,7
DA:131,7
DA:132,13
DA:133,13
DA:134,13
DA:138,13
DA:139,13
DA:140,13
DA:142,7
DA:146,1
DA:147,1
DA:148,1
DA:152,1
DA:153,0
DA:154,0
DA:156,1
DA:170,19
DA:173,19
DA:175,19
DA:176,6
DA:179,6
DA:180,0
DA:182,6
DA:183,6
DA:184,1
DA:190,18
DA:197,18
DA:199,17
DA:206,17
DA:208,19
DA:218,17
DA:219,17
DA:223,1
DA:233,1
DA:234,1
DA:236,1
DA:237,1
DA:245,1
DA:248,1
DA:252,1
DA:253,1
DA:257,2
DA:258,2
DA:259,2
DA:260,2
DA:261,2
DA:301,10
DA:304,10
DA:306,10
DA:319,10
DA:334,10
DA:335,10
DA:336,2
DA:337,2
DA:338,2
DA:341,10
DA:342,10
DA:343,2
DA:344,2
DA:345,2
DA:349,2
DA:350,2
DA:351,2
DA:358,1
DA:365,10
DA:366,10
DA:371,10
DA:389,2
DA:390,2
DA:391,2
DA:392,3
DA:393,2
DA:394,2
DA:395,2
DA:399,2
DA:400,2
DA:402,1
DA:410,2
DA:413,2
DA:415,2
DA:416,2
DA:417,0
DA:419,2
DA:422,2
DA:423,0
DA:425,2
DA:426,1
DA:428,1
DA:429,1
DA:430,1
DA:431,0
DA:435,1
DA:443,1
DA:445,1
DA:446,1
DA:451,1
DA:452,1
DA:461,1
DA:464,1
DA:466,1
DA:469,1
DA:471,1
DA:472,1
DA:475,1
DA:476,0
DA:480,1
DA:488,1
DA:496,1
DA:500,1
DA:504,3
DA:505,3
DA:506,1
DA:508,1
DA:509,3
DA:514,1
DA:515,1
DA:516,1
LF:148
LH:140
BRDA:23,0,0,27
BRDA:23,0,1,0
BRDA:29,1,0,27
BRDA:29,1,1,0
BRDA:30,2,0,27
BRDA:30,2,1,0
BRDA:76,3,0,26
BRDA:76,3,1,0
BRDA:82,4,0,26
BRDA:82,4,1,24
BRDA:83,5,0,26
BRDA:83,5,1,0
BRDA:84,6,0,26
BRDA:84,6,1,0
BRDA:97,7,0,0
BRDA:97,7,1,1
BRDA:101,8,0,1
BRDA:101,8,1,1
BRDA:102,9,0,1
BRDA:102,9,1,0
BRDA:108,10,0,1
BRDA:108,10,1,0
BRDA:115,11,0,4
BRDA:117,12,0,0
BRDA:117,12,1,4
BRDA:131,13,0,7
BRDA:131,13,1,13
BRDA:132,14,0,0
BRDA:132,14,1,13
BRDA:138,15,0,0
BRDA:138,15,1,13
BRDA:145,16,0,1
BRDA:146,17,0,0
BRDA:146,17,1,1
BRDA:173,18,0,0
BRDA:173,18,1,19
BRDA:175,19,0,6
BRDA:175,19,1,13
BRDA:179,20,0,0
BRDA:179,20,1,6
BRDA:179,21,0,6
BRDA:179,21,1,6
BRDA:183,22,0,1
BRDA:183,22,1,5
BRDA:193,23,0,18
BRDA:193,23,1,13
BRDA:197,24,0,1
BRDA:197,24,1,17
BRDA:202,25,0,17
BRDA:202,25,1,12
BRDA:206,26,0,17
BRDA:206,26,1,15
BRDA:211,27,0,19
BRDA:211,27,1,12
BRDA:214,28,0,19
BRDA:214,28,1,0
BRDA:215,29,0,19
BRDA:215,29,1,0
BRDA:234,30,0,0
BRDA:234,30,1,1
BRDA:236,31,0,1
BRDA:236,31,1,0
BRDA:236,32,0,1
BRDA:236,32,1,1
BRDA:245,33,0,0
BRDA:245,33,1,1
BRDA:256,34,0,2
BRDA:258,35,0,0
BRDA:258,35,1,2
BRDA:304,36,0,0
BRDA:304,36,1,10
BRDA:337,37,0,2
BRDA:337,37,1,0
BRDA:344,38,0,2
BRDA:344,38,1,0
BRDA:349,39,0,2
BRDA:349,39,1,1
BRDA:350,40,0,2
BRDA:350,40,1,1
BRDA:365,41,0,10
BRDA:365,41,1,9
BRDA:366,42,0,10
BRDA:366,42,1,9
BRDA:392,43,0,1
BRDA:392,43,1,2
BRDA:393,44,0,0
BRDA:393,44,1,2
BRDA:399,45,0,0
BRDA:399,45,1,2
BRDA:413,46,0,0
BRDA:413,46,1,2
BRDA:415,47,0,2
BRDA:415,47,1,0
BRDA:416,48,0,0
BRDA:416,48,1,2
BRDA:422,49,0,0
BRDA:422,49,1,2
BRDA:422,50,0,2
BRDA:422,50,1,2
BRDA:425,51,0,1
BRDA:425,51,1,1
BRDA:430,52,0,0
BRDA:430,52,1,1
BRDA:443,53,0,0
BRDA:443,53,1,1
BRDA:464,54,0,0
BRDA:464,54,1,1
BRDA:469,55,0,0
BRDA:469,55,1,1
BRDA:471,56,0,1
BRDA:471,56,1,0
BRDA:475,57,0,0
BRDA:475,57,1,1
BRDA:475,58,0,1
BRDA:475,58,1,1
BRDA:506,59,0,0
BRDA:506,59,1,1
BRF:117
BRH:80
end_of_record
TN:
SF:src/lib/region/crop.ts
FN:13,cropRegion
FNF:1
FNH:1
FNDA:6,cropRegion
DA:14,6
DA:15,6
DA:16,6
DA:17,6
DA:18,6
DA:19,6
DA:20,6
DA:21,6
DA:22,6
DA:23,6
DA:24,6
LF:11
LH:11
BRDA:14,0,0,6
BRDA:14,0,1,0
BRDA:16,1,0,6
BRDA:16,1,1,0
BRDA:17,2,0,6
BRDA:17,2,1,0
BRF:6
BRH:3
end_of_record
TN:
SF:src/lib/search/service.ts
FN:25,sanitize
FN:31,search
FN:41,(anonymous_2)
FNF:3
FNH:3
FNDA:13,sanitize
FNDA:13,search
FNDA:9,(anonymous_2)
DA:28,13
DA:32,13
DA:33,13
DA:41,13
LF:4
LH:4
BRDA:31,0,0,13
BRF:1
BRH:1
end_of_record
TN:
SF:src/lib/shortcuts/platform.ts
FN:20,(anonymous_0)
FN:40,useIsMac
FN:42,(anonymous_2)
FN:55,useIsMacSettled
FN:60,(anonymous_4)
FN:72,(anonymous_5)
FN:87,formatShortcut
FNF:7
FNH:7
FNDA:35,(anonymous_0)
FNDA:38,useIsMac
FNDA:15,(anonymous_2)
FNDA:52,useIsMacSettled
FNDA:14,(anonymous_4)
FNDA:4,(anonymous_5)
FNDA:31,formatShortcut
DA:20,18
DA:21,35
DA:22,35
DA:24,35
DA:25,35
DA:41,38
DA:42,38
DA:43,15
DA:45,38
DA:56,52
DA:60,52
DA:61,14
DA:63,52
DA:72,18
DA:73,4
DA:88,31
DA:89,31
DA:90,54
DA:91,31
DA:92,31
DA:94,31
LF:21
LH:21
BRDA:21,0,0,0
BRDA:21,0,1,35
BRDA:22,1,0,35
BRDA:22,1,1,0
BRDA:24,2,0,35
BRDA:24,2,1,0
BRDA:25,3,0,35
BRDA:25,3,1,29
BRDA:73,4,0,2
BRDA:73,4,1,2
BRDA:73,5,0,2
BRDA:73,5,1,1
BRDA:73,6,0,2
BRDA:73,6,1,1
BRDA:88,7,0,1
BRDA:88,7,1,30
BRDA:90,8,0,23
BRDA:90,8,1,31
BRDA:91,9,0,0
BRDA:91,9,1,31
BRDA:91,10,0,0
BRDA:91,10,1,0
BRDA:92,11,0,31
BRDA:92,11,1,0
BRDA:94,12,0,1
BRDA:94,12,1,30
BRF:26
BRH:19
end_of_record
TN:
SF:src/lib/thread/service.ts
FN:15,appendMessage
FN:35,setThreadStatus
FN:56,getThread
FNF:3
FNH:2
FNDA:1,appendMessage
FNDA:2,setThreadStatus
FNDA:0,getThread
DA:6,1
DA:16,1
DA:24,1
DA:32,1
DA:40,2
DA:44,2
DA:52,2
DA:53,2
DA:57,0
LF:9
LH:8
BRF:0
BRH:0
end_of_record
TN:
SF:src/lib/thread/status-handler.ts
FN:10,handleThreadStatusChange
FNF:1
FNH:1
FNDA:2,handleThreadStatusChange
DA:15,2
DA:16,2
DA:17,2
DA:18,2
DA:20,2
DA:24,2
DA:26,2
DA:27,2
DA:33,0
DA:37,2
DA:38,2
DA:39,2
LF:12
LH:11
BRDA:16,0,0,0
BRDA:16,0,1,2
BRDA:24,1,0,0
BRDA:24,1,1,2
BRDA:37,2,0,0
BRDA:37,2,1,2
BRF:6
BRH:3
end_of_record
TN:
SF:src/lib/tldraw/snapshot-screenshot.ts
FN:21,isImageScreenshotAsset
FN:32,getStore
FN:44,stripScreenshotBase64
FN:58,rehydrateScreenshotBase64
FNF:4
FNH:4
FNDA:16,isImageScreenshotAsset
FNDA:26,getStore
FNDA:23,stripScreenshotBase64
FNDA:3,rehydrateScreenshotBase64
DA:8,8
DA:22,16
DA:23,16
DA:24,16
DA:33,26
DA:34,26
DA:35,26
DA:36,19
DA:38,7
DA:39,1
DA:41,6
DA:45,23
DA:46,23
DA:47,23
DA:48,17
DA:49,16
DA:50,5
DA:51,5
DA:52,5
DA:55,17
DA:59,3
DA:60,3
DA:61,3
DA:62,3
DA:63,9
DA:64,9
DA:65,9
DA:66,6
DA:67,6
DA:68,6
DA:69,2
DA:70,2
DA:73,3
LF:33
LH:33
BRDA:22,0,0,0
BRDA:22,0,1,16
BRDA:22,1,0,16
BRDA:22,1,1,16
BRDA:25,2,0,16
BRDA:25,2,1,10
BRDA:25,2,2,10
BRDA:25,2,3,10
BRDA:33,3,0,0
BRDA:33,3,1,26
BRDA:33,4,0,26
BRDA:33,4,1,26
BRDA:35,5,0,19
BRDA:35,5,1,7
BRDA:35,6,0,26
BRDA:35,6,1,19
BRDA:38,7,0,1
BRDA:38,7,1,6
BRDA:38,8,0,7
BRDA:38,8,1,1
BRDA:47,9,0,6
BRDA:47,9,1,17
BRDA:49,10,0,5
BRDA:49,10,1,11
BRDA:51,11,0,5
BRDA:51,11,1,0
BRDA:61,12,0,0
BRDA:61,12,1,3
BRDA:63,13,0,0
BRDA:63,13,1,9
BRDA:63,14,0,9
BRDA:63,14,1,9
BRDA:65,15,0,3
BRDA:65,15,1,6
BRDA:65,16,0,9
BRDA:65,16,1,6
BRDA:68,17,0,2
BRDA:68,17,1,4
BRDA:68,18,0,6
BRDA:68,18,1,5
BRF:40
BRH:35
end_of_record
TN:
SF:src/lib/upload/constants.ts
FNF:0
FNH:0
DA:17,7
DA:19,7
DA:20,7
LF:3
LH:3
BRF:0
BRH:0
end_of_record
TN:
SF:src/lib/upload/rejection-message.ts
FN:18,rejectionMessage
FNF:1
FNH:1
FNDA:7,rejectionMessage
DA:19,7
DA:21,2
DA:23,3
DA:25,2
DA:27,0
LF:5
LH:4
BRDA:19,0,0,2
BRDA:19,0,1,3
BRDA:19,0,2,2
BRDA:19,0,3,0
BRF:4
BRH:3
end_of_record
TN:
SF:src/lib/upload/resolve-target.ts
FN:23,resolveTargetFromPath
FN:47,(anonymous_1)
FN:48,(anonymous_2)
FNF:3
FNH:0
FNDA:0,resolveTargetFromPath
FNDA:0,(anonymous_1)
FNDA:0,(anonymous_2)
DA:24,0
DA:26,0
DA:27,0
DA:35,0
DA:36,0
DA:38,0
DA:39,0
DA:44,0
DA:47,0
DA:48,0
DA:51,0
LF:11
LH:0
BRDA:24,0,0,0
BRDA:24,0,1,0
BRDA:26,1,0,0
BRDA:26,1,1,0
BRDA:26,2,0,0
BRDA:26,2,1,0
BRDA:36,3,0,0
BRDA:36,3,1,0
BRDA:39,4,0,0
BRDA:39,4,1,0
BRDA:44,5,0,0
BRDA:44,5,1,0
BRF:12
BRH:0
end_of_record
TN:
SF:src/lib/upload/validate-file.ts
FN:34,validateFile
FN:48,isAcceptedType
FN:52,hasAcceptedExtension
FN:54,(anonymous_3)
FN:57,hasAcceptedMime
FNF:5
FNH:5
FNDA:24,validateFile
FNDA:17,isAcceptedType
FNDA:17,hasAcceptedExtension
FNDA:25,(anonymous_3)
FNDA:7,hasAcceptedMime
DA:35,24
DA:36,24
DA:37,21
DA:40,17
DA:42,24
DA:43,11
DA:45,8
DA:49,17
DA:53,17
DA:54,25
DA:58,7
DA:59,7
DA:60,7
LF:13
LH:13
BRDA:36,0,0,3
BRDA:36,0,1,21
BRDA:37,1,0,4
BRDA:37,1,1,17
BRDA:40,2,0,0
BRDA:40,2,1,17
BRDA:42,3,0,6
BRDA:42,3,1,18
BRDA:43,4,0,3
BRDA:43,4,1,8
BRDA:49,5,0,17
BRDA:49,5,1,7
BRDA:58,6,0,0
BRDA:58,6,1,7
BRF:14
BRH:12
end_of_record
TN:
SF:src/lib/url/append-query.ts
FN:7,appendQuery
FN:22,setQuery
FN:32,(anonymous_2)
FNF:3
FNH:3
FNDA:6,appendQuery
FNDA:11,setQuery
FNDA:15,(anonymous_2)
DA:8,6
DA:9,6
DA:10,6
DA:11,6
DA:12,6
DA:23,11
DA:24,11
DA:25,11
DA:26,11
DA:27,11
DA:28,11
DA:29,11
DA:30,11
DA:32,15
DA:33,11
DA:34,11
LF:16
LH:16
BRDA:9,0,0,4
BRDA:9,0,1,2
BRDA:10,1,0,4
BRDA:10,1,1,2
BRDA:11,2,0,2
BRDA:11,2,1,4
BRDA:24,3,0,10
BRDA:24,3,1,1
BRDA:25,4,0,10
BRDA:25,4,1,1
BRDA:27,5,0,6
BRDA:27,5,1,5
BRDA:28,6,0,6
BRDA:28,6,1,5
BRDA:32,7,0,15
BRDA:32,7,1,9
BRF:16
BRH:16
end_of_record
TN:
SF:src/lib/validation/url-safe-name.ts
FN:45,validateUrlSafeName
FN:71,urlSafeNameSchema
FNF:2
FNH:2
FNDA:42,validateUrlSafeName
FNDA:20,urlSafeNameSchema
DA:12,26
DA:13,26
DA:16,26
DA:23,26
DA:25,26
DA:46,42
DA:47,9
DA:48,9
DA:52,7
DA:53,7
DA:54,2
DA:55,2
DA:72,20
LF:13
LH:13
BRDA:46,0,0,33
BRDA:46,0,1,9
BRDA:47,1,0,2
BRDA:47,1,1,7
BRDA:53,2,0,5
BRDA:53,2,1,2
BRF:6
BRH:6
end_of_record
